This is pdfTeX, Version 3.141592653-2.6-1.40.22 (MiKTeX 21.3) (preloaded format=pdflatex 2023.1.16)  26 JAN 2023 15:37
entering extended mode
**./regression_paper.tex
(regression_paper.tex
LaTeX2e <2020-10-01> patch level 4
L3 programming layer <2021-02-18>
(/home/miquelmiravet/.miktex/texmfs/install/tex/latex/revtex/revtex4-2.cls
Document Class: revtex4-2 2020/10/03 4.2e (https://journals.aps.org/revtex/ for
 documentation)
 Copyright (c) 2019 American Physical Society.
 mailto:revtex@aps.org
 Licensed under the LPPL:
http://www.ctan.org/tex-archive/macros/latex/base/lppl.txt
 Arthur Ogawa <arthur_ogawa at sbcglobal dot net>
 Based on work by David Carlisle <david at dcarlisle.demon.co.uk>
 Version (4.2d,4.2e): Modified by Mark Doyle and Phelype Oleinik
 .
ltxutil[2020/10/03 4.2e utilities package (portions licensed from W. E. Baxter 
web at superscript.com)]
LaTeX Info: Redefining \@centercr on input line 356.
Class revtex4-2 Info: Repairing broken LaTeX eqnarray on input line 406.
\eqncolsep=\skip47
Class revtex4-2 Info: Repairing hyperref-unfriendly LaTeX definition of \mpfoot
note on input line 481.
Class revtex4-2 Info: Repairing broken LateX \@sect on input line 803.
\intertabularlinepenalty=\count179
\@tbpen=\count180
\@arstrutbox@hline=\box47
Class revtex4-2 Info: Repairing broken LaTeX \@xbitor on input line 1834.
Class revtex4-2 Info: Making \typeout \long on input line 2099.
ltxfront[2020/10/03 4.2e frontmatter package (AO,DPC,MD)]
\c@affil=\count181
\c@collab=\count182
\absbox=\box48
ltxgrid[2020/10/03 4.2e page grid package (portions licensed from W. E. Baxter 
web at superscript.com)]
\c@linecount=\count183
\output@latex=\toks15
\box@size@1=\box49
\box@size@2=\box50
\@protection@box=\box51
\@topmark@saved=\toks16
\footins@saved=\box52
\footins@recovered=\box53
\column@recovered=\box54
\pagesofar=\box55
\footsofar=\box56
\pagegrid@col=\count184
Class revtex4-2 Info: Overriding \@vspace, \@vspacer, \@no@pgbk, \@newline, and
 \\  on input line 5665.
\c@part=\count185
\c@section=\count186
\c@subsection=\count187
\c@subsubsection=\count188
\c@paragraph=\count189
\c@subparagraph=\count190
\abovecaptionskip=\skip48
\belowcaptionskip=\skip49
\c@figure=\count191
\fbox@1=\box57
\c@table=\count192
\fbox@2=\box58
\c@video=\count193
\fbox@4=\box59
\@bibdataout=\write3
\widetext@top=\box60
\widetext@bot=\box61
Class revtex4-2 Info: Selecting society aps on input line 7658.
(/home/miquelmiravet/.miktex/texmfs/install/tex/latex/revtex/aps4-2.rtx
File: aps4-2 2020/10/03 4.2e (https://journals.aps.org/revtex/ for documentatio
n)
Class revtex4-2 Info: RevTeX society APS selected on input line 40.
)
Class revtex4-2 Info: Selecting journal prd on input line 7660.
Class revtex4-2 Info: APS journal PRD selected on input line 7661.


Class revtex4-2 Warning: No type size specified, using default 10.

(/home/miquelmiravet/.miktex/texmfs/install/tex/latex/revtex/aps10pt4-2.rtx
File: aps10pt4-2 2020/10/03 4.2e (https://journals.aps.org/revtex/ for document
ation)
Class revtex4-2 Info: RevTeX pointsize 10pt selected on input line 39.
)
(/home/miquelmiravet/.miktex/texmfs/install/tex/latex/textcase/textcase.sty
Package: textcase 2022/07/10 v1.03 Text only upper/lower case changing (DPC)
)
(/home/miquelmiravet/.miktex/texmfs/install/tex/latex/url/url.sty
\Urlmuskip=\muskip16
Package: url 2013/09/16  ver 3.4  Verb mode for urls, etc.
)
(/home/miquelmiravet/.miktex/texmfs/install/tex/latex/natbib/natbib.sty
Package: natbib 2010/09/13 8.31b (PWD, AO)
\bibhang=\skip50
\bibsep=\skip51
LaTeX Info: Redefining \cite on input line 694.
\c@NAT@ctr=\count194
)
Class revtex4-2 Info: Repairing natbib's \BibitemShut on input line 7665.

(/home/miquelmiravet/.miktex/texmfs/install/tex/latex/revtex/revsymb4-2.sty
Package: revsymb4-2 2020/10/03 4.2e (https://journals.aps.org/revtex/ for docum
entation)
LaTeX Info: Redefining \REV@mathfrak on input line 128.
))
(/home/miquelmiravet/.miktex/texmfs/install/tex/latex/graphics/graphicx.sty
Package: graphicx 2020/09/09 v1.2b Enhanced LaTeX Graphics (DPC,SPQR)

(/home/miquelmiravet/.miktex/texmfs/install/tex/latex/graphics/keyval.sty
Package: keyval 2014/10/28 v1.15 key=value parser (DPC)
\KV@toks@=\toks17
)
(/home/miquelmiravet/.miktex/texmfs/install/tex/latex/graphics/graphics.sty
Package: graphics 2020/08/30 v1.4c Standard LaTeX Graphics (DPC,SPQR)

(/home/miquelmiravet/.miktex/texmfs/install/tex/latex/graphics/trig.sty
Package: trig 2016/01/03 v1.10 sin cos tan (DPC)
)
(/home/miquelmiravet/.miktex/texmfs/install/tex/latex/graphics-cfg/graphics.cfg
File: graphics.cfg 2016/06/04 v1.11 sample graphics configuration
)
Package graphics Info: Driver file: pdftex.def on input line 105.
 (/home/miquelmiravet/.miktex/texmfs/install/tex/latex/graphics-def/pdftex.def
File: pdftex.def 2020/10/05 v1.2a Graphics/color driver for pdftex
))
\Gin@req@height=\dimen138
\Gin@req@width=\dimen139
) (/home/miquelmiravet/.miktex/texmfs/install/tex/latex/amsmath/amsmath.sty
Package: amsmath 2021/10/15 v2.17l AMS math features
\@mathmargin=\skip52

For additional information on amsmath, use the `?' option.
(/home/miquelmiravet/.miktex/texmfs/install/tex/latex/amsmath/amstext.sty
Package: amstext 2021/08/26 v2.01 AMS text

(/home/miquelmiravet/.miktex/texmfs/install/tex/latex/amsmath/amsgen.sty
File: amsgen.sty 1999/11/30 v2.0 generic functions
\@emptytoks=\toks18
\ex@=\dimen140
)
LaTeX Info: Redefining \text on input line 28.
)
(/home/miquelmiravet/.miktex/texmfs/install/tex/latex/amsmath/amsbsy.sty
Package: amsbsy 1999/11/29 v1.2d Bold Symbols
\pmbraise@=\dimen141
)
(/home/miquelmiravet/.miktex/texmfs/install/tex/latex/amsmath/amsopn.sty
Package: amsopn 2021/08/26 v2.02 operator names
)
\inf@bad=\count195
LaTeX Info: Redefining \frac on input line 234.
\uproot@=\count196
\leftroot@=\count197
LaTeX Info: Redefining \overline on input line 399.
\classnum@=\count198
\DOTSCASE@=\count199
LaTeX Info: Redefining \ldots on input line 496.
LaTeX Info: Redefining \dots on input line 499.
LaTeX Info: Redefining \cdots on input line 620.
\Mathstrutbox@=\box62
\strutbox@=\box63
\big@size=\dimen142
LaTeX Font Info:    Redeclaring font encoding OML on input line 743.
LaTeX Font Info:    Redeclaring font encoding OMS on input line 744.
\macc@depth=\count266
\c@MaxMatrixCols=\count267
\dotsspace@=\muskip17
\c@parentequation=\count268
\dspbrk@lvl=\count269
\tag@help=\toks19
\row@=\count270
\column@=\count271
\maxfields@=\count272
\andhelp@=\toks20
\eqnshift@=\dimen143
\alignsep@=\dimen144
\tagshift@=\dimen145
\tagwidth@=\dimen146
\totwidth@=\dimen147
\lineht@=\dimen148
\@envbody=\toks21
\multlinegap=\skip53
\multlinetaggap=\skip54
\mathdisplay@stack=\toks22
LaTeX Info: Redefining \[ on input line 2938.
LaTeX Info: Redefining \] on input line 2939.
)
(/home/miquelmiravet/.miktex/texmfs/install/tex/latex/graphics/color.sty
Package: color 2020/02/24 v1.2b Standard LaTeX Color (DPC)

(/home/miquelmiravet/.miktex/texmfs/install/tex/latex/graphics-cfg/color.cfg
File: color.cfg 2016/01/02 v1.6 sample color configuration
)
Package color Info: Driver file: pdftex.def on input line 147.
)
(/home/miquelmiravet/.miktex/texmfs/install/tex/latex/tools/dcolumn.sty
Package: dcolumn 2014/10/28 v1.06 decimal alignment package (DPC)

(/home/miquelmiravet/.miktex/texmfs/install/tex/latex/tools/array.sty
Package: array 2022/03/10 v2.5f Tabular extension package (FMi)
\col@sep=\dimen149
\ar@mcellbox=\box64
\extrarowheight=\dimen150
\NC@list=\toks23
\extratabsurround=\skip55
\backup@length=\skip56
\ar@cellbox=\box65
))
(/home/miquelmiravet/.miktex/texmfs/install/tex/latex/tensor/tensor.sty
Package: tensor 2004/12/20 v2.1 tensor indices package (PGR)
LaTeX Info: Redefining \tensor on input line 24.
\tnsr@Sps=\toks24
\tnsr@Sbs=\toks25
\tnsr@Spe=\toks26
\tnsr@Sbe=\toks27
\ncld@Mno=\toks28
)
(/home/miquelmiravet/.miktex/texmfs/install/tex/latex/tools/bm.sty
Package: bm 2022/01/05 v1.2f Bold Symbol Support (DPC/FMi)
\symboldoperators=\mathgroup4
\symboldletters=\mathgroup5
\symboldsymbols=\mathgroup6
Package bm Info: No bold for \OMX/cmex/m/n, using \pmb.
LaTeX Font Info:    Redeclaring math alphabet \mathbf on input line 149.
LaTeX Info: Redefining \bm on input line 219.
)
(/home/miquelmiravet/.miktex/texmfs/install/tex/latex/makecell/makecell.sty
Package: makecell 2009/08/03 V0.1e Managing of Tab Column Heads and Cells
\rotheadsize=\dimen151
\c@nlinenum=\count273
\TeXr@lab=\toks29
)
(/home/miquelmiravet/.miktex/texmfs/install/tex/latex/base/fontenc.sty
Package: fontenc 2020/08/10 v2.0s Standard LaTeX package
)
(/home/miquelmiravet/.miktex/texmfs/install/tex/latex/base/inputenc.sty
Package: inputenc 2020/08/01 v1.3d Input encoding file
\inpenc@prehook=\toks30
\inpenc@posthook=\toks31
)
(/home/miquelmiravet/.miktex/texmfs/install/tex/latex/microtype/microtype.sty
Package: microtype 2022/06/23 v3.0f Micro-typographical refinements (RS)

(/home/miquelmiravet/.miktex/texmfs/install/tex/latex/etoolbox/etoolbox.sty
Package: etoolbox 2020/10/05 v2.5k e-TeX tools for LaTeX (JAW)
\etb@tempcnta=\count274
)
\MT@toks=\toks32
\MT@tempbox=\box66
\MT@count=\count275
LaTeX Info: Redefining \noprotrusionifhmode on input line 1045.
LaTeX Info: Redefining \leftprotrusion on input line 1046.
LaTeX Info: Redefining \rightprotrusion on input line 1056.
LaTeX Info: Redefining \textls on input line 1234.
\MT@outer@kern=\dimen152
LaTeX Info: Redefining \textmicrotypecontext on input line 1858.
\MT@listname@count=\count276

(/home/miquelmiravet/.miktex/texmfs/install/tex/latex/microtype/microtype-pdfte
x.def
File: microtype-pdftex.def 2022/06/23 v3.0f Definitions specific to pdftex (RS)

LaTeX Info: Redefining \lsstyle on input line 900.
LaTeX Info: Redefining \lslig on input line 900.
\MT@outer@space=\skip57
)
Package microtype Info: Loading configuration file microtype.cfg.

(/home/miquelmiravet/.miktex/texmfs/install/tex/latex/microtype/microtype.cfg
File: microtype.cfg 2022/06/23 v3.0f microtype main configuration file (RS)
)) (/home/miquelmiravet/.miktex/texmfs/install/tex/latex/amsfonts/amssymb.sty
Package: amssymb 2013/01/14 v3.01 AMS font symbols

(/home/miquelmiravet/.miktex/texmfs/install/tex/latex/amsfonts/amsfonts.sty
Package: amsfonts 2013/01/14 v3.01 Basic AMSFonts support
\symAMSa=\mathgroup7
\symAMSb=\mathgroup8
LaTeX Font Info:    Redeclaring math symbol \hbar on input line 98.
LaTeX Font Info:    Overwriting math alphabet `\mathfrak' in version `bold'
(Font)                  U/euf/m/n --> U/euf/b/n on input line 106.
LaTeX Info: Redefining \frak on input line 111.
LaTeX Info: Redefining \Bbb on input line 113.
))
(/home/miquelmiravet/.miktex/texmfs/install/tex/latex/jknappen/mathrsfs.sty
Package: mathrsfs 1996/01/01 Math RSFS package v1.0 (jk)
\symrsfs=\mathgroup9
)
(/home/miquelmiravet/.miktex/texmfs/install/tex/latex/accents/accents.sty
Package: accents 2006/05/12 v1.4 Math Accent Tools
\cc@skew=\dimen153
\cc@wd=\dimen154
\cc@code=\count277
\cc@group=\count278
\cc@skewchar=\count279
)
(/home/miquelmiravet/.miktex/texmfs/install/tex/latex/ulem/ulem.sty
\UL@box=\box67
\UL@hyphenbox=\box68
\UL@skip=\skip58
\UL@hook=\toks33
\UL@height=\dimen155
\UL@pe=\count280
\UL@pixel=\dimen156
\ULC@box=\box69
Package: ulem 2019/11/18
\ULdepth=\dimen157
)
(/home/miquelmiravet/.miktex/texmfs/install/tex/latex/xcolor/xcolor.sty
Package: xcolor 2022/06/12 v2.14 LaTeX color extensions (UK)

(/home/miquelmiravet/.miktex/texmfs/install/tex/latex/graphics-cfg/color.cfg
File: color.cfg 2016/01/02 v1.6 sample color configuration
)
Package xcolor Info: Driver file: pdftex.def on input line 227.

(/home/miquelmiravet/.miktex/texmfs/install/tex/latex/colortbl/colortbl.sty
Package: colortbl 2022/06/20 v1.0f Color table columns (DPC)
\everycr=\toks34
\minrowclearance=\skip59
\rownum=\count281
)
LaTeX Info: Redefining \color on input line 711.
Package xcolor Info: Model `cmy' substituted by `cmy0' on input line 1353.
Package xcolor Info: Model `hsb' substituted by `rgb' on input line 1357.
Package xcolor Info: Model `RGB' extended on input line 1369.
Package xcolor Info: Model `HTML' substituted by `rgb' on input line 1371.
Package xcolor Info: Model `Hsb' substituted by `hsb' on input line 1372.
Package xcolor Info: Model `tHsb' substituted by `hsb' on input line 1373.
Package xcolor Info: Model `HSB' substituted by `hsb' on input line 1374.
Package xcolor Info: Model `Gray' substituted by `gray' on input line 1375.
Package xcolor Info: Model `wave' substituted by `hsb' on input line 1376.

(/home/miquelmiravet/.miktex/texmfs/install/tex/latex/graphics/dvipsnam.def
File: dvipsnam.def 2016/06/17 v3.0m Driver-dependent file (DPC,SPQR)
))
(/home/miquelmiravet/.miktex/texmfs/install/tex/latex/hyperref/hyperref.sty
Package: hyperref 2021-06-07 v7.00m Hypertext links for LaTeX

(/home/miquelmiravet/.miktex/texmfs/install/tex/generic/ltxcmds/ltxcmds.sty
Package: ltxcmds 2020-05-10 v1.25 LaTeX kernel commands for general use (HO)
)
(/home/miquelmiravet/.miktex/texmfs/install/tex/generic/iftex/iftex.sty
Package: iftex 2020/03/06 v1.0d TeX engine tests
)
(/home/miquelmiravet/.miktex/texmfs/install/tex/generic/pdftexcmds/pdftexcmds.s
ty
Package: pdftexcmds 2020-06-27 v0.33 Utility functions of pdfTeX for LuaTeX (HO
)

(/home/miquelmiravet/.miktex/texmfs/install/tex/generic/infwarerr/infwarerr.sty
Package: infwarerr 2019/12/03 v1.5 Providing info/warning/error messages (HO)
)
Package pdftexcmds Info: \pdf@primitive is available.
Package pdftexcmds Info: \pdf@ifprimitive is available.
Package pdftexcmds Info: \pdfdraftmode found.
)
(/home/miquelmiravet/.miktex/texmfs/install/tex/generic/kvsetkeys/kvsetkeys.sty
Package: kvsetkeys 2019/12/15 v1.18 Key value parser (HO)
)
(/home/miquelmiravet/.miktex/texmfs/install/tex/generic/kvdefinekeys/kvdefineke
ys.sty
Package: kvdefinekeys 2019-12-19 v1.6 Define keys (HO)
)
(/home/miquelmiravet/.miktex/texmfs/install/tex/generic/pdfescape/pdfescape.sty
Package: pdfescape 2019/12/09 v1.15 Implements pdfTeX's escape features (HO)
) (/home/miquelmiravet/.miktex/texmfs/install/tex/latex/hycolor/hycolor.sty
Package: hycolor 2020-01-27 v1.10 Color options for hyperref/bookmark (HO)
)
(/home/miquelmiravet/.miktex/texmfs/install/tex/latex/letltxmacro/letltxmacro.s
ty
Package: letltxmacro 2019/12/03 v1.6 Let assignment for LaTeX macros (HO)
) (/home/miquelmiravet/.miktex/texmfs/install/tex/latex/auxhook/auxhook.sty
Package: auxhook 2019-12-17 v1.6 Hooks for auxiliary files (HO)
)
(/home/miquelmiravet/.miktex/texmfs/install/tex/latex/kvoptions/kvoptions.sty
Package: kvoptions 2020-10-07 v3.14 Key value format for package options (HO)
)
\@linkdim=\dimen158
\Hy@linkcounter=\count282
\Hy@pagecounter=\count283

(/home/miquelmiravet/.miktex/texmfs/install/tex/latex/hyperref/pd1enc.def
File: pd1enc.def 2021-06-07 v7.00m Hyperref: PDFDocEncoding definition (HO)
Now handling font encoding PD1 ...
... no UTF-8 mapping file for font encoding PD1
)
(/home/miquelmiravet/.miktex/texmfs/install/tex/latex/hyperref/hyperref-langpat
ches.def
File: hyperref-langpatches.def 2021-06-07 v7.00m Hyperref: patches for babel la
nguages
)
(/home/miquelmiravet/.miktex/texmfs/install/tex/generic/intcalc/intcalc.sty
Package: intcalc 2019/12/15 v1.3 Expandable calculations with integers (HO)
)
(/home/miquelmiravet/.miktex/texmfs/install/tex/generic/etexcmds/etexcmds.sty
Package: etexcmds 2019/12/15 v1.7 Avoid name clashes with e-TeX commands (HO)
)
\Hy@SavedSpaceFactor=\count284

(/home/miquelmiravet/.miktex/texmfs/install/tex/latex/hyperref/puenc.def
File: puenc.def 2021-06-07 v7.00m Hyperref: PDF Unicode definition (HO)
Now handling font encoding PU ...
... no UTF-8 mapping file for font encoding PU
)
Package hyperref Info: Option `colorlinks' set `true' on input line 4073.
Package hyperref Info: Option `pdfusetitle' set `true' on input line 4073.
Package hyperref Info: Hyper figures OFF on input line 4192.
Package hyperref Info: Link nesting OFF on input line 4197.
Package hyperref Info: Hyper index ON on input line 4200.
Package hyperref Info: Plain pages OFF on input line 4207.
Package hyperref Info: Backreferencing OFF on input line 4212.
Package hyperref Info: Implicit mode ON; LaTeX internals redefined.
Package hyperref Info: Bookmarks ON on input line 4445.
LaTeX Info: Redefining \href on input line 4715.
\c@Hy@tempcnt=\count285
LaTeX Info: Redefining \url on input line 4804.
\XeTeXLinkMargin=\dimen159

(/home/miquelmiravet/.miktex/texmfs/install/tex/generic/bitset/bitset.sty
Package: bitset 2019/12/09 v1.3 Handle bit-vector datatype (HO)

(/home/miquelmiravet/.miktex/texmfs/install/tex/generic/bigintcalc/bigintcalc.s
ty
Package: bigintcalc 2019/12/15 v1.5 Expandable calculations on big integers (HO
)
))
\Fld@menulength=\count286
\Field@Width=\dimen160
\Fld@charsize=\dimen161
Package hyperref Info: Hyper figures OFF on input line 6076.
Package hyperref Info: Link nesting OFF on input line 6081.
Package hyperref Info: Hyper index ON on input line 6084.
Package hyperref Info: backreferencing OFF on input line 6091.
Package hyperref Info: Link coloring ON on input line 6094.
Package hyperref Info: Link coloring with OCG OFF on input line 6101.
Package hyperref Info: PDF/A mode OFF on input line 6106.
LaTeX Info: Redefining \ref on input line 6146.
LaTeX Info: Redefining \pageref on input line 6150.

(/home/miquelmiravet/.miktex/texmfs/install/tex/latex/base/atbegshi-ltx.sty
Package: atbegshi-ltx 2020/08/17 v1.0a Emulation of the original atbegshi packa
ge
with kernel methods
)
\Hy@abspage=\count287
\c@Item=\count288
\c@Hfootnote=\count289
)
Package hyperref Info: Driver (autodetected): hpdftex.

(/home/miquelmiravet/.miktex/texmfs/install/tex/latex/hyperref/hpdftex.def
File: hpdftex.def 2021-06-07 v7.00m Hyperref driver for pdfTeX

(/home/miquelmiravet/.miktex/texmfs/install/tex/latex/base/atveryend-ltx.sty
Package: atveryend-ltx 2020/08/19 v1.0a Emulation of the original atvery packag
e
with kernel methods
)
\Fld@listcount=\count290
\c@bookmark@seq@number=\count291

(/home/miquelmiravet/.miktex/texmfs/install/tex/latex/rerunfilecheck/rerunfilec
heck.sty
Package: rerunfilecheck 2019/12/05 v1.9 Rerun checks for auxiliary files (HO)

(/home/miquelmiravet/.miktex/texmfs/install/tex/generic/uniquecounter/uniquecou
nter.sty
Package: uniquecounter 2019/12/15 v1.4 Provide unlimited unique counter (HO)
)
Package uniquecounter Info: New unique counter `rerunfilecheck' on input line 2
86.
)
\Hy@SectionHShift=\skip60
)
(/home/miquelmiravet/.miktex/texmfs/install/tex/latex/oberdiek/hypcap.sty
Package: hypcap 2016/05/16 v1.12 Adjusting the anchors of captions (HO)
)
(/home/miquelmiravet/.miktex/texmfs/install/tex/latex/enumitem/enumitem.sty
Package: enumitem 2019/06/20 v3.9 Customized lists
\labelindent=\skip61
\enit@outerparindent=\dimen162
\enit@toks=\toks35
\enit@inbox=\box70
\enit@count@id=\count292
\enitdp@description=\count293
)
(/home/miquelmiravet/.miktex/texmfs/install/tex/latex/braket/braket.sty)
(/home/miquelmiravet/.miktex/texmfs/install/tex/latex/diagbox/diagbox.sty
Package: diagbox 2020/02/09 v2.3 Making table heads with diagonal lines

(/home/miquelmiravet/.miktex/texmfs/install/tex/latex/pict2e/pict2e.sty
Package: pict2e 2020/09/30 v0.4b Improved picture commands (HjG,RN,JT)

(/home/miquelmiravet/.miktex/texmfs/install/tex/latex/pict2e/pict2e.cfg
File: pict2e.cfg 2016/02/05 v0.1u pict2e configuration for teTeX/TeXLive
)
Package pict2e Info: Driver file: pdftex.def on input line 112.
Package pict2e Info: Driver file for pict2e: p2e-pdftex.def on input line 114.

(/home/miquelmiravet/.miktex/texmfs/install/tex/latex/pict2e/p2e-pdftex.def
File: p2e-pdftex.def 2016/02/05 v0.1u Driver-dependant file (RN,HjG,JT)
)
\pIIe@GRAPH=\toks36
\@arclen=\dimen163
\@arcrad=\dimen164
\pIIe@tempdima=\dimen165
\pIIe@tempdimb=\dimen166
\pIIe@tempdimc=\dimen167
\pIIe@tempdimd=\dimen168
\pIIe@tempdime=\dimen169
\pIIe@tempdimf=\dimen170
)
(/home/miquelmiravet/.miktex/texmfs/install/tex/latex/tools/calc.sty
Package: calc 2017/05/25 v4.3 Infix arithmetic (KKT,FJ)
\calc@Acount=\count294
\calc@Bcount=\count295
\calc@Adimen=\dimen171
\calc@Bdimen=\dimen172
\calc@Askip=\skip62
\calc@Bskip=\skip63
LaTeX Info: Redefining \setlength on input line 80.
LaTeX Info: Redefining \addtolength on input line 81.
\calc@Ccount=\count296
\calc@Cskip=\skip64
)
\diagbox@boxa=\box71
\diagbox@boxb=\box72
\diagbox@boxm=\box73
\diagbox@wd=\dimen173
\diagbox@ht=\dimen174
\diagbox@insepl=\dimen175
\diagbox@insepr=\dimen176
\diagbox@outsepl=\dimen177
\diagbox@outsepr=\dimen178
)
(/home/miquelmiravet/.miktex/texmfs/install/tex/latex/tools/hhline.sty
Package: hhline 2020/01/04 v2.04 Table rule package (DPC)
)
(/home/miquelmiravet/.miktex/texmfs/install/tex/latex/multirow/multirow.sty
Package: multirow 2021/03/15 v2.8 Span multiple rows of a table
\multirow@colwidth=\skip65
\multirow@cntb=\count297
\multirow@dima=\skip66
\bigstrutjot=\dimen179
)
(/home/miquelmiravet/.miktex/texmfs/install/tex/latex/orcidlink/orcidlink.sty
Package: orcidlink 2021/06/11 v1.0.4 Linked ORCiD logo macro package

(/home/miquelmiravet/.miktex/texmfs/install/tex/latex/pgf/frontendlayer/tikz.st
y (/home/miquelmiravet/.miktex/texmfs/install/tex/latex/pgf/basiclayer/pgf.sty
(/home/miquelmiravet/.miktex/texmfs/install/tex/latex/pgf/utilities/pgfrcs.sty
(/home/miquelmiravet/.miktex/texmfs/install/tex/generic/pgf/utilities/pgfutil-c
ommon.tex
\pgfutil@everybye=\toks37
\pgfutil@tempdima=\dimen180
\pgfutil@tempdimb=\dimen181
)
(/home/miquelmiravet/.miktex/texmfs/install/tex/generic/pgf/utilities/pgfutil-l
atex.def
\pgfutil@abb=\box74
)
(/home/miquelmiravet/.miktex/texmfs/install/tex/generic/pgf/utilities/pgfrcs.co
de.tex
(/home/miquelmiravet/.miktex/texmfs/install/tex/generic/pgf/pgf.revision.tex)
Package: pgfrcs 2023-01-15 v3.1.10 (3.1.10)
))
Package: pgf 2023-01-15 v3.1.10 (3.1.10)

(/home/miquelmiravet/.miktex/texmfs/install/tex/latex/pgf/basiclayer/pgfcore.st
y
(/home/miquelmiravet/.miktex/texmfs/install/tex/latex/pgf/systemlayer/pgfsys.st
y
(/home/miquelmiravet/.miktex/texmfs/install/tex/generic/pgf/systemlayer/pgfsys.
code.tex
Package: pgfsys 2023-01-15 v3.1.10 (3.1.10)

(/home/miquelmiravet/.miktex/texmfs/install/tex/generic/pgf/utilities/pgfkeys.c
ode.tex
\pgfkeys@pathtoks=\toks38
\pgfkeys@temptoks=\toks39

(/home/miquelmiravet/.miktex/texmfs/install/tex/generic/pgf/utilities/pgfkeysli
braryfiltered.code.tex
\pgfkeys@tmptoks=\toks40
))
\pgf@x=\dimen182
\pgf@y=\dimen183
\pgf@xa=\dimen184
\pgf@ya=\dimen185
\pgf@xb=\dimen186
\pgf@yb=\dimen187
\pgf@xc=\dimen188
\pgf@yc=\dimen189
\pgf@xd=\dimen190
\pgf@yd=\dimen191
\w@pgf@writea=\write4
\r@pgf@reada=\read2
\c@pgf@counta=\count298
\c@pgf@countb=\count299
\c@pgf@countc=\count300
\c@pgf@countd=\count301
\t@pgf@toka=\toks41
\t@pgf@tokb=\toks42
\t@pgf@tokc=\toks43
\pgf@sys@id@count=\count302

(/home/miquelmiravet/.miktex/texmfs/install/tex/generic/pgf/systemlayer/pgf.cfg
File: pgf.cfg 2023-01-15 v3.1.10 (3.1.10)
)
Driver file for pgf: pgfsys-pdftex.def

(/home/miquelmiravet/.miktex/texmfs/install/tex/generic/pgf/systemlayer/pgfsys-
pdftex.def
File: pgfsys-pdftex.def 2023-01-15 v3.1.10 (3.1.10)

(/home/miquelmiravet/.miktex/texmfs/install/tex/generic/pgf/systemlayer/pgfsys-
common-pdf.def
File: pgfsys-common-pdf.def 2023-01-15 v3.1.10 (3.1.10)
)))
(/home/miquelmiravet/.miktex/texmfs/install/tex/generic/pgf/systemlayer/pgfsyss
oftpath.code.tex
File: pgfsyssoftpath.code.tex 2023-01-15 v3.1.10 (3.1.10)
\pgfsyssoftpath@smallbuffer@items=\count303
\pgfsyssoftpath@bigbuffer@items=\count304
)
(/home/miquelmiravet/.miktex/texmfs/install/tex/generic/pgf/systemlayer/pgfsysp
rotocol.code.tex
File: pgfsysprotocol.code.tex 2023-01-15 v3.1.10 (3.1.10)
))
(/home/miquelmiravet/.miktex/texmfs/install/tex/generic/pgf/basiclayer/pgfcore.
code.tex
Package: pgfcore 2023-01-15 v3.1.10 (3.1.10)

(/home/miquelmiravet/.miktex/texmfs/install/tex/generic/pgf/math/pgfmath.code.t
ex
(/home/miquelmiravet/.miktex/texmfs/install/tex/generic/pgf/math/pgfmathutil.co
de.tex)
(/home/miquelmiravet/.miktex/texmfs/install/tex/generic/pgf/math/pgfmathparser.
code.tex
\pgfmath@dimen=\dimen192
\pgfmath@count=\count305
\pgfmath@box=\box75
\pgfmath@toks=\toks44
\pgfmath@stack@operand=\toks45
\pgfmath@stack@operation=\toks46
)
(/home/miquelmiravet/.miktex/texmfs/install/tex/generic/pgf/math/pgfmathfunctio
ns.code.tex)
(/home/miquelmiravet/.miktex/texmfs/install/tex/generic/pgf/math/pgfmathfunctio
ns.basic.code.tex)
(/home/miquelmiravet/.miktex/texmfs/install/tex/generic/pgf/math/pgfmathfunctio
ns.trigonometric.code.tex)
(/home/miquelmiravet/.miktex/texmfs/install/tex/generic/pgf/math/pgfmathfunctio
ns.random.code.tex)
(/home/miquelmiravet/.miktex/texmfs/install/tex/generic/pgf/math/pgfmathfunctio
ns.comparison.code.tex)
(/home/miquelmiravet/.miktex/texmfs/install/tex/generic/pgf/math/pgfmathfunctio
ns.base.code.tex)
(/home/miquelmiravet/.miktex/texmfs/install/tex/generic/pgf/math/pgfmathfunctio
ns.round.code.tex)
(/home/miquelmiravet/.miktex/texmfs/install/tex/generic/pgf/math/pgfmathfunctio
ns.misc.code.tex)
(/home/miquelmiravet/.miktex/texmfs/install/tex/generic/pgf/math/pgfmathfunctio
ns.integerarithmetics.code.tex)
(/home/miquelmiravet/.miktex/texmfs/install/tex/generic/pgf/math/pgfmathcalc.co
de.tex)
(/home/miquelmiravet/.miktex/texmfs/install/tex/generic/pgf/math/pgfmathfloat.c
ode.tex
\c@pgfmathroundto@lastzeros=\count306
))
(/home/miquelmiravet/.miktex/texmfs/install/tex/generic/pgf/math/pgfint.code.te
x)
(/home/miquelmiravet/.miktex/texmfs/install/tex/generic/pgf/basiclayer/pgfcorep
oints.code.tex
File: pgfcorepoints.code.tex 2023-01-15 v3.1.10 (3.1.10)
\pgf@picminx=\dimen193
\pgf@picmaxx=\dimen194
\pgf@picminy=\dimen195
\pgf@picmaxy=\dimen196
\pgf@pathminx=\dimen197
\pgf@pathmaxx=\dimen198
\pgf@pathminy=\dimen199
\pgf@pathmaxy=\dimen256
\pgf@xx=\dimen257
\pgf@xy=\dimen258
\pgf@yx=\dimen259
\pgf@yy=\dimen260
\pgf@zx=\dimen261
\pgf@zy=\dimen262
)
(/home/miquelmiravet/.miktex/texmfs/install/tex/generic/pgf/basiclayer/pgfcorep
athconstruct.code.tex
File: pgfcorepathconstruct.code.tex 2023-01-15 v3.1.10 (3.1.10)
\pgf@path@lastx=\dimen263
\pgf@path@lasty=\dimen264
)
(/home/miquelmiravet/.miktex/texmfs/install/tex/generic/pgf/basiclayer/pgfcorep
athusage.code.tex
File: pgfcorepathusage.code.tex 2023-01-15 v3.1.10 (3.1.10)
\pgf@shorten@end@additional=\dimen265
\pgf@shorten@start@additional=\dimen266
)
(/home/miquelmiravet/.miktex/texmfs/install/tex/generic/pgf/basiclayer/pgfcores
copes.code.tex
File: pgfcorescopes.code.tex 2023-01-15 v3.1.10 (3.1.10)
\pgfpic=\box76
\pgf@hbox=\box77
\pgf@layerbox@main=\box78
\pgf@picture@serial@count=\count307
)
(/home/miquelmiravet/.miktex/texmfs/install/tex/generic/pgf/basiclayer/pgfcoreg
raphicstate.code.tex
File: pgfcoregraphicstate.code.tex 2023-01-15 v3.1.10 (3.1.10)
\pgflinewidth=\dimen267
)
(/home/miquelmiravet/.miktex/texmfs/install/tex/generic/pgf/basiclayer/pgfcoret
ransformations.code.tex
File: pgfcoretransformations.code.tex 2023-01-15 v3.1.10 (3.1.10)
\pgf@pt@x=\dimen268
\pgf@pt@y=\dimen269
\pgf@pt@temp=\dimen270
)
(/home/miquelmiravet/.miktex/texmfs/install/tex/generic/pgf/basiclayer/pgfcoreq
uick.code.tex
File: pgfcorequick.code.tex 2023-01-15 v3.1.10 (3.1.10)
)
(/home/miquelmiravet/.miktex/texmfs/install/tex/generic/pgf/basiclayer/pgfcoreo
bjects.code.tex
File: pgfcoreobjects.code.tex 2023-01-15 v3.1.10 (3.1.10)
)
(/home/miquelmiravet/.miktex/texmfs/install/tex/generic/pgf/basiclayer/pgfcorep
athprocessing.code.tex
File: pgfcorepathprocessing.code.tex 2023-01-15 v3.1.10 (3.1.10)
)
(/home/miquelmiravet/.miktex/texmfs/install/tex/generic/pgf/basiclayer/pgfcorea
rrows.code.tex
File: pgfcorearrows.code.tex 2023-01-15 v3.1.10 (3.1.10)
\pgfarrowsep=\dimen271
)
(/home/miquelmiravet/.miktex/texmfs/install/tex/generic/pgf/basiclayer/pgfcores
hade.code.tex
File: pgfcoreshade.code.tex 2023-01-15 v3.1.10 (3.1.10)
\pgf@max=\dimen272
\pgf@sys@shading@range@num=\count308
\pgf@shadingcount=\count309
)
(/home/miquelmiravet/.miktex/texmfs/install/tex/generic/pgf/basiclayer/pgfcorei
mage.code.tex
File: pgfcoreimage.code.tex 2023-01-15 v3.1.10 (3.1.10)
)
(/home/miquelmiravet/.miktex/texmfs/install/tex/generic/pgf/basiclayer/pgfcoree
xternal.code.tex
File: pgfcoreexternal.code.tex 2023-01-15 v3.1.10 (3.1.10)
\pgfexternal@startupbox=\box79
)
(/home/miquelmiravet/.miktex/texmfs/install/tex/generic/pgf/basiclayer/pgfcorel
ayers.code.tex
File: pgfcorelayers.code.tex 2023-01-15 v3.1.10 (3.1.10)
)
(/home/miquelmiravet/.miktex/texmfs/install/tex/generic/pgf/basiclayer/pgfcoret
ransparency.code.tex
File: pgfcoretransparency.code.tex 2023-01-15 v3.1.10 (3.1.10)
)
(/home/miquelmiravet/.miktex/texmfs/install/tex/generic/pgf/basiclayer/pgfcorep
atterns.code.tex
File: pgfcorepatterns.code.tex 2023-01-15 v3.1.10 (3.1.10)
)
(/home/miquelmiravet/.miktex/texmfs/install/tex/generic/pgf/basiclayer/pgfcorer
df.code.tex
File: pgfcorerdf.code.tex 2023-01-15 v3.1.10 (3.1.10)
)))
(/home/miquelmiravet/.miktex/texmfs/install/tex/generic/pgf/modules/pgfmodulesh
apes.code.tex
File: pgfmoduleshapes.code.tex 2023-01-15 v3.1.10 (3.1.10)
\pgfnodeparttextbox=\box80
)
(/home/miquelmiravet/.miktex/texmfs/install/tex/generic/pgf/modules/pgfmodulepl
ot.code.tex
File: pgfmoduleplot.code.tex 2023-01-15 v3.1.10 (3.1.10)
)
(/home/miquelmiravet/.miktex/texmfs/install/tex/latex/pgf/compatibility/pgfcomp
-version-0-65.sty
Package: pgfcomp-version-0-65 2023-01-15 v3.1.10 (3.1.10)
\pgf@nodesepstart=\dimen273
\pgf@nodesepend=\dimen274
)
(/home/miquelmiravet/.miktex/texmfs/install/tex/latex/pgf/compatibility/pgfcomp
-version-1-18.sty
Package: pgfcomp-version-1-18 2023-01-15 v3.1.10 (3.1.10)
))
(/home/miquelmiravet/.miktex/texmfs/install/tex/latex/pgf/utilities/pgffor.sty
(/home/miquelmiravet/.miktex/texmfs/install/tex/latex/pgf/utilities/pgfkeys.sty

(/home/miquelmiravet/.miktex/texmfs/install/tex/generic/pgf/utilities/pgfkeys.c
ode.tex))
(/home/miquelmiravet/.miktex/texmfs/install/tex/latex/pgf/math/pgfmath.sty
(/home/miquelmiravet/.miktex/texmfs/install/tex/generic/pgf/math/pgfmath.code.t
ex))
(/home/miquelmiravet/.miktex/texmfs/install/tex/generic/pgf/utilities/pgffor.co
de.tex
Package: pgffor 2023-01-15 v3.1.10 (3.1.10)
\pgffor@iter=\dimen275
\pgffor@skip=\dimen276
\pgffor@stack=\toks47
\pgffor@toks=\toks48
))
(/home/miquelmiravet/.miktex/texmfs/install/tex/generic/pgf/frontendlayer/tikz/
tikz.code.tex
Package: tikz 2023-01-15 v3.1.10 (3.1.10)

(/home/miquelmiravet/.miktex/texmfs/install/tex/generic/pgf/libraries/pgflibrar
yplothandlers.code.tex
File: pgflibraryplothandlers.code.tex 2023-01-15 v3.1.10 (3.1.10)
\pgf@plot@mark@count=\count310
\pgfplotmarksize=\dimen277
)
\tikz@lastx=\dimen278
\tikz@lasty=\dimen279
\tikz@lastxsaved=\dimen280
\tikz@lastysaved=\dimen281
\tikz@lastmovetox=\dimen282
\tikz@lastmovetoy=\dimen283
\tikzleveldistance=\dimen284
\tikzsiblingdistance=\dimen285
\tikz@figbox=\box81
\tikz@figbox@bg=\box82
\tikz@tempbox=\box83
\tikz@tempbox@bg=\box84
\tikztreelevel=\count311
\tikznumberofchildren=\count312
\tikznumberofcurrentchild=\count313
\tikz@fig@count=\count314

(/home/miquelmiravet/.miktex/texmfs/install/tex/generic/pgf/modules/pgfmodulema
trix.code.tex
File: pgfmodulematrix.code.tex 2023-01-15 v3.1.10 (3.1.10)
\pgfmatrixcurrentrow=\count315
\pgfmatrixcurrentcolumn=\count316
\pgf@matrix@numberofcolumns=\count317
)
\tikz@expandcount=\count318

(/home/miquelmiravet/.miktex/texmfs/install/tex/generic/pgf/frontendlayer/tikz/
libraries/tikzlibrarytopaths.code.tex
File: tikzlibrarytopaths.code.tex 2023-01-15 v3.1.10 (3.1.10)
)))
(/home/miquelmiravet/.miktex/texmfs/install/tex/generic/pgf/frontendlayer/tikz/
libraries/tikzlibrarysvg.path.code.tex
File: tikzlibrarysvg.path.code.tex 2023-01-15 v3.1.10 (3.1.10)

(/home/miquelmiravet/.miktex/texmfs/install/tex/generic/pgf/libraries/pgflibrar
ysvg.path.code.tex
File: pgflibrarysvg.path.code.tex 2023-01-15 v3.1.10 (3.1.10)

(/home/miquelmiravet/.miktex/texmfs/install/tex/generic/pgf/modules/pgfmodulepa
rser.code.tex
File: pgfmoduleparser.code.tex 2023-01-15 v3.1.10 (3.1.10)
\pgfparserdef@arg@count=\count319
)
\pgf@lib@svg@last@x=\dimen286
\pgf@lib@svg@last@y=\dimen287
\pgf@lib@svg@last@c@x=\dimen288
\pgf@lib@svg@last@c@y=\dimen289
\pgf@lib@svg@count=\count320
\pgf@lib@svg@max@num=\count321
))
\@curXheight=\skip67
)
Class revtex4-2 Info: colortbl package is loaded. (Proceeding with fingers cros
sed.) on input line 69.
Class revtex4-2 Info: cite was not loaded (OK!) on input line 69.
Class revtex4-2 Info: mcite was not loaded (OK!) on input line 69.
Class revtex4-2 Info: multicol was not loaded (OK!) on input line 69.

(/home/miquelmiravet/.miktex/texmfs/install/tex/latex/l3backend/l3backend-pdfte
x.def
File: l3backend-pdftex.def 2021-03-18 L3 backend support: PDF output (pdfTeX)
\l__color_backend_stack_int=\count322
\l__pdf_internal_box=\box85
) (regression_paper.aux)
\openout1 = `regression_paper.aux'.

LaTeX Font Info:    Checking defaults for OML/cmm/m/it on input line 69.
LaTeX Font Info:    ... okay on input line 69.
LaTeX Font Info:    Checking defaults for OMS/cmsy/m/n on input line 69.
LaTeX Font Info:    ... okay on input line 69.
LaTeX Font Info:    Checking defaults for OT1/cmr/m/n on input line 69.
LaTeX Font Info:    ... okay on input line 69.
LaTeX Font Info:    Checking defaults for T1/cmr/m/n on input line 69.
LaTeX Font Info:    ... okay on input line 69.
LaTeX Font Info:    Checking defaults for TS1/cmr/m/n on input line 69.
LaTeX Font Info:    ... okay on input line 69.
LaTeX Font Info:    Checking defaults for OMX/cmex/m/n on input line 69.
LaTeX Font Info:    ... okay on input line 69.
LaTeX Font Info:    Checking defaults for U/cmr/m/n on input line 69.
LaTeX Font Info:    ... okay on input line 69.
LaTeX Font Info:    Checking defaults for PD1/pdf/m/n on input line 69.
LaTeX Font Info:    ... okay on input line 69.
LaTeX Font Info:    Checking defaults for PU/pdf/m/n on input line 69.
LaTeX Font Info:    ... okay on input line 69.

(/home/miquelmiravet/.miktex/texmfs/install/tex/context/base/mkii/supp-pdf.mkii
[Loading MPS to PDF converter (version 2006.09.02).]
\scratchcounter=\count323
\scratchdimen=\dimen290
\scratchbox=\box86
\nofMPsegments=\count324
\nofMParguments=\count325
\everyMPshowfont=\toks49
\MPscratchCnt=\count326
\MPscratchDim=\dimen291
\MPnumerator=\count327
\makeMPintoPDFobject=\count328
\everyMPtoPDFconversion=\toks50
)
(/home/miquelmiravet/.miktex/texmfs/install/tex/latex/epstopdf-pkg/epstopdf-bas
e.sty
Package: epstopdf-base 2020-01-24 v2.11 Base part for package epstopdf
Package epstopdf-base Info: Redefining graphics rule for `.eps' on input line 4
85.

(/home/miquelmiravet/.miktex/texmfs/install/tex/latex/00miktex/epstopdf-sys.cfg
File: epstopdf-sys.cfg 2021/03/18 v2.0 Configuration of epstopdf for MiKTeX
))
LaTeX Info: Redefining \microtypecontext on input line 69.
Package microtype Info: Applying patch `item' on input line 69.
Package microtype Info: Applying patch `toc' on input line 69.
Package microtype Info: Applying patch `eqnum' on input line 69.
Package microtype Info: Applying patch `footnote' on input line 69.
Package microtype Info: Generating PDF output.
Package microtype Info: Character protrusion enabled (level 2).
Package microtype Info: Using default protrusion set `alltext'.
Package microtype Info: Automatic font expansion enabled (level 2),
(microtype)             stretch: 20, shrink: 20, step: 1, non-selected.
Package microtype Info: Using default expansion set `alltext-nott'.
LaTeX Info: Redefining \showhyphens on input line 69.
Package microtype Info: No adjustment of tracking.
Package microtype Info: No adjustment of interword spacing.
Package microtype Info: No adjustment of character kerning.
 (/home/miquelmiravet/.miktex/texmfs/install/tex/latex/microtype/mt-cmr.cfg
File: mt-cmr.cfg 2013/05/19 v2.2 microtype config. file: Computer Modern Roman 
(RS)
)
Package hyperref Info: Link coloring ON on input line 69.

(/home/miquelmiravet/.miktex/texmfs/install/tex/latex/hyperref/nameref.sty
Package: nameref 2021-04-02 v2.47 Cross-referencing by name of section

(/home/miquelmiravet/.miktex/texmfs/install/tex/latex/refcount/refcount.sty
Package: refcount 2019/12/15 v3.6 Data extraction from label references (HO)
)
(/home/miquelmiravet/.miktex/texmfs/install/tex/generic/gettitlestring/gettitle
string.sty
Package: gettitlestring 2019/12/15 v1.6 Cleanup title references (HO)
)
\c@section@level=\count329
)
LaTeX Info: Redefining \ref on input line 69.
LaTeX Info: Redefining \pageref on input line 69.
LaTeX Info: Redefining \nameref on input line 69.
 (regression_paper.out) (regression_paper.out)
\@outlinefile=\write5
\openout5 = `regression_paper.out'.

Class revtex4-2 Info: Taking \maketitle back from hyperref on input line 69.
\openout3 = `regression_paperNotes.bib'.


(Regression_Abstract.tex)

Class revtex4-2 Warning: Assuming \noaffiliation for authors.

LaTeX Font Info:    Trying to load font information for U+msa on input line 115
.
(/home/miquelmiravet/.miktex/texmfs/install/tex/latex/amsfonts/umsa.fd
File: umsa.fd 2013/01/14 v3.01 AMS symbols A
)
(/home/miquelmiravet/.miktex/texmfs/install/tex/latex/microtype/mt-msa.cfg
File: mt-msa.cfg 2006/02/04 v1.1 microtype config. file: AMS symbols (a) (RS)
)
LaTeX Font Info:    Trying to load font information for U+msb on input line 115
.

(/home/miquelmiravet/.miktex/texmfs/install/tex/latex/amsfonts/umsb.fd
File: umsb.fd 2013/01/14 v3.01 AMS symbols B
)
(/home/miquelmiravet/.miktex/texmfs/install/tex/latex/microtype/mt-msb.cfg
File: mt-msb.cfg 2005/06/01 v1.0 microtype config. file: AMS symbols (b) (RS)
)
LaTeX Font Info:    Trying to load font information for U+rsfs on input line 11
5.

(/home/miquelmiravet/.miktex/texmfs/install/tex/latex/jknappen/ursfs.fd
File: ursfs.fd 1998/03/24 rsfs font definition file (jk)
)
(Regression_Introduction.tex

Package natbib Warning: Citation `LIGOScientific:2016aoc' on page 1 undefined o
n input line 20.


Package natbib Warning: Citation `LIGOScientific:2021djp' on page 1 undefined o
n input line 20.


Package natbib Warning: Citation `KAGRA:2013rdx' on page 1 undefined on input l
ine 20.


Package natbib Warning: Citation `Ashton:2021anp' on page 1 undefined on input 
line 50.


Package natbib Warning: Citation `Wofford:2022ykb' on page 1 undefined on input
 line 50.


Package natbib Warning: Citation `Gabbard:2019rde' on page 1 undefined on input
 line 50.


Package natbib Warning: Citation `Ashton:2018jfp' on page 1 undefined on input 
line 50.


Package natbib Warning: Citation `Lange:2018pyp' on page 1 undefined on input l
ine 50.


Package natbib Warning: Citation `LVPublicAlerts' on page 1 undefined on input 
line 50.


Package natbib Warning: Citation `Yu:2021swq' on page 1 undefined on input line
 67.


Package natbib Warning: Citation `Ormiston:2020ele' on page 1 undefined on inpu
t line 67.


Package natbib Warning: Citation `Moore:2015sza' on page 1 undefined on input l
ine 67.


Package natbib Warning: Citation `Williams:2019vub' on page 1 undefined on inpu
t line 67.


Package natbib Warning: Citation `Walker:2018ylg' on page 1 undefined on input 
line 67.

) (Regression_Data_Conditioning.tex
LaTeX Font Info:    Trying to load font information for T1+cmtt on input line 1
3.

(/home/miquelmiravet/.miktex/texmfs/install/tex/latex/base/t1cmtt.fd
File: t1cmtt.fd 2019/12/16 v2.5j Standard LaTeX font definitions
)
Package microtype Info: Loading generic protrusion settings for font family
(microtype)             `cmtt' (encoding: T1).
(microtype)             For optimal results, create family-specific settings.
(microtype)             See the microtype manual for details.
 [1{/home/miquelmiravet/.miktex/texmfs/data/pdftex/config/pdftex.map}]
<figs//training_parameter_space.png, id=98, 578.16pt x 859.2903pt>
File: figs//training_parameter_space.png Graphic file (type png)
<use figs//training_parameter_space.png>
Package pdftex.def Info: figs//training_parameter_space.png  used on input line
 23.
(pdftex.def)             Requested size: 229.49844pt x 341.08769pt.
)
(Regression_Methods.tex) (GPR.tex
Underfull \hbox (badness 6284) in paragraph at lines 7--8
[][]\T1/cmr/m/n/10 (+20) Gaussian process regression is a sophisticated
 []


Package natbib Warning: Citation `Kingma:2014vow' on page 2 undefined on input 
line 28.

) (NNs.tex) [2 <./figs//training_parameter_space.png>] (Regression_Results.tex
<figs//inj_rec_pred_masses.png, id=114, 579.1236pt x 859.2903pt>
File: figs//inj_rec_pred_masses.png Graphic file (type png)
<use figs//inj_rec_pred_masses.png>
Package pdftex.def Info: figs//inj_rec_pred_masses.png  used on input line 5.
(pdftex.def)             Requested size: 229.49844pt x 340.52388pt.
<figs//GPRvsNN_with_hist.png, id=115, 715.473pt x 863.6265pt>
File: figs//GPRvsNN_with_hist.png Graphic file (type png)
<use figs//GPRvsNN_with_hist.png>
Package pdftex.def Info: figs//GPRvsNN_with_hist.png  used on input line 14.
(pdftex.def)             Requested size: 510.0pt x 615.60384pt.

Underfull \hbox (badness 1062) in paragraph at lines 47--48
\T1/cmr/m/n/10 (+20) and predict values that are closer to the injected
 []

) (Regression_ConfIntervals.tex) (Regression_Conclusions.tex)
(Regression_Acknowledgements.tex

Package natbib Warning: Citation `Chatterjee:2019avs' on page 3 undefined on in
put line 4.


Underfull \hbox (badness 2302) in paragraph at lines 11--13
[][]\T1/cmr/m/n/10 (+20) Part of this research was performed while the
 []

[3 <./figs//inj_rec_pred_masses.png>]

Package natbib Warning: Citation `Hunter:2007ouj' on page 4 undefined on input 
line 29.


Underfull \hbox (badness 1810) in paragraph at lines 29--30
[]\T1/cmr/m/n/10 (+20) All plots were made using the python package
 []

)
No file regression_paper.bbl.

Package natbib Warning: There were undefined citations.

[4] [5 <./figs//GPRvsNN_with_hist.png>] (regression_paper.aux)
Package rerunfilecheck Info: File `regression_paper.out' has not changed.
(rerunfilecheck)             Checksum: 055F73FF43EF9C27B74519A2E00D1C03;1469.
 ) 
Here is how much of TeX's memory you used:
 25483 strings out of 481257
 454181 string characters out of 2907743
 799472 words of memory out of 3000000
 41977 multiletter control sequences out of 15000+200000
 429445 words of font info for 174 fonts, out of 3000000 for 9000
 0 hyphenation exceptions out of 8191
 102i,13n,102p,1015b,750s stack positions out of 5000i,500n,10000p,200000b,50000s
{/home/miquelmiravet/.miktex/texmfs/install/fonts/enc/dvips/cm-super/cm-super
-t1.enc}</home/miquelmiravet/.miktex/texmfs/install/fonts/type1/public/amsfonts
/cmextra/cmex9.pfb></home/miquelmiravet/.miktex/texmfs/install/fonts/type1/publ
ic/amsfonts/cm/cmmi10.pfb></home/miquelmiravet/.miktex/texmfs/install/fonts/typ
e1/public/amsfonts/cm/cmmi5.pfb></home/miquelmiravet/.miktex/texmfs/install/fon
ts/type1/public/amsfonts/cm/cmmi6.pfb></home/miquelmiravet/.miktex/texmfs/insta
ll/fonts/type1/public/amsfonts/cm/cmmi7.pfb></home/miquelmiravet/.miktex/texmfs
/install/fonts/type1/public/amsfonts/cm/cmmi9.pfb></home/miquelmiravet/.miktex/
texmfs/install/fonts/type1/public/amsfonts/cm/cmr10.pfb></home/miquelmiravet/.m
iktex/texmfs/install/fonts/type1/public/amsfonts/cm/cmr5.pfb></home/miquelmirav
et/.miktex/texmfs/install/fonts/type1/public/amsfonts/cm/cmr6.pfb></home/miquel
miravet/.miktex/texmfs/install/fonts/type1/public/amsfonts/cm/cmr7.pfb></home/m
iquelmiravet/.miktex/texmfs/install/fonts/type1/public/amsfonts/cm/cmr9.pfb></h
ome/miquelmiravet/.miktex/texmfs/install/fonts/type1/public/amsfonts/cm/cmsy10.
pfb></home/miquelmiravet/.miktex/texmfs/install/fonts/type1/public/amsfonts/cm/
cmsy5.pfb></home/miquelmiravet/.miktex/texmfs/install/fonts/type1/public/amsfon
ts/cm/cmsy6.pfb></home/miquelmiravet/.miktex/texmfs/install/fonts/type1/public/
amsfonts/cm/cmsy7.pfb></home/miquelmiravet/.miktex/texmfs/install/fonts/type1/p
ublic/amsfonts/cm/cmsy9.pfb></home/miquelmiravet/.miktex/texmfs/install/fonts/t
ype1/public/cm-super/sfbx0900.pfb></home/miquelmiravet/.miktex/texmfs/install/f
onts/type1/public/cm-super/sfbx1000.pfb></home/miquelmiravet/.miktex/texmfs/ins
tall/fonts/type1/public/cm-super/sfbx1200.pfb></home/miquelmiravet/.miktex/texm
fs/install/fonts/type1/public/cm-super/sfrm0600.pfb></home/miquelmiravet/.mikte
x/texmfs/install/fonts/type1/public/cm-super/sfrm0700.pfb></home/miquelmiravet/
.miktex/texmfs/install/fonts/type1/public/cm-super/sfrm0800.pfb></home/miquelmi
ravet/.miktex/texmfs/install/fonts/type1/public/cm-super/sfrm0900.pfb></home/mi
quelmiravet/.miktex/texmfs/install/fonts/type1/public/cm-super/sfrm1000.pfb></h
ome/miquelmiravet/.miktex/texmfs/install/fonts/type1/public/cm-super/sfti0900.p
fb></home/miquelmiravet/.miktex/texmfs/install/fonts/type1/public/cm-super/sftt
1000.pfb>
Output written on regression_paper.pdf (5 pages, 3422048 bytes).
PDF statistics:
 228 PDF objects out of 1000 (max. 8388607)
 28 named destinations out of 1000 (max. 500000)
 45684 words of extra memory for PDF output out of 51595 (max. 10000000)

