This is pdfTeX, Version 3.14159265-2.6-1.40.20 (TeX Live 2019) (preloaded format=pdflatex 2020.3.26)  8 FEB 2022 20:14
entering extended mode
 restricted \write18 enabled.
 %&-line parsing enabled.
**notesFriendlyFormat.tex
(./notesFriendlyFormat.tex
LaTeX2e <2018-12-01>
(/usr/local/texlive/2019/texmf-dist/tex/latex/base/article.cls
Document Class: article 2018/09/03 v1.4i Standard LaTeX document class
(/usr/local/texlive/2019/texmf-dist/tex/latex/base/size10.clo
File: size10.clo 2018/09/03 v1.4i Standard LaTeX file (size option)
)
\c@part=\count80
\c@section=\count81
\c@subsection=\count82
\c@subsubsection=\count83
\c@paragraph=\count84
\c@subparagraph=\count85
\c@figure=\count86
\c@table=\count87
\abovecaptionskip=\skip41
\belowcaptionskip=\skip42
\bibindent=\dimen102
)
(/usr/local/texlive/2019/texmf-dist/tex/latex/amsmath/amsmath.sty
Package: amsmath 2018/12/01 v2.17b AMS math features
\@mathmargin=\skip43

For additional information on amsmath, use the `?' option.
(/usr/local/texlive/2019/texmf-dist/tex/latex/amsmath/amstext.sty
Package: amstext 2000/06/29 v2.01 AMS text

(/usr/local/texlive/2019/texmf-dist/tex/latex/amsmath/amsgen.sty
File: amsgen.sty 1999/11/30 v2.0 generic functions
\@emptytoks=\toks14
\ex@=\dimen103
))
(/usr/local/texlive/2019/texmf-dist/tex/latex/amsmath/amsbsy.sty
Package: amsbsy 1999/11/29 v1.2d Bold Symbols
\pmbraise@=\dimen104
)
(/usr/local/texlive/2019/texmf-dist/tex/latex/amsmath/amsopn.sty
Package: amsopn 2016/03/08 v2.02 operator names
)
\inf@bad=\count88
LaTeX Info: Redefining \frac on input line 223.
\uproot@=\count89
\leftroot@=\count90
LaTeX Info: Redefining \overline on input line 385.
\classnum@=\count91
\DOTSCASE@=\count92
LaTeX Info: Redefining \ldots on input line 482.
LaTeX Info: Redefining \dots on input line 485.
LaTeX Info: Redefining \cdots on input line 606.
\Mathstrutbox@=\box27
\strutbox@=\box28
\big@size=\dimen105
LaTeX Font Info:    Redeclaring font encoding OML on input line 729.
LaTeX Font Info:    Redeclaring font encoding OMS on input line 730.
\macc@depth=\count93
\c@MaxMatrixCols=\count94
\dotsspace@=\muskip10
\c@parentequation=\count95
\dspbrk@lvl=\count96
\tag@help=\toks15
\row@=\count97
\column@=\count98
\maxfields@=\count99
\andhelp@=\toks16
\eqnshift@=\dimen106
\alignsep@=\dimen107
\tagshift@=\dimen108
\tagwidth@=\dimen109
\totwidth@=\dimen110
\lineht@=\dimen111
\@envbody=\toks17
\multlinegap=\skip44
\multlinetaggap=\skip45
\mathdisplay@stack=\toks18
LaTeX Info: Redefining \[ on input line 2844.
LaTeX Info: Redefining \] on input line 2845.
)
(/usr/local/texlive/2019/texmf-dist/tex/latex/amsfonts/amsfonts.sty
Package: amsfonts 2013/01/14 v3.01 Basic AMSFonts support
\symAMSa=\mathgroup4
\symAMSb=\mathgroup5
LaTeX Font Info:    Overwriting math alphabet `\mathfrak' in version `bold'
(Font)                  U/euf/m/n --> U/euf/b/n on input line 106.
)
(/usr/local/texlive/2019/texmf-dist/tex/latex/amsfonts/amssymb.sty
Package: amssymb 2013/01/14 v3.01 AMS font symbols
)
(/usr/local/texlive/2019/texmf-dist/tex/latex/graphics/graphicx.sty
Package: graphicx 2017/06/01 v1.1a Enhanced LaTeX Graphics (DPC,SPQR)

(/usr/local/texlive/2019/texmf-dist/tex/latex/graphics/keyval.sty
Package: keyval 2014/10/28 v1.15 key=value parser (DPC)
\KV@toks@=\toks19
)
(/usr/local/texlive/2019/texmf-dist/tex/latex/graphics/graphics.sty
Package: graphics 2017/06/25 v1.2c Standard LaTeX Graphics (DPC,SPQR)

(/usr/local/texlive/2019/texmf-dist/tex/latex/graphics/trig.sty
Package: trig 2016/01/03 v1.10 sin cos tan (DPC)
)
(/usr/local/texlive/2019/texmf-dist/tex/latex/graphics-cfg/graphics.cfg
File: graphics.cfg 2016/06/04 v1.11 sample graphics configuration
)
Package graphics Info: Driver file: pdftex.def on input line 99.

(/usr/local/texlive/2019/texmf-dist/tex/latex/graphics-def/pdftex.def
File: pdftex.def 2018/01/08 v1.0l Graphics/color driver for pdftex
))
\Gin@req@height=\dimen112
\Gin@req@width=\dimen113
)
(/usr/local/texlive/2019/texmf-dist/tex/latex/graphics/color.sty
Package: color 2016/07/10 v1.1e Standard LaTeX Color (DPC)

(/usr/local/texlive/2019/texmf-dist/tex/latex/graphics-cfg/color.cfg
File: color.cfg 2016/01/02 v1.6 sample color configuration
)
Package color Info: Driver file: pdftex.def on input line 147.
)
(/usr/local/texlive/2019/texmf-dist/tex/latex/hyperref/hyperref.sty
Package: hyperref 2018/11/30 v6.88e Hypertext links for LaTeX

(/usr/local/texlive/2019/texmf-dist/tex/generic/oberdiek/hobsub-hyperref.sty
Package: hobsub-hyperref 2016/05/16 v1.14 Bundle oberdiek, subset hyperref (HO)


(/usr/local/texlive/2019/texmf-dist/tex/generic/oberdiek/hobsub-generic.sty
Package: hobsub-generic 2016/05/16 v1.14 Bundle oberdiek, subset generic (HO)
Package: hobsub 2016/05/16 v1.14 Construct package bundles (HO)
Package: infwarerr 2016/05/16 v1.4 Providing info/warning/error messages (HO)
Package: ltxcmds 2016/05/16 v1.23 LaTeX kernel commands for general use (HO)
Package: ifluatex 2016/05/16 v1.4 Provides the ifluatex switch (HO)
Package ifluatex Info: LuaTeX not detected.
Package: ifvtex 2016/05/16 v1.6 Detect VTeX and its facilities (HO)
Package ifvtex Info: VTeX not detected.
Package: intcalc 2016/05/16 v1.2 Expandable calculations with integers (HO)
Package: ifpdf 2018/09/07 v3.3 Provides the ifpdf switch
Package: etexcmds 2016/05/16 v1.6 Avoid name clashes with e-TeX commands (HO)
Package: kvsetkeys 2016/05/16 v1.17 Key value parser (HO)
Package: kvdefinekeys 2016/05/16 v1.4 Define keys (HO)
Package: pdftexcmds 2018/09/10 v0.29 Utility functions of pdfTeX for LuaTeX (HO
)
Package pdftexcmds Info: LuaTeX not detected.
Package pdftexcmds Info: \pdf@primitive is available.
Package pdftexcmds Info: \pdf@ifprimitive is available.
Package pdftexcmds Info: \pdfdraftmode found.
Package: pdfescape 2016/05/16 v1.14 Implements pdfTeX's escape features (HO)
Package: bigintcalc 2016/05/16 v1.4 Expandable calculations on big integers (HO
)
Package: bitset 2016/05/16 v1.2 Handle bit-vector datatype (HO)
Package: uniquecounter 2016/05/16 v1.3 Provide unlimited unique counter (HO)
)
Package hobsub Info: Skipping package `hobsub' (already loaded).
Package: letltxmacro 2016/05/16 v1.5 Let assignment for LaTeX macros (HO)
Package: hopatch 2016/05/16 v1.3 Wrapper for package hooks (HO)
Package: xcolor-patch 2016/05/16 xcolor patch
Package: atveryend 2016/05/16 v1.9 Hooks at the very end of document (HO)
Package atveryend Info: \enddocument detected (standard20110627).
Package: atbegshi 2016/06/09 v1.18 At begin shipout hook (HO)
Package: refcount 2016/05/16 v3.5 Data extraction from label references (HO)
Package: hycolor 2016/05/16 v1.8 Color options for hyperref/bookmark (HO)
)
(/usr/local/texlive/2019/texmf-dist/tex/generic/ifxetex/ifxetex.sty
Package: ifxetex 2010/09/12 v0.6 Provides ifxetex conditional
)
(/usr/local/texlive/2019/texmf-dist/tex/latex/oberdiek/auxhook.sty
Package: auxhook 2016/05/16 v1.4 Hooks for auxiliary files (HO)
)
(/usr/local/texlive/2019/texmf-dist/tex/latex/oberdiek/kvoptions.sty
Package: kvoptions 2016/05/16 v3.12 Key value format for package options (HO)
)
\@linkdim=\dimen114
\Hy@linkcounter=\count100
\Hy@pagecounter=\count101

(/usr/local/texlive/2019/texmf-dist/tex/latex/hyperref/pd1enc.def
File: pd1enc.def 2018/11/30 v6.88e Hyperref: PDFDocEncoding definition (HO)
Now handling font encoding PD1 ...
... no UTF-8 mapping file for font encoding PD1
)
\Hy@SavedSpaceFactor=\count102

(/usr/local/texlive/2019/texmf-dist/tex/latex/latexconfig/hyperref.cfg
File: hyperref.cfg 2002/06/06 v1.2 hyperref configuration of TeXLive
)
Package hyperref Info: Hyper figures OFF on input line 4519.
Package hyperref Info: Link nesting OFF on input line 4524.
Package hyperref Info: Hyper index ON on input line 4527.
Package hyperref Info: Plain pages OFF on input line 4534.
Package hyperref Info: Backreferencing OFF on input line 4539.
Package hyperref Info: Implicit mode ON; LaTeX internals redefined.
Package hyperref Info: Bookmarks ON on input line 4772.
\c@Hy@tempcnt=\count103

(/usr/local/texlive/2019/texmf-dist/tex/latex/url/url.sty
\Urlmuskip=\muskip11
Package: url 2013/09/16  ver 3.4  Verb mode for urls, etc.
)
LaTeX Info: Redefining \url on input line 5125.
\XeTeXLinkMargin=\dimen115
\Fld@menulength=\count104
\Field@Width=\dimen116
\Fld@charsize=\dimen117
Package hyperref Info: Hyper figures OFF on input line 6380.
Package hyperref Info: Link nesting OFF on input line 6385.
Package hyperref Info: Hyper index ON on input line 6388.
Package hyperref Info: backreferencing OFF on input line 6395.
Package hyperref Info: Link coloring OFF on input line 6400.
Package hyperref Info: Link coloring with OCG OFF on input line 6405.
Package hyperref Info: PDF/A mode OFF on input line 6410.
LaTeX Info: Redefining \ref on input line 6450.
LaTeX Info: Redefining \pageref on input line 6454.
\Hy@abspage=\count105
\c@Item=\count106
\c@Hfootnote=\count107
)
Package hyperref Info: Driver (autodetected): hpdftex.

(/usr/local/texlive/2019/texmf-dist/tex/latex/hyperref/hpdftex.def
File: hpdftex.def 2018/11/30 v6.88e Hyperref driver for pdfTeX
\Fld@listcount=\count108
\c@bookmark@seq@number=\count109

(/usr/local/texlive/2019/texmf-dist/tex/latex/oberdiek/rerunfilecheck.sty
Package: rerunfilecheck 2016/05/16 v1.8 Rerun checks for auxiliary files (HO)
Package uniquecounter Info: New unique counter `rerunfilecheck' on input line 2
82.
)
\Hy@SectionHShift=\skip46
)
(/usr/local/texlive/2019/texmf-dist/tex/generic/ulem/ulem.sty
\UL@box=\box29
\UL@hyphenbox=\box30
\UL@skip=\skip47
\UL@hook=\toks20
\UL@height=\dimen118
\UL@pe=\count110
\UL@pixel=\dimen119
\ULC@box=\box31
Package: ulem 2012/05/18
\ULdepth=\dimen120
)

LaTeX Warning: Unused global option(s):
    [prd,aps,showkeys,nofootinbib].

(./notesFriendlyFormat.aux)
\openout1 = `notesFriendlyFormat.aux'.

LaTeX Font Info:    Checking defaults for OML/cmm/m/it on input line 15.
LaTeX Font Info:    ... okay on input line 15.
LaTeX Font Info:    Checking defaults for T1/cmr/m/n on input line 15.
LaTeX Font Info:    ... okay on input line 15.
LaTeX Font Info:    Checking defaults for OT1/cmr/m/n on input line 15.
LaTeX Font Info:    ... okay on input line 15.
LaTeX Font Info:    Checking defaults for OMS/cmsy/m/n on input line 15.
LaTeX Font Info:    ... okay on input line 15.
LaTeX Font Info:    Checking defaults for OMX/cmex/m/n on input line 15.
LaTeX Font Info:    ... okay on input line 15.
LaTeX Font Info:    Checking defaults for U/cmr/m/n on input line 15.
LaTeX Font Info:    ... okay on input line 15.
LaTeX Font Info:    Checking defaults for PD1/pdf/m/n on input line 15.
LaTeX Font Info:    ... okay on input line 15.

(/usr/local/texlive/2019/texmf-dist/tex/context/base/mkii/supp-pdf.mkii
[Loading MPS to PDF converter (version 2006.09.02).]
\scratchcounter=\count111
\scratchdimen=\dimen121
\scratchbox=\box32
\nofMPsegments=\count112
\nofMParguments=\count113
\everyMPshowfont=\toks21
\MPscratchCnt=\count114
\MPscratchDim=\dimen122
\MPnumerator=\count115
\makeMPintoPDFobject=\count116
\everyMPtoPDFconversion=\toks22
) (/usr/local/texlive/2019/texmf-dist/tex/latex/oberdiek/epstopdf-base.sty
Package: epstopdf-base 2016/05/15 v2.6 Base part for package epstopdf

(/usr/local/texlive/2019/texmf-dist/tex/latex/oberdiek/grfext.sty
Package: grfext 2016/05/16 v1.2 Manage graphics extensions (HO)
)
Package epstopdf-base Info: Redefining graphics rule for `.eps' on input line 4
38.
Package grfext Info: Graphics extension search list:
(grfext)             [.pdf,.png,.jpg,.mps,.jpeg,.jbig2,.jb2,.PDF,.PNG,.JPG,.JPE
G,.JBIG2,.JB2,.eps]
(grfext)             \AppendGraphicsExtensions on input line 456.

(/usr/local/texlive/2019/texmf-dist/tex/latex/latexconfig/epstopdf-sys.cfg
File: epstopdf-sys.cfg 2010/07/13 v1.3 Configuration of (r)epstopdf for TeX Liv
e
))
\AtBeginShipoutBox=\box33
Package hyperref Info: Link coloring OFF on input line 15.

(/usr/local/texlive/2019/texmf-dist/tex/latex/hyperref/nameref.sty
Package: nameref 2016/05/21 v2.44 Cross-referencing by name of section

(/usr/local/texlive/2019/texmf-dist/tex/generic/oberdiek/gettitlestring.sty
Package: gettitlestring 2016/05/16 v1.5 Cleanup title references (HO)
)
\c@section@level=\count117
)
LaTeX Info: Redefining \ref on input line 15.
LaTeX Info: Redefining \pageref on input line 15.
LaTeX Info: Redefining \nameref on input line 15.

(./notesFriendlyFormat.out) (./notesFriendlyFormat.out)
\@outlinefile=\write3
\openout3 = `notesFriendlyFormat.out'.

LaTeX Font Info:    Try loading font information for U+msa on input line 24.

(/usr/local/texlive/2019/texmf-dist/tex/latex/amsfonts/umsa.fd
File: umsa.fd 2013/01/14 v3.01 AMS symbols A
)
LaTeX Font Info:    Try loading font information for U+msb on input line 24.

(/usr/local/texlive/2019/texmf-dist/tex/latex/amsfonts/umsb.fd
File: umsb.fd 2013/01/14 v3.01 AMS symbols B
)
Underfull \hbox (badness 1331) in paragraph at lines 28--31
\OT1/cmr/m/n/10 Working notes on the re-gres-sion part with a
 []

LaTeX Font Info:    Try loading font information for OMS+cmr on input line 38.
(/usr/local/texlive/2019/texmf-dist/tex/latex/base/omscmr.fd
File: omscmr.fd 2014/09/29 v2.5h Standard LaTeX font definitions
)
LaTeX Font Info:    Font shape `OMS/cmr/m/n' in size <10> not available
(Font)              Font shape `OMS/cmsy/m/n' tried instead on input line 38.

Underfull \hbox (badness 2689) in paragraph at lines 38--39
[]\OT1/cmr/m/n/10 virtually in-fi-nite num-ber of ar-chi-tec-tures,
 []


Underfull \hbox (badness 3312) in paragraph at lines 63--65
[]\OT1/cmr/m/n/10 activation func-tion in hid-den lay-ers:
 []


Underfull \hbox (badness 1178) in paragraph at lines 63--65
\OT1/cmtt/m/n/10 ReLU\OT1/cmr/m/n/10 . Other op-tions like the sig-moid
 []


Underfull \hbox (badness 5490) in paragraph at lines 65--66
[]\OT1/cmr/m/n/10 activation func-tion in out-put layer:
 []


LaTeX Warning: Reference `sec:loss' on page 1 undefined on input line 67.

[1{/usr/local/texlive/2019/texmf-var/fonts/map/pdftex/updmap/pdftex.map}


]
<./Figs/out_activation_function.png, id=43, 651.43375pt x 517.935pt>
File: ./Figs/out_activation_function.png Graphic file (type png)
<use ./Figs/out_activation_function.png>
Package pdftex.def Info: ./Figs/out_activation_function.png  used on input line
 123.
(pdftex.def)             Requested size: 103.9532pt x 105.26851pt.
<./Figs/history_sigma5_layers20+20.png, id=44, 299.1175pt x 302.12875pt>
File: ./Figs/history_sigma5_layers20+20.png Graphic file (type png)
<use ./Figs/history_sigma5_layers20+20.png>
Package pdftex.def Info: ./Figs/history_sigma5_layers20+20.png  used on input l
ine 124.
(pdftex.def)             Requested size: 103.95786pt x 110.96529pt.


LaTeX Warning: No positions in optional float specifier.
               Default added (so using `tbp') on input line 186.

<./Figs/v0c0_regression.png, id=49, 1488.56125pt x 986.68625pt>
File: ./Figs/v0c0_regression.png Graphic file (type png)
<use ./Figs/v0c0_regression.png>
Package pdftex.def Info: ./Figs/v0c0_regression.png  used on input line 188.
(pdftex.def)             Requested size: 406.79724pt x 269.6458pt.
<./Figs/v0c0_regression_noise.png, id=50, 1473.505pt x 992.70876pt>
File: ./Figs/v0c0_regression_noise.png Graphic file (type png)
<use ./Figs/v0c0_regression_noise.png>
Package pdftex.def Info: ./Figs/v0c0_regression_noise.png  used on input line 1
89.
(pdftex.def)             Requested size: 406.79724pt x 274.04851pt.

LaTeX Warning: No positions in optional float specifier.
               Default added (so using `tbp') on input line 197.

<./Figs/v1c0_regression.png, id=53, 1488.56125pt x 988.69376pt>
File: ./Figs/v1c0_regression.png Graphic file (type png)
<use ./Figs/v1c0_regression.png>
Package pdftex.def Info: ./Figs/v1c0_regression.png  used on input line 199.
(pdftex.def)             Requested size: 406.79724pt x 270.19443pt.
<./Figs/v1c0_regression_noise.png, id=54, 1479.5275pt x 992.70876pt>
File: ./Figs/v1c0_regression_noise.png Graphic file (type png)
<use ./Figs/v1c0_regression_noise.png>
Package pdftex.def Info: ./Figs/v1c0_regression_noise.png  used on input line 2
00.
(pdftex.def)             Requested size: 406.79724pt x 272.94273pt.

LaTeX Warning: Reference `sec:GstLAL' on page 2 undefined on input line 232.


Underfull \vbox (badness 10000) has occurred while \output is active []

 [2 <./Figs/out_activation_function.png (PNG copy)> <./Figs/history_sigma5_laye
rs20+20.png>] [3 <./Figs/v0c0_regression.png> <./Figs/v0c0_regression_noise.png
>] [4 <./Figs/v1c0_regression.png> <./Figs/v1c0_regression_noise.png>]
Underfull \vbox (badness 1248) has occurred while \output is active []



LaTeX Warning: No positions in optional float specifier.
               Default added (so using `tbp') on input line 254.

<./Figs/crossval_v0c0_R2mean.png, id=91, 735.74875pt x 279.0425pt>
File: ./Figs/crossval_v0c0_R2mean.png Graphic file (type png)
<use ./Figs/crossval_v0c0_R2mean.png>
Package pdftex.def Info: ./Figs/crossval_v0c0_R2mean.png  used on input line 25
6.
(pdftex.def)             Requested size: 203.39862pt x 77.13928pt.
<./Figs/crossval_v0c0_R2m1.png, id=92, 735.74875pt x 279.0425pt>
File: ./Figs/crossval_v0c0_R2m1.png Graphic file (type png)
<use ./Figs/crossval_v0c0_R2m1.png>
Package pdftex.def Info: ./Figs/crossval_v0c0_R2m1.png  used on input line 258.

(pdftex.def)             Requested size: 203.39862pt x 77.13928pt.
<./Figs/crossval_v0c0_R2m2.png, id=93, 735.74875pt x 279.0425pt>
File: ./Figs/crossval_v0c0_R2m2.png Graphic file (type png)
<use ./Figs/crossval_v0c0_R2m2.png>
Package pdftex.def Info: ./Figs/crossval_v0c0_R2m2.png  used on input line 259.

(pdftex.def)             Requested size: 203.39862pt x 77.13928pt.
<./Figs/crossval_v0c0_R2s1x.png, id=94, 735.74875pt x 279.0425pt>
File: ./Figs/crossval_v0c0_R2s1x.png Graphic file (type png)
<use ./Figs/crossval_v0c0_R2s1x.png>
Package pdftex.def Info: ./Figs/crossval_v0c0_R2s1x.png  used on input line 261
.
(pdftex.def)             Requested size: 203.39862pt x 77.13928pt.
<./Figs/crossval_v0c0_R2s1y.png, id=95, 735.74875pt x 279.0425pt>
File: ./Figs/crossval_v0c0_R2s1y.png Graphic file (type png)
<use ./Figs/crossval_v0c0_R2s1y.png>
Package pdftex.def Info: ./Figs/crossval_v0c0_R2s1y.png  used on input line 262
.
(pdftex.def)             Requested size: 203.39862pt x 77.13928pt.
<./Figs/crossval_v0c0_R2s1z.png, id=96, 735.74875pt x 279.0425pt>
File: ./Figs/crossval_v0c0_R2s1z.png Graphic file (type png)
<use ./Figs/crossval_v0c0_R2s1z.png>
Package pdftex.def Info: ./Figs/crossval_v0c0_R2s1z.png  used on input line 264
.
(pdftex.def)             Requested size: 203.39862pt x 77.13928pt.
<./Figs/crossval_v0c0_R2s2x.png, id=97, 735.74875pt x 279.0425pt>
File: ./Figs/crossval_v0c0_R2s2x.png Graphic file (type png)
<use ./Figs/crossval_v0c0_R2s2x.png>
Package pdftex.def Info: ./Figs/crossval_v0c0_R2s2x.png  used on input line 265
.
(pdftex.def)             Requested size: 203.39862pt x 77.13928pt.
<./Figs/crossval_v0c0_R2s2y.png, id=98, 735.74875pt x 279.0425pt>
File: ./Figs/crossval_v0c0_R2s2y.png Graphic file (type png)
<use ./Figs/crossval_v0c0_R2s2y.png>
Package pdftex.def Info: ./Figs/crossval_v0c0_R2s2y.png  used on input line 267
.
(pdftex.def)             Requested size: 203.39862pt x 77.13928pt.
<./Figs/crossval_v0c0_R2s2z.png, id=99, 735.74875pt x 279.0425pt>
File: ./Figs/crossval_v0c0_R2s2z.png Graphic file (type png)
<use ./Figs/crossval_v0c0_R2s2z.png>
Package pdftex.def Info: ./Figs/crossval_v0c0_R2s2z.png  used on input line 268
.
(pdftex.def)             Requested size: 203.39862pt x 77.13928pt.
<./Figs/crossval_v0c0_R2theta.png, id=100, 735.74875pt x 279.0425pt>
File: ./Figs/crossval_v0c0_R2theta.png Graphic file (type png)
<use ./Figs/crossval_v0c0_R2theta.png>
Package pdftex.def Info: ./Figs/crossval_v0c0_R2theta.png  used on input line 2
70.
(pdftex.def)             Requested size: 203.39862pt x 77.13928pt.
<./Figs/crossval_v0c0_R2q.png, id=101, 735.74875pt x 279.0425pt>
File: ./Figs/crossval_v0c0_R2q.png Graphic file (type png)
<use ./Figs/crossval_v0c0_R2q.png>
Package pdftex.def Info: ./Figs/crossval_v0c0_R2q.png  used on input line 271.
(pdftex.def)             Requested size: 203.39862pt x 77.13928pt.
<./Figs/crossval_v0c0_R2Mc.png, id=102, 735.74875pt x 279.0425pt>
File: ./Figs/crossval_v0c0_R2Mc.png Graphic file (type png)
<use ./Figs/crossval_v0c0_R2Mc.png>
Package pdftex.def Info: ./Figs/crossval_v0c0_R2Mc.png  used on input line 273.

(pdftex.def)             Requested size: 203.39862pt x 77.13928pt.
[5] [6 <./Figs/crossval_v0c0_R2mean.png> <./Figs/crossval_v0c0_R2m1.png> <./Fig
s/crossval_v0c0_R2m2.png> <./Figs/crossval_v0c0_R2s1x.png> <./Figs/crossval_v0c
0_R2s1y.png> <./Figs/crossval_v0c0_R2s1z.png> <./Figs/crossval_v0c0_R2s2x.png> 
<./Figs/crossval_v0c0_R2s2y.png> <./Figs/crossval_v0c0_R2s2z.png> <./Figs/cross
val_v0c0_R2theta.png> <./Figs/crossval_v0c0_R2q.png> <./Figs/crossval_v0c0_R2Mc
.png>]

LaTeX Warning: No positions in optional float specifier.
               Default added (so using `tbp') on input line 287.

<./Figs/GstLAL_paperlike_m1m2.png, id=124, 739.76375pt x 602.25pt>
File: ./Figs/GstLAL_paperlike_m1m2.png Graphic file (type png)
<use ./Figs/GstLAL_paperlike_m1m2.png>
Package pdftex.def Info: ./Figs/GstLAL_paperlike_m1m2.png  used on input line 2
89.
(pdftex.def)             Requested size: 203.39862pt x 165.5871pt.

LaTeX Warning: Reference `fig:GstLAL_results' on page 7 undefined on input line
 303.


LaTeX Warning: Reference `fig:GstLAL_results' on page 7 undefined on input line
 310.


LaTeX Warning: No positions in optional float specifier.
               Default added (so using `tbp') on input line 318.

<./Figs/GstLAL_regression.png, id=125, 1297.84875pt x 550.055pt>
File: ./Figs/GstLAL_regression.png Graphic file (type png)
<use ./Figs/GstLAL_regression.png>
Package pdftex.def Info: ./Figs/GstLAL_regression.png  used on input line 320.
(pdftex.def)             Requested size: 429.39862pt x 181.98033pt.
<./Figs/GstLAL_regression_noise.png, id=126, 1292.83pt x 545.03625pt>
File: ./Figs/GstLAL_regression_noise.png Graphic file (type png)
<use ./Figs/GstLAL_regression_noise.png>
Package pdftex.def Info: ./Figs/GstLAL_regression_noise.png  used on input line
 321.
(pdftex.def)             Requested size: 429.39862pt x 181.02684pt.
<./Figs/GstLAL_m2.png, id=127, 275.0275pt x 318.18875pt>
File: ./Figs/GstLAL_m2.png Graphic file (type png)
<use ./Figs/GstLAL_m2.png>
Package pdftex.def Info: ./Figs/GstLAL_m2.png  used on input line 322.
(pdftex.def)             Requested size: 140.1189pt x 162.11388pt.
<./Figs/GstLAL_Mc.png, id=128, 275.0275pt x 318.18875pt>
File: ./Figs/GstLAL_Mc.png Graphic file (type png)
<use ./Figs/GstLAL_Mc.png>
Package pdftex.def Info: ./Figs/GstLAL_Mc.png  used on input line 323.
(pdftex.def)             Requested size: 140.1189pt x 162.11388pt.
<./Figs/GstLAL_q.png, id=129, 275.0275pt x 318.18875pt>
File: ./Figs/GstLAL_q.png Graphic file (type png)
<use ./Figs/GstLAL_q.png>
Package pdftex.def Info: ./Figs/GstLAL_q.png  used on input line 324.
(pdftex.def)             Requested size: 140.1189pt x 162.11388pt.

LaTeX Warning: Float too large for page by 1.06549pt on input line 334.

! Argument of \UL@word has an extra }.
<inserted text> 
                \par 
l.337 ...} [wrong way of doing things, ignore me]}
                                                  
I've run across a `}' that doesn't seem to match anything.
For example, `\def\a#1{...}' and `\a}' would produce
this error. If you simply proceed now, the `\par' that
I've just inserted will cause me to report a runaway
argument that might be the root of the problem. But if
your `}' was spurious, just type `2' and it will go away.

Runaway argument?
\@empty me]
! Paragraph ended before \UL@word was complete.
<to be read again> 
                   \par 
l.337 ...} [wrong way of doing things, ignore me]}
                                                  
I suspect you've forgotten a `}', causing me to apply this
control sequence to too much text. How can we recover?
My plan is to forget the whole thing and hope for the best.

Runaway argument?
\relax \setbox \UL@box \hbox {{(j}}\ULdepth \dp \UL@box \advance \ULdepth \ETC.
! Paragraph ended before \HyPsd@@ProtectSpacesFi was complete.
<to be read again> 
                   \par 
l.337 ...} [wrong way of doing things, ignore me]}
                                                  
I suspect you've forgotten a `}', causing me to apply this
control sequence to too much text. How can we recover?
My plan is to forget the whole thing and hope for the best.

! Use of \HyPsd@RemoveMask doesn't match its definition.
\Hy@tempa ->\par 
                 | 
l.337 ...} [wrong way of doing things, ignore me]}
                                                  
If you say, e.g., `\def\a1{...}', then you must always
put `1' after `\a', since control sequence names are
made up of letters only. The macro here has not been
followed by the required stuff, so I'm ignoring it.

! Undefined control sequence.
\HyPsd@ProtectSpaces ...d@RemoveMask #1\HyPsd@End 
                                                  #1
l.337 ...} [wrong way of doing things, ignore me]}
                                                  
The control sequence at the end of the top line
of your error message was never \def'ed. If you have
misspelled it (e.g., `\hobx'), type `I' and the correct
spelling (e.g., `I\hbox'). Otherwise just continue,
and I'll forget about whatever was undefined.

Runaway argument?
{
! Paragraph ended before \HyPsd@RemoveBraces was complete.
<to be read again> 
                   \par 
l.337 ...} [wrong way of doing things, ignore me]}
                                                  
I suspect you've forgotten a `}', causing me to apply this
control sequence to too much text. How can we recover?
My plan is to forget the whole thing and hope for the best.

! Extra }, or forgotten \endgroup.
\pdfstringdef ...d@RemoveBraces \expandafter {#1|}
                                                  \global \let #1\HyPsd@Stri...
l.337 ...} [wrong way of doing things, ignore me]}
                                                  
I've deleted a group-closing symbol because it seems to be
spurious, as in `$x}$'. But perhaps the } is legitimate and
you forgot something else, as in `\hbox{$x}'. In such cases
the way to recover is to insert both the forgotten and the
deleted material, e.g., by typing `I$}'.

! Argument of \HyPsd@CheckCatcodes has an extra }.
<inserted text> 
                \par 
l.337 ...} [wrong way of doing things, ignore me]}
                                                  
I've run across a `}' that doesn't seem to match anything.
For example, `\def\a#1{...}' and `\a}' would produce
this error. If you simply proceed now, the `\par' that
I've just inserted will cause me to report a runaway
argument that might be the root of the problem. But if
your `}' was spurious, just type `2' and it will go away.

Runaway argument?
\global \let \Hy@tempa \HyPsd@String 
! Paragraph ended before \HyPsd@CheckCatcodes was complete.
<to be read again> 
                   \par 
l.337 ...} [wrong way of doing things, ignore me]}
                                                  
I suspect you've forgotten a `}', causing me to apply this
control sequence to too much text. How can we recover?
My plan is to forget the whole thing and hope for the best.

Runaway argument?
\@empty \HyPsd@End \Hy@tempa \expandafter \HyPsd@Subst \expandafter {\ETC.
! Paragraph ended before \HyPsd@RemoveMask was complete.
<to be read again> 
                   \par 
l.372 
      
I suspect you've forgotten a `}', causing me to apply this
control sequence to too much text. How can we recover?
My plan is to forget the whole thing and hope for the best.

! Use of \begin doesn't match its definition.
l.388 \begin{
             equation}
If you say, e.g., `\def\a1{...}', then you must always
put `1' after `\a', since control sequence names are
made up of letters only. The macro here has not been
followed by the required stuff, so I'm ignoring it.

! Extra }, or forgotten \endgroup.
l.388 \begin{equation}
                      
I've deleted a group-closing symbol because it seems to be
spurious, as in `$x}$'. But perhaps the } is legitimate and
you forgot something else, as in `\hbox{$x}'. In such cases
the way to recover is to insert both the forgotten and the
deleted material, e.g., by typing `I$}'.

! Missing $ inserted.
<inserted text> 
                $
l.390 m_
        {1,2} = \frac{p^3}{2 \Mc^5}\left( 1 \pm \sqrt{1-4\nu} \right),
I've inserted a begin-math/end-math symbol since I think
you left one out. Proceed, with fingers crossed.

! Use of \end doesn't match its definition.
l.391 \end{
           equation}
If you say, e.g., `\def\a1{...}', then you must always
put `1' after `\a', since control sequence names are
made up of letters only. The macro here has not been
followed by the required stuff, so I'm ignoring it.

! Extra }, or forgotten $.
l.391 \end{equation}
                    
I've deleted a group-closing symbol because it seems to be
spurious, as in `$x}$'. But perhaps the } is legitimate and
you forgot something else, as in `\hbox{$x}'. In such cases
the way to recover is to insert both the forgotten and the
deleted material, e.g., by typing `I$}'.

! Missing $ inserted.
<inserted text> 
                $
l.392 where $p=m_
                 1 m_2$ (i.e. we omit the index $k=1$) and $\nu$ is the symm...
I've inserted a begin-math/end-math symbol since I think
you left one out. Proceed, with fingers crossed.

! Use of \begin doesn't match its definition.
l.393 \begin{
             equation}
If you say, e.g., `\def\a1{...}', then you must always
put `1' after `\a', since control sequence names are
made up of letters only. The macro here has not been
followed by the required stuff, so I'm ignoring it.

! Extra }, or forgotten \endgroup.
l.393 \begin{equation}
                      
I've deleted a group-closing symbol because it seems to be
spurious, as in `$x}$'. But perhaps the } is legitimate and
you forgot something else, as in `\hbox{$x}'. In such cases
the way to recover is to insert both the forgotten and the
deleted material, e.g., by typing `I$}'.

! Missing $ inserted.
<inserted text> 
                $
l.394 \nu
          \equiv \frac{\Mc^{10}}{p^5} = \frac{m_1 m_2}{(m_1+m_2)^2}\in (0, \...
I've inserted a begin-math/end-math symbol since I think
you left one out. Proceed, with fingers crossed.

! Use of \end doesn't match its definition.
l.395 \end{
           equation}
If you say, e.g., `\def\a1{...}', then you must always
put `1' after `\a', since control sequence names are
made up of letters only. The macro here has not been
followed by the required stuff, so I'm ignoring it.

! Extra }, or forgotten $.
l.395 \end{equation}
                    
I've deleted a group-closing symbol because it seems to be
spurious, as in `$x}$'. But perhaps the } is legitimate and
you forgot something else, as in `\hbox{$x}'. In such cases
the way to recover is to insert both the forgotten and the
deleted material, e.g., by typing `I$}'.

! Use of \begin doesn't match its definition.
l.397 \begin{
             equation}
If you say, e.g., `\def\a1{...}', then you must always
put `1' after `\a', since control sequence names are
made up of letters only. The macro here has not been
followed by the required stuff, so I'm ignoring it.

! Extra }, or forgotten $.
l.397 \begin{equation}
                      
I've deleted a group-closing symbol because it seems to be
spurious, as in `$x}$'. But perhaps the } is legitimate and
you forgot something else, as in `\hbox{$x}'. In such cases
the way to recover is to insert both the forgotten and the
deleted material, e.g., by typing `I$}'.

! Use of \end doesn't match its definition.
l.400 \end{
           equation}
If you say, e.g., `\def\a1{...}', then you must always
put `1' after `\a', since control sequence names are
made up of letters only. The macro here has not been
followed by the required stuff, so I'm ignoring it.

! Extra }, or forgotten $.
l.400 \end{equation}
                    
I've deleted a group-closing symbol because it seems to be
spurious, as in `$x}$'. But perhaps the } is legitimate and
you forgot something else, as in `\hbox{$x}'. In such cases
the way to recover is to insert both the forgotten and the
deleted material, e.g., by typing `I$}'.

! Missing $ inserted.
<inserted text> 
                $
l.402 $p_
         k$ and $\Mc$ are not constrained in this sense),
I've inserted a begin-math/end-math symbol since I think
you left one out. Proceed, with fingers crossed.

! Use of \begin doesn't match its definition.
l.406 \begin{
             equation}
If you say, e.g., `\def\a1{...}', then you must always
put `1' after `\a', since control sequence names are
made up of letters only. The macro here has not been
followed by the required stuff, so I'm ignoring it.

! Extra }, or forgotten \endgroup.
l.406 \begin{equation}
                      
I've deleted a group-closing symbol because it seems to be
spurious, as in `$x}$'. But perhaps the } is legitimate and
you forgot something else, as in `\hbox{$x}'. In such cases
the way to recover is to insert both the forgotten and the
deleted material, e.g., by typing `I$}'.

! Missing $ inserted.
<inserted text> 
                $
l.408 m_
        {1,2}^{\rm pred} = \frac{p_{\rm pred}^3}{2 M_{c, \rm pred}^5}\left( ...
I've inserted a begin-math/end-math symbol since I think
you left one out. Proceed, with fingers crossed.

! Use of \end doesn't match its definition.
l.409 \end{
           equation}
If you say, e.g., `\def\a1{...}', then you must always
put `1' after `\a', since control sequence names are
made up of letters only. The macro here has not been
followed by the required stuff, so I'm ignoring it.

! Extra }, or forgotten $.
l.409 \end{equation}
                    
I've deleted a group-closing symbol because it seems to be
spurious, as in `$x}$'. But perhaps the } is legitimate and
you forgot something else, as in `\hbox{$x}'. In such cases
the way to recover is to insert both the forgotten and the
deleted material, e.g., by typing `I$}'.

! Missing $ inserted.
<inserted text> 
                $
l.412 ...ith this approach the predictions for $m_
                                                  i$ and $\Mc$ can be not
I've inserted a begin-math/end-math symbol since I think
you left one out. Proceed, with fingers crossed.

! Use of \begin doesn't match its definition.
l.416 \begin{
             equation}
If you say, e.g., `\def\a1{...}', then you must always
put `1' after `\a', since control sequence names are
made up of letters only. The macro here has not been
followed by the required stuff, so I'm ignoring it.

! Extra }, or forgotten \endgroup.
l.416 \begin{equation}
                      
I've deleted a group-closing symbol because it seems to be
spurious, as in `$x}$'. But perhaps the } is legitimate and
you forgot something else, as in `\hbox{$x}'. In such cases
the way to recover is to insert both the forgotten and the
deleted material, e.g., by typing `I$}'.

! Missing $ inserted.
<inserted text> 
                $
l.417 \Mc
         ^{\rm pred} \equiv \frac{(m_i^{\rm pred} m_j^*)^{3/5}}{(m_i^{\rm pr...
I've inserted a begin-math/end-math symbol since I think
you left one out. Proceed, with fingers crossed.

! Use of \end doesn't match its definition.
l.418 \end{
           equation}
If you say, e.g., `\def\a1{...}', then you must always
put `1' after `\a', since control sequence names are
made up of letters only. The macro here has not been
followed by the required stuff, so I'm ignoring it.

! Extra }, or forgotten $.
l.418 \end{equation}
                    
I've deleted a group-closing symbol because it seems to be
spurious, as in `$x}$'. But perhaps the } is legitimate and
you forgot something else, as in `\hbox{$x}'. In such cases
the way to recover is to insert both the forgotten and the
deleted material, e.g., by typing `I$}'.

! Missing $ inserted.
<inserted text> 
                $
l.419 where $i\neq
                   j=1,2$, explicitly (omitting the superscript 'pred' in th...
I've inserted a begin-math/end-math symbol since I think
you left one out. Proceed, with fingers crossed.

! Use of \begin doesn't match its definition.
l.420 \begin{
             align}
If you say, e.g., `\def\a1{...}', then you must always
put `1' after `\a', since control sequence names are
made up of letters only. The macro here has not been
followed by the required stuff, so I'm ignoring it.

! Extra }, or forgotten \endgroup.
l.420 \begin{align}
                   
I've deleted a group-closing symbol because it seems to be
spurious, as in `$x}$'. But perhaps the } is legitimate and
you forgot something else, as in `\hbox{$x}'. In such cases
the way to recover is to insert both the forgotten and the
deleted material, e.g., by typing `I$}'.

! Missing $ inserted.
<inserted text> 
                $
l.421 m_
        j^* &= \frac{\Mc^{5/3}\left(3^{1/3} 2 \Mc^{5/3}+2^{1/3} S_i^2 \right...
I've inserted a begin-math/end-math symbol since I think
you left one out. Proceed, with fingers crossed.

! Misplaced alignment tab character &.
l.421 m_j^* &
             = \frac{\Mc^{5/3}\left(3^{1/3} 2 \Mc^{5/3}+2^{1/3} S_i^2 \right...
I can't figure out why you would want to use a tab mark
here. If you just want an ampersand, the remedy is
simple: Just type `I\&' now. But if some right brace
up above has ended a previous alignment prematurely,
you're probably due for more error messages, and you
might try typing `S' now just to see what is salvageable.

! Misplaced alignment tab character &.
l.422 S_i   &
             = \left(9 m_i^{5/2} + \sqrt{81 m_i^5 -12 \Mc^5}\right)^{1/3}.
I can't figure out why you would want to use a tab mark
here. If you just want an ampersand, the remedy is
simple: Just type `I\&' now. But if some right brace
up above has ended a previous alignment prematurely,
you're probably due for more error messages, and you
might try typing `S' now just to see what is salvageable.

! Use of \end doesn't match its definition.
l.423 \end{
           align}
If you say, e.g., `\def\a1{...}', then you must always
put `1' after `\a', since control sequence names are
made up of letters only. The macro here has not been
followed by the required stuff, so I'm ignoring it.

! Extra }, or forgotten $.
l.423 \end{align}
                 
I've deleted a group-closing symbol because it seems to be
spurious, as in `$x}$'. But perhaps the } is legitimate and
you forgot something else, as in `\hbox{$x}'. In such cases
the way to recover is to insert both the forgotten and the
deleted material, e.g., by typing `I$}'.

! Missing $ inserted.
<inserted text> 
                $
l.424 
      
I've inserted a begin-math/end-math symbol since I think
you left one out. Proceed, with fingers crossed.


Underfull \hbox (badness 1629) in paragraph at lines 374--424
\OT1/cmr/m/n/10 should be "spec-u-lar" in the other masse, so
 []


Overfull \hbox (34.94363pt too wide) in paragraph at lines 374--424
\OT1/cmr/m/n/10 (0\OML/cmm/m/it/10 ; []\OT1/cmr/m/n/10 ]\OML/cmm/m/it/10 :equat
ionHowever; notethattheconditionequation^^W \OT1/cmr/m/n/10 =
 []


Overfull \hbox (124.90363pt too wide) in paragraph at lines 374--424
\OMS/cmsy/m/n/10 M[]\OML/cmm/m/it/10 =p[] \OMS/cmsy/m/n/10 ^^T []\OML/cmm/m/it/
10 equationisnotenforcedduringthetraining\OT1/cmr/m/n/10 (\OML/cmm/m/it/10 i:e:
thepredictionsfor$\OT1/cmr/m/n/10 p$[]$
 []


Underfull \hbox (badness 2158) in paragraph at lines 374--424
\OT1/cmr/m/n/10 it is pos-si-ble that [] will be slightly vi-o-
 []


Underfull \hbox (badness 1168) in paragraph at lines 374--424
\OT1/cmr/m/n/10 lated, mak-ing the two masses com-plex. For
 []


Overfull \hbox (292.65894pt too wide) in paragraph at lines 374--424
[] [] \OML/cmm/m/it/10 :equationNotethatthecondition[]canbeviolatedprettyofteni
fwehavemanyequal \OMS/cmsy/m/n/10 ^^@
 []


Overfull \hbox (269.45859pt too wide) in paragraph at lines 374--424
\OML/cmm/m/it/10 massbinariesinthedataset\OT1/cmr/m/n/10 (\OML/cmm/m/it/10 andt
hisispreciselyourcase\OT1/cmr/m/n/10 )\OML/cmm/m/it/10 :Howevernotethatwiththis
approachthepredictionsfor$\OT1/cmr/m/n/10 m$[]$
 []


Underfull \hbox (badness 10000) in paragraph at lines 374--424
\OT1/cmr/m/n/10 and $\OMS/cmsy/m/n/10 M[]$ \OT1/cmr/m/n/10 can be not con-sis-t
ent, i.e.
 []


Underfull \hbox (badness 1097) in paragraph at lines 374--424
\OMS/cmsy/m/n/10 M[] 6\OT1/cmr/m/n/10 = (\OML/cmm/m/it/10 m[]m[]\OT1/cmr/m/n/10
 )[]\OML/cmm/m/it/10 =\OT1/cmr/m/n/10 (\OML/cmm/m/it/10 m[] \OT1/cmr/m/n/10 + \
OML/cmm/m/it/10 m[]\OT1/cmr/m/n/10 )[]$.
 []


Underfull \hbox (badness 10000) in paragraph at lines 374--424
\OT1/cmr/m/n/10 To en-force this con-di-tion we then com-
 []


Underfull \hbox (badness 10000) in paragraph at lines 374--424
\OT1/cmr/m/n/10 pute $\OML/cmm/m/it/10 m[]$ \OT1/cmr/m/n/10 re-quir-ing equa-ti
on M$[] \OMS/cmsy/m/n/10 ^^Q
 []


Underfull \hbox (badness 1728) in paragraph at lines 374--424
[]\OML/cmm/m/it/10 ; equationwhere$\OT1/cmr/m/n/10 i$\OMS/cmsy/m/n/10 6\OT1/cmr
/m/n/10 = \OML/cmm/m/it/10 j \OT1/cmr/m/n/10 = 1\OML/cmm/m/it/10 ; \OT1/cmr/m/n
/10 2$, ex-
 []

! Missing { inserted.
<to be read again> 
                   #
l.424 
      
A left brace was mandatory here, so I've put one in.
You might want to delete and/or insert some corrections
so that I will find a matching right brace soon.
(If you're confused by all this, try typing `I}' now.)

! Missing { inserted.
<to be read again> 
                   #
l.424 
      
A left brace was mandatory here, so I've put one in.
You might want to delete and/or insert some corrections
so that I will find a matching right brace soon.
(If you're confused by all this, try typing `I}' now.)


Overfull \vbox (649.88887pt too high) has occurred while \output is active []


! Missing { inserted.
<to be read again> 
                   #
l.424 
      
A left brace was mandatory here, so I've put one in.
You might want to delete and/or insert some corrections
so that I will find a matching right brace soon.
(If you're confused by all this, try typing `I}' now.)

! Missing { inserted.
<to be read again> 
                   #
l.424 
      
A left brace was mandatory here, so I've put one in.
You might want to delete and/or insert some corrections
so that I will find a matching right brace soon.
(If you're confused by all this, try typing `I}' now.)


Overfull \vbox (661.88887pt too high) has occurred while \output is active []


! Missing } inserted.
<inserted text> 
                }
l.424 
      
I've inserted something that you may have forgotten.
(See the <inserted text> above.)
With luck, this will get me unwedged. But if you
really didn't forget anything, try typing `2' now; then
my insertion and my current dilemma will both disappear.

! Missing } inserted.
<inserted text> 
                }
l.424 
      
I've inserted something that you may have forgotten.
(See the <inserted text> above.)
With luck, this will get me unwedged. But if you
really didn't forget anything, try typing `2' now; then
my insertion and my current dilemma will both disappear.

[9]
! Use of \begin doesn't match its definition.
l.448 \begin{
             figure*}[]
If you say, e.g., `\def\a1{...}', then you must always
put `1' after `\a', since control sequence names are
made up of letters only. The macro here has not been
followed by the required stuff, so I'm ignoring it.

pdfTeX warning (ext4): destination with the same identifier (name{page.9}) has 
been already used, duplicate ignored
<to be read again> 
                   \relax 
l.448 \begin{figure*}
                     [] [9]
! Missing number, treated as zero.
<to be read again> 
                   ]
l.450   \includegraphics[width=0.7\textwidth]
                                             {./Figs/GstLAL_p_regression.png}
A number should have been here; I inserted `0'.
(If you can't figure out why I needed to see a number,
look up `weird error' in the index to The TeXbook.)

! Illegal unit of measure (pt inserted).
<to be read again> 
                   ]
l.450   \includegraphics[width=0.7\textwidth]
                                             {./Figs/GstLAL_p_regression.png}
Dimensions can be in units of em, ex, in, pt, pc,
cm, mm, dd, cc, nd, nc, bp, or sp; but yours is a new one!
I'll assume that you meant to say pt, for printer's points.
To recover gracefully from this error, it's best to
delete the erroneous units; e.g., type `2' to delete
two letters. (See Chapter 27 of The TeXbook.)

! Missing $ inserted.
<inserted text> 
                $
l.450 ...phics[width=0.7\textwidth]{./Figs/GstLAL_
                                                  p_regression.png}
I've inserted a begin-math/end-math symbol since I think
you left one out. Proceed, with fingers crossed.

! Double subscript.
l.450 ...ics[width=0.7\textwidth]{./Figs/GstLAL_p_
                                                  regression.png}
I treat `x_1_2' essentially like `x_1{}_2'.

! Extra }, or forgotten $.
l.450 ...extwidth]{./Figs/GstLAL_p_regression.png}
                                                  
I've deleted a group-closing symbol because it seems to be
spurious, as in `$x}$'. But perhaps the } is legitimate and
you forgot something else, as in `\hbox{$x}'. In such cases
the way to recover is to insert both the forgotten and the
deleted material, e.g., by typing `I$}'.

! Missing number, treated as zero.
<to be read again> 
                   ]
l.451   \includegraphics[width=0.7\textwidth]
                                             {./Figs/GstLAL_p_regression_noi...
A number should have been here; I inserted `0'.
(If you can't figure out why I needed to see a number,
look up `weird error' in the index to The TeXbook.)

! Illegal unit of measure (pt inserted).
<to be read again> 
                   ]
l.451   \includegraphics[width=0.7\textwidth]
                                             {./Figs/GstLAL_p_regression_noi...
Dimensions can be in units of em, ex, in, pt, pc,
cm, mm, dd, cc, nd, nc, bp, or sp; but yours is a new one!
I'll assume that you meant to say pt, for printer's points.
To recover gracefully from this error, it's best to
delete the erroneous units; e.g., type `2' to delete
two letters. (See Chapter 27 of The TeXbook.)

! Double subscript.
l.451 ...ics[width=0.7\textwidth]{./Figs/GstLAL_p_
                                                  regression_noise.png}\\
I treat `x_1_2' essentially like `x_1{}_2'.


! LaTeX Error: There's no line here to end.

See the LaTeX manual or LaTeX Companion for explanation.
Type  H <return>  for immediate help.
 ...                                              
                                                  
l.451 ...]{./Figs/GstLAL_p_regression_noise.png}\\
                                                  
Your command was ignored.
Type \space I <command> <return> \space to replace it with another command,
or \space <return> \space to continue without it.

! Missing number, treated as zero.
<to be read again> 
                   ]
l.452   \includegraphics[width=0.27\textwidth]
                                              {./Figs/GstLAL_p_m2.png}
A number should have been here; I inserted `0'.
(If you can't figure out why I needed to see a number,
look up `weird error' in the index to The TeXbook.)

! Illegal unit of measure (pt inserted).
<to be read again> 
                   ]
l.452   \includegraphics[width=0.27\textwidth]
                                              {./Figs/GstLAL_p_m2.png}
Dimensions can be in units of em, ex, in, pt, pc,
cm, mm, dd, cc, nd, nc, bp, or sp; but yours is a new one!
I'll assume that you meant to say pt, for printer's points.
To recover gracefully from this error, it's best to
delete the erroneous units; e.g., type `2' to delete
two letters. (See Chapter 27 of The TeXbook.)

! Double subscript.
l.452 ...cs[width=0.27\textwidth]{./Figs/GstLAL_p_
                                                  m2.png}
I treat `x_1_2' essentially like `x_1{}_2'.

! Missing number, treated as zero.
<to be read again> 
                   ]
l.453   \includegraphics[width=0.27\textwidth]
                                              {./Figs/GstLAL_p_Mc.png}
A number should have been here; I inserted `0'.
(If you can't figure out why I needed to see a number,
look up `weird error' in the index to The TeXbook.)

! Illegal unit of measure (pt inserted).
<to be read again> 
                   ]
l.453   \includegraphics[width=0.27\textwidth]
                                              {./Figs/GstLAL_p_Mc.png}
Dimensions can be in units of em, ex, in, pt, pc,
cm, mm, dd, cc, nd, nc, bp, or sp; but yours is a new one!
I'll assume that you meant to say pt, for printer's points.
To recover gracefully from this error, it's best to
delete the erroneous units; e.g., type `2' to delete
two letters. (See Chapter 27 of The TeXbook.)

! Double subscript.
l.453 ...cs[width=0.27\textwidth]{./Figs/GstLAL_p_
                                                  Mc.png}
I treat `x_1_2' essentially like `x_1{}_2'.

! Missing number, treated as zero.
<to be read again> 
                   ]
l.454   \includegraphics[width=0.27\textwidth]
                                              {./Figs/GstLAL_p_q.png}\\
A number should have been here; I inserted `0'.
(If you can't figure out why I needed to see a number,
look up `weird error' in the index to The TeXbook.)

! Illegal unit of measure (pt inserted).
<to be read again> 
                   ]
l.454   \includegraphics[width=0.27\textwidth]
                                              {./Figs/GstLAL_p_q.png}\\
Dimensions can be in units of em, ex, in, pt, pc,
cm, mm, dd, cc, nd, nc, bp, or sp; but yours is a new one!
I'll assume that you meant to say pt, for printer's points.
To recover gracefully from this error, it's best to
delete the erroneous units; e.g., type `2' to delete
two letters. (See Chapter 27 of The TeXbook.)

! Double subscript.
l.454 ...cs[width=0.27\textwidth]{./Figs/GstLAL_p_
                                                  q.png}\\
I treat `x_1_2' essentially like `x_1{}_2'.


! LaTeX Error: There's no line here to end.

See the LaTeX manual or LaTeX Companion for explanation.
Type  H <return>  for immediate help.
 ...                                              
                                                  
l.454 ...=0.27\textwidth]{./Figs/GstLAL_p_q.png}\\
                                                  
Your command was ignored.
Type \space I <command> <return> \space to replace it with another command,
or \space <return> \space to continue without it.

! Missing number, treated as zero.
<to be read again> 
                   ]
l.455   \includegraphics[width=0.3\textwidth]
                                             {./Figs/GstLAL_p_m1m2.png}
A number should have been here; I inserted `0'.
(If you can't figure out why I needed to see a number,
look up `weird error' in the index to The TeXbook.)

! Illegal unit of measure (pt inserted).
<to be read again> 
                   ]
l.455   \includegraphics[width=0.3\textwidth]
                                             {./Figs/GstLAL_p_m1m2.png}
Dimensions can be in units of em, ex, in, pt, pc,
cm, mm, dd, cc, nd, nc, bp, or sp; but yours is a new one!
I'll assume that you meant to say pt, for printer's points.
To recover gracefully from this error, it's best to
delete the erroneous units; e.g., type `2' to delete
two letters. (See Chapter 27 of The TeXbook.)

! Double subscript.
l.455 ...ics[width=0.3\textwidth]{./Figs/GstLAL_p_
                                                  m1m2.png}
I treat `x_1_2' essentially like `x_1{}_2'.

! Missing number, treated as zero.
<to be read again> 
                   ]
l.457   \includegraphics[width=0.3\textwidth]
                                             {./Figs/GstLAL_standard_m1m2.png}
A number should have been here; I inserted `0'.
(If you can't figure out why I needed to see a number,
look up `weird error' in the index to The TeXbook.)

! Illegal unit of measure (pt inserted).
<to be read again> 
                   ]
l.457   \includegraphics[width=0.3\textwidth]
                                             {./Figs/GstLAL_standard_m1m2.png}
Dimensions can be in units of em, ex, in, pt, pc,
cm, mm, dd, cc, nd, nc, bp, or sp; but yours is a new one!
I'll assume that you meant to say pt, for printer's points.
To recover gracefully from this error, it's best to
delete the erroneous units; e.g., type `2' to delete
two letters. (See Chapter 27 of The TeXbook.)


! LaTeX Error: \caption outside float.

See the LaTeX manual or LaTeX Companion for explanation.
Type  H <return>  for immediate help.
 ...                                              
                                                  
l.458   \caption
                {\label{fig:GstLAL2_results} Results of the regression on th...

You're in trouble here. \space Try typing \space <return> \space to proceed.
If that doesn't work, type \space X <return> \space to quit.

! Missing } inserted.
<inserted text> 
                }
l.460 ...used one hidden layer with 100 neurons, $
                                                  N_{\rm batch}=128$, 100 ep...
I've inserted something that you may have forgotten.
(See the <inserted text> above.)
With luck, this will get me unwedged. But if you
really didn't forget anything, try typing `2' now; then
my insertion and my current dilemma will both disappear.

! Missing $ inserted.
<inserted text> 
                $
l.460 ...ed one hidden layer with 100 neurons, $N_
                                                  {\rm batch}=128$, 100 epochs,
I've inserted a begin-math/end-math symbol since I think
you left one out. Proceed, with fingers crossed.

! Use of \end doesn't match its definition.
l.473 \end{
           figure*}
If you say, e.g., `\def\a1{...}', then you must always
put `1' after `\a', since control sequence names are
made up of letters only. The macro here has not been
followed by the required stuff, so I'm ignoring it.

! Unbalanced output routine.
l.473 \end{figure*}
                   
Your sneaky output routine has problematic {'s and/or }'s.
I can't handle that very well; good luck.

)
! Emergency stop.
<*> notesFriendlyFormat.tex
                           
*** (job aborted, no legal \end found)

 
Here is how much of TeX's memory you used:
 6181 strings out of 492616
 90681 string characters out of 6129481
 191797 words of memory out of 5000000
 9993 multiletter control sequences out of 15000+600000
 11470 words of font info for 46 fonts, out of 8000000 for 9000
 1141 hyphenation exceptions out of 8191
 28i,10n,28p,987b,442s stack positions out of 5000i,500n,10000p,200000b,80000s
!  ==> Fatal error occurred, no output PDF file produced!
