This is pdfTeX, Version 3.14159265-2.6-1.40.20 (TeX Live 2019) (preloaded format=pdflatex 2020.3.26)  22 APR 2022 16:07
entering extended mode
 restricted \write18 enabled.
 %&-line parsing enabled.
**notesNSclassification.tex
(./notesNSclassification.tex
LaTeX2e <2018-12-01>
(/usr/local/texlive/2019/texmf-dist/tex/latex/revtex/revtex4-2.cls
Document Class: revtex4-2 2019/01/18/14:29:48 4.2c (https://journals.aps.org/re
vtex/ for documentation)
 Copyright (c) 2019 American Physical Society.
 mailto:revtex@aps.org
 Licensed under the LPPL:
http://www.ctan.org/tex-archive/macros/latex/base/lppl.txt
 Arthur Ogawa <arthur_ogawa at sbcglobal dot net>
 Based on work by David Carlisle <david at dcarlisle.demon.co.uk>Version (4.2c)
: Modified by Mark Doyle
 .
ltxutil[2019/01/18/14:29:48 4.2c utilities package (portions licensed from W. E
. Baxter web at superscript.com)]
LaTeX Info: Redefining \@centercr on input line 315.
Class revtex4-2 Info: Repairing broken LaTeX eqnarray on input line 365.
\eqncolsep=\skip41
Class revtex4-2 Info: Repairing hyperref-unfriendly LaTeX definition of \mpfoot
note on input line 440.
Class revtex4-2 Info: Repairing broken LateX \@sect on input line 762.
\intertabularlinepenalty=\count80
\@tbpen=\count81
\@arstrutbox@hline=\box27
Class revtex4-2 Info: Repairing broken LaTeX \@xbitor on input line 1793.
Class revtex4-2 Info: Making \typeout \long on input line 2053.
ltxfront[2019/01/18/14:29:48 4.2c frontmatter package (AO,DPC,MD)]
\c@affil=\count82
\c@collab=\count83
\absbox=\box28
ltxgrid[2019/01/18/14:29:48 4.2c page grid package (portions licensed from W. E
. Baxter web at superscript.com)]
\c@linecount=\count84
\output@latex=\toks14
\box@size@1=\box29
\box@size@2=\box30
\@protection@box=\box31
\@topmark@saved=\toks15
\footins@saved=\box32
\footins@recovered=\box33
\column@recovered=\box34
\pagesofar=\box35
\footsofar=\box36
\pagegrid@col=\count85
Class revtex4-2 Info: Overriding \@vspace, \@vspacer, \@no@pgbk, \@newline, and
 \\  on input line 5585.
\c@part=\count86
\c@section=\count87
\c@subsection=\count88
\c@subsubsection=\count89
\c@paragraph=\count90
\c@subparagraph=\count91
\abovecaptionskip=\skip42
\belowcaptionskip=\skip43
\c@figure=\count92
\fbox@1=\box37
\c@table=\count93
\fbox@2=\box38
\c@video=\count94
\fbox@4=\box39
\@bibdataout=\write3
\widetext@top=\box40
\widetext@bot=\box41
Class revtex4-2 Info: Selecting society aps on input line 7581.
(/usr/local/texlive/2019/texmf-dist/tex/latex/revtex/aps4-2.rtx
File: aps4-2 2019/01/18/14:29:48 4.2c (https://journals.aps.org/revtex/ for doc
umentation)
Class revtex4-2 Info: RevTeX society APS selected on input line 37.
)
Class revtex4-2 Info: Selecting journal prd on input line 7583.
Class revtex4-2 Info: APS journal PRD selected on input line 7584.


Class revtex4-2 Warning: No type size specified, using default 10.

(/usr/local/texlive/2019/texmf-dist/tex/latex/revtex/aps10pt4-2.rtx
File: aps10pt4-2 2019/01/18/14:29:48 4.2c (https://journals.aps.org/revtex/ for
 documentation)
Class revtex4-2 Info: RevTeX pointsize 10pt selected on input line 36.
)
(/usr/local/texlive/2019/texmf-dist/tex/latex/textcase/textcase.sty
Package: textcase 2004/10/07 v0.07 Text only upper/lower case changing (DPC)
)
(/usr/local/texlive/2019/texmf-dist/tex/latex/url/url.sty
\Urlmuskip=\muskip10
Package: url 2013/09/16  ver 3.4  Verb mode for urls, etc.
)
(/usr/local/texlive/2019/texmf-dist/tex/latex/natbib/natbib.sty
Package: natbib 2010/09/13 8.31b (PWD, AO)
\bibhang=\skip44
\bibsep=\skip45
LaTeX Info: Redefining \cite on input line 694.
\c@NAT@ctr=\count95
)
Class revtex4-2 Info: Repairing natbib's \BibitemShut on input line 7588.

(/usr/local/texlive/2019/texmf-dist/tex/latex/revtex/revsymb4-2.sty
Package: revsymb4-2 2019/01/18/14:29:48 4.2c (https://journals.aps.org/revtex/ 
for documentation)
LaTeX Info: Redefining \REV@mathfrak on input line 125.
))
(/usr/local/texlive/2019/texmf-dist/tex/latex/amsmath/amsmath.sty
Package: amsmath 2018/12/01 v2.17b AMS math features
\@mathmargin=\skip46

For additional information on amsmath, use the `?' option.
(/usr/local/texlive/2019/texmf-dist/tex/latex/amsmath/amstext.sty
Package: amstext 2000/06/29 v2.01 AMS text

(/usr/local/texlive/2019/texmf-dist/tex/latex/amsmath/amsgen.sty
File: amsgen.sty 1999/11/30 v2.0 generic functions
\@emptytoks=\toks16
\ex@=\dimen102
)
LaTeX Info: Redefining \text on input line 28.
)
(/usr/local/texlive/2019/texmf-dist/tex/latex/amsmath/amsbsy.sty
Package: amsbsy 1999/11/29 v1.2d Bold Symbols
\pmbraise@=\dimen103
)
(/usr/local/texlive/2019/texmf-dist/tex/latex/amsmath/amsopn.sty
Package: amsopn 2016/03/08 v2.02 operator names
)
\inf@bad=\count96
LaTeX Info: Redefining \frac on input line 223.
\uproot@=\count97
\leftroot@=\count98
LaTeX Info: Redefining \overline on input line 385.
\classnum@=\count99
\DOTSCASE@=\count100
LaTeX Info: Redefining \ldots on input line 482.
LaTeX Info: Redefining \dots on input line 485.
LaTeX Info: Redefining \cdots on input line 606.
\Mathstrutbox@=\box42
\strutbox@=\box43
\big@size=\dimen104
LaTeX Font Info:    Redeclaring font encoding OML on input line 729.
LaTeX Font Info:    Redeclaring font encoding OMS on input line 730.
\macc@depth=\count101
\c@MaxMatrixCols=\count102
\dotsspace@=\muskip11
\c@parentequation=\count103
\dspbrk@lvl=\count104
\tag@help=\toks17
\row@=\count105
\column@=\count106
\maxfields@=\count107
\andhelp@=\toks18
\eqnshift@=\dimen105
\alignsep@=\dimen106
\tagshift@=\dimen107
\tagwidth@=\dimen108
\totwidth@=\dimen109
\lineht@=\dimen110
\@envbody=\toks19
\multlinegap=\skip47
\multlinetaggap=\skip48
\mathdisplay@stack=\toks20
LaTeX Info: Redefining \[ on input line 2844.
LaTeX Info: Redefining \] on input line 2845.
)
(/usr/local/texlive/2019/texmf-dist/tex/latex/amsfonts/amsfonts.sty
Package: amsfonts 2013/01/14 v3.01 Basic AMSFonts support
\symAMSa=\mathgroup4
\symAMSb=\mathgroup5
LaTeX Font Info:    Overwriting math alphabet `\mathfrak' in version `bold'
(Font)                  U/euf/m/n --> U/euf/b/n on input line 106.
LaTeX Info: Redefining \frak on input line 111.
LaTeX Info: Redefining \Bbb on input line 113.
)
(/usr/local/texlive/2019/texmf-dist/tex/latex/amsfonts/amssymb.sty
Package: amssymb 2013/01/14 v3.01 AMS font symbols
)
(/usr/local/texlive/2019/texmf-dist/tex/latex/graphics/graphicx.sty
Package: graphicx 2017/06/01 v1.1a Enhanced LaTeX Graphics (DPC,SPQR)

(/usr/local/texlive/2019/texmf-dist/tex/latex/graphics/keyval.sty
Package: keyval 2014/10/28 v1.15 key=value parser (DPC)
\KV@toks@=\toks21
)
(/usr/local/texlive/2019/texmf-dist/tex/latex/graphics/graphics.sty
Package: graphics 2017/06/25 v1.2c Standard LaTeX Graphics (DPC,SPQR)

(/usr/local/texlive/2019/texmf-dist/tex/latex/graphics/trig.sty
Package: trig 2016/01/03 v1.10 sin cos tan (DPC)
)
(/usr/local/texlive/2019/texmf-dist/tex/latex/graphics-cfg/graphics.cfg
File: graphics.cfg 2016/06/04 v1.11 sample graphics configuration
)
Package graphics Info: Driver file: pdftex.def on input line 99.

(/usr/local/texlive/2019/texmf-dist/tex/latex/graphics-def/pdftex.def
File: pdftex.def 2018/01/08 v1.0l Graphics/color driver for pdftex
))
\Gin@req@height=\dimen111
\Gin@req@width=\dimen112
)
(/usr/local/texlive/2019/texmf-dist/tex/latex/graphics/color.sty
Package: color 2016/07/10 v1.1e Standard LaTeX Color (DPC)

(/usr/local/texlive/2019/texmf-dist/tex/latex/graphics-cfg/color.cfg
File: color.cfg 2016/01/02 v1.6 sample color configuration
)
Package color Info: Driver file: pdftex.def on input line 147.
)
(/usr/local/texlive/2019/texmf-dist/tex/latex/hyperref/hyperref.sty
Package: hyperref 2018/11/30 v6.88e Hypertext links for LaTeX

(/usr/local/texlive/2019/texmf-dist/tex/generic/oberdiek/hobsub-hyperref.sty
Package: hobsub-hyperref 2016/05/16 v1.14 Bundle oberdiek, subset hyperref (HO)


(/usr/local/texlive/2019/texmf-dist/tex/generic/oberdiek/hobsub-generic.sty
Package: hobsub-generic 2016/05/16 v1.14 Bundle oberdiek, subset generic (HO)
Package: hobsub 2016/05/16 v1.14 Construct package bundles (HO)
Package: infwarerr 2016/05/16 v1.4 Providing info/warning/error messages (HO)
Package: ltxcmds 2016/05/16 v1.23 LaTeX kernel commands for general use (HO)
Package: ifluatex 2016/05/16 v1.4 Provides the ifluatex switch (HO)
Package ifluatex Info: LuaTeX not detected.
Package: ifvtex 2016/05/16 v1.6 Detect VTeX and its facilities (HO)
Package ifvtex Info: VTeX not detected.
Package: intcalc 2016/05/16 v1.2 Expandable calculations with integers (HO)
Package: ifpdf 2018/09/07 v3.3 Provides the ifpdf switch
Package: etexcmds 2016/05/16 v1.6 Avoid name clashes with e-TeX commands (HO)
Package: kvsetkeys 2016/05/16 v1.17 Key value parser (HO)
Package: kvdefinekeys 2016/05/16 v1.4 Define keys (HO)
Package: pdftexcmds 2018/09/10 v0.29 Utility functions of pdfTeX for LuaTeX (HO
)
Package pdftexcmds Info: LuaTeX not detected.
Package pdftexcmds Info: \pdf@primitive is available.
Package pdftexcmds Info: \pdf@ifprimitive is available.
Package pdftexcmds Info: \pdfdraftmode found.
Package: pdfescape 2016/05/16 v1.14 Implements pdfTeX's escape features (HO)
Package: bigintcalc 2016/05/16 v1.4 Expandable calculations on big integers (HO
)
Package: bitset 2016/05/16 v1.2 Handle bit-vector datatype (HO)
Package: uniquecounter 2016/05/16 v1.3 Provide unlimited unique counter (HO)
)
Package hobsub Info: Skipping package `hobsub' (already loaded).
Package: letltxmacro 2016/05/16 v1.5 Let assignment for LaTeX macros (HO)
Package: hopatch 2016/05/16 v1.3 Wrapper for package hooks (HO)
Package: xcolor-patch 2016/05/16 xcolor patch
Package: atveryend 2016/05/16 v1.9 Hooks at the very end of document (HO)
Package: atbegshi 2016/06/09 v1.18 At begin shipout hook (HO)
Package: refcount 2016/05/16 v3.5 Data extraction from label references (HO)
Package: hycolor 2016/05/16 v1.8 Color options for hyperref/bookmark (HO)
)
(/usr/local/texlive/2019/texmf-dist/tex/generic/ifxetex/ifxetex.sty
Package: ifxetex 2010/09/12 v0.6 Provides ifxetex conditional
)
(/usr/local/texlive/2019/texmf-dist/tex/latex/oberdiek/auxhook.sty
Package: auxhook 2016/05/16 v1.4 Hooks for auxiliary files (HO)
)
(/usr/local/texlive/2019/texmf-dist/tex/latex/oberdiek/kvoptions.sty
Package: kvoptions 2016/05/16 v3.12 Key value format for package options (HO)
)
\@linkdim=\dimen113
\Hy@linkcounter=\count108
\Hy@pagecounter=\count109

(/usr/local/texlive/2019/texmf-dist/tex/latex/hyperref/pd1enc.def
File: pd1enc.def 2018/11/30 v6.88e Hyperref: PDFDocEncoding definition (HO)
Now handling font encoding PD1 ...
... no UTF-8 mapping file for font encoding PD1
)
\Hy@SavedSpaceFactor=\count110

(/usr/local/texlive/2019/texmf-dist/tex/latex/latexconfig/hyperref.cfg
File: hyperref.cfg 2002/06/06 v1.2 hyperref configuration of TeXLive
)
Package hyperref Info: Hyper figures OFF on input line 4519.
Package hyperref Info: Link nesting OFF on input line 4524.
Package hyperref Info: Hyper index ON on input line 4527.
Package hyperref Info: Plain pages OFF on input line 4534.
Package hyperref Info: Backreferencing OFF on input line 4539.
Package hyperref Info: Implicit mode ON; LaTeX internals redefined.
Package hyperref Info: Bookmarks ON on input line 4772.
LaTeX Info: Redefining \href on input line 5036.
\c@Hy@tempcnt=\count111
LaTeX Info: Redefining \url on input line 5125.
\XeTeXLinkMargin=\dimen114
\Fld@menulength=\count112
\Field@Width=\dimen115
\Fld@charsize=\dimen116
Package hyperref Info: Hyper figures OFF on input line 6380.
Package hyperref Info: Link nesting OFF on input line 6385.
Package hyperref Info: Hyper index ON on input line 6388.
Package hyperref Info: backreferencing OFF on input line 6395.
Package hyperref Info: Link coloring OFF on input line 6400.
Package hyperref Info: Link coloring with OCG OFF on input line 6405.
Package hyperref Info: PDF/A mode OFF on input line 6410.
LaTeX Info: Redefining \ref on input line 6450.
LaTeX Info: Redefining \pageref on input line 6454.
\Hy@abspage=\count113
\c@Item=\count114
\c@Hfootnote=\count115
)
Package hyperref Info: Driver (autodetected): hpdftex.

(/usr/local/texlive/2019/texmf-dist/tex/latex/hyperref/hpdftex.def
File: hpdftex.def 2018/11/30 v6.88e Hyperref driver for pdfTeX
\Fld@listcount=\count116
\c@bookmark@seq@number=\count117

(/usr/local/texlive/2019/texmf-dist/tex/latex/oberdiek/rerunfilecheck.sty
Package: rerunfilecheck 2016/05/16 v1.8 Rerun checks for auxiliary files (HO)
Package uniquecounter Info: New unique counter `rerunfilecheck' on input line 2
82.
)
\Hy@SectionHShift=\skip49
)
Class revtex4-2 Info: Patching LaTeX tabular. on input line 14.
Class revtex4-2 Info: Robustifying \LaTeX's \boldmath command on input line 14.

Class revtex4-2 Info: cite was not loaded (OK!) on input line 14.
Class revtex4-2 Info: mcite was not loaded (OK!) on input line 14.
Class revtex4-2 Info: multicol was not loaded (OK!) on input line 14.

(./notesNSclassification.aux

LaTeX Warning: Label `fig:indreccross' multiply defined.

)
\openout1 = `notesNSclassification.aux'.

LaTeX Font Info:    Checking defaults for OML/cmm/m/it on input line 14.
LaTeX Font Info:    ... okay on input line 14.
LaTeX Font Info:    Checking defaults for T1/cmr/m/n on input line 14.
LaTeX Font Info:    ... okay on input line 14.
LaTeX Font Info:    Checking defaults for OT1/cmr/m/n on input line 14.
LaTeX Font Info:    ... okay on input line 14.
LaTeX Font Info:    Checking defaults for OMS/cmsy/m/n on input line 14.
LaTeX Font Info:    ... okay on input line 14.
LaTeX Font Info:    Checking defaults for OMX/cmex/m/n on input line 14.
LaTeX Font Info:    ... okay on input line 14.
LaTeX Font Info:    Checking defaults for U/cmr/m/n on input line 14.
LaTeX Font Info:    ... okay on input line 14.
LaTeX Font Info:    Checking defaults for PD1/pdf/m/n on input line 14.
LaTeX Font Info:    ... okay on input line 14.
 (/usr/local/texlive/2019/texmf-dist/tex/context/base/mkii/supp-pdf.mkii
[Loading MPS to PDF converter (version 2006.09.02).]
\scratchcounter=\count118
\scratchdimen=\dimen117
\scratchbox=\box44
\nofMPsegments=\count119
\nofMParguments=\count120
\everyMPshowfont=\toks22
\MPscratchCnt=\count121
\MPscratchDim=\dimen118
\MPnumerator=\count122
\makeMPintoPDFobject=\count123
\everyMPtoPDFconversion=\toks23
) (/usr/local/texlive/2019/texmf-dist/tex/latex/oberdiek/epstopdf-base.sty
Package: epstopdf-base 2016/05/15 v2.6 Base part for package epstopdf

(/usr/local/texlive/2019/texmf-dist/tex/latex/oberdiek/grfext.sty
Package: grfext 2016/05/16 v1.2 Manage graphics extensions (HO)
)
Package epstopdf-base Info: Redefining graphics rule for `.eps' on input line 4
38.
Package grfext Info: Graphics extension search list:
(grfext)             [.pdf,.png,.jpg,.mps,.jpeg,.jbig2,.jb2,.PDF,.PNG,.JPG,.JPE
G,.JBIG2,.JB2,.eps]
(grfext)             \AppendGraphicsExtensions on input line 456.

(/usr/local/texlive/2019/texmf-dist/tex/latex/latexconfig/epstopdf-sys.cfg
File: epstopdf-sys.cfg 2010/07/13 v1.3 Configuration of (r)epstopdf for TeX Liv
e
))
\AtBeginShipoutBox=\box45
Package hyperref Info: Link coloring OFF on input line 14.

(/usr/local/texlive/2019/texmf-dist/tex/latex/hyperref/nameref.sty
Package: nameref 2016/05/21 v2.44 Cross-referencing by name of section

(/usr/local/texlive/2019/texmf-dist/tex/generic/oberdiek/gettitlestring.sty
Package: gettitlestring 2016/05/16 v1.5 Cleanup title references (HO)
)
\c@section@level=\count124
)
LaTeX Info: Redefining \ref on input line 14.
LaTeX Info: Redefining \pageref on input line 14.
LaTeX Info: Redefining \nameref on input line 14.

(./notesNSclassification.out) (./notesNSclassification.out)
\@outlinefile=\write4
\openout4 = `notesNSclassification.out'.

Class revtex4-2 Info: Taking \maketitle back from hyperref on input line 14.
\openout3 = `notesNSclassificationNotes.bib'.



Class revtex4-2 Warning: Assuming \noaffiliation for authors.

LaTeX Font Info:    Try loading font information for U+msa on input line 30.
(/usr/local/texlive/2019/texmf-dist/tex/latex/amsfonts/umsa.fd
File: umsa.fd 2013/01/14 v3.01 AMS symbols A
)
LaTeX Font Info:    Try loading font information for U+msb on input line 30.

(/usr/local/texlive/2019/texmf-dist/tex/latex/amsfonts/umsb.fd
File: umsb.fd 2013/01/14 v3.01 AMS symbols B
)
Underfull \hbox (badness 10000) in paragraph at lines 30--33
[]\OT1/cmr/m/n/10 Training and test-ing us-ing:
 []


LaTeX Warning: No positions in optional float specifier.
               Default added (so using `tbp') on input line 36.

<./FigNSclass/CM_indRecCross.png, id=40, 367.1316pt x 250.7769pt>
File: ./FigNSclass/CM_indRecCross.png Graphic file (type png)
<use ./FigNSclass/CM_indRecCross.png>
Package pdftex.def Info: ./FigNSclass/CM_indRecCross.png  used on input line 37
.
(pdftex.def)             Requested size: 163.20374pt x 111.47865pt.
<./FigNSclass/rocCurve_indRecCross.png, id=42, 381.22424pt x 282.93706pt>
File: ./FigNSclass/rocCurve_indRecCross.png Graphic file (type png)
<use ./FigNSclass/rocCurve_indRecCross.png>
Package pdftex.def Info: ./FigNSclass/rocCurve_indRecCross.png  used on input l
ine 38.
(pdftex.def)             Requested size: 163.20374pt x 121.12521pt.
<./FigNSclass/scatterplot_indRecCross.png, id=43, 375.0813pt x 274.98735pt>
File: ./FigNSclass/scatterplot_indRecCross.png Graphic file (type png)
<use ./FigNSclass/scatterplot_indRecCross.png>
Package pdftex.def Info: ./FigNSclass/scatterplot_indRecCross.png  used on inpu
t line 39.
(pdftex.def)             Requested size: 163.20374pt x 119.6479pt.

Underfull \hbox (badness 10000) in paragraph at lines 44--47
[]\OT1/cmr/m/n/10 Training and test-ing us-ing:
 []


Overfull \hbox (68.94565pt too wide) in paragraph at lines 44--47
\OML/cmm/m/it/10 m\OT1/cmr/m/n/10 1[]\OML/cmm/m/it/10 ; m\OT1/cmr/m/n/10 2[]\OM
L/cmm/m/it/10 ; chi\OT1/cmr/m/n/10 1[]\OML/cmm/m/it/10 ; chi\OT1/cmr/m/n/10 2[]
\OML/cmm/m/it/10 ; mc[]; q[]; R[]sco[]; Compactness[]; snr$\OT1/cmr/m/n/10 .
 []


Underfull \hbox (badness 2318) in paragraph at lines 44--47
\OT1/cmr/m/n/10 Stan-dard de-vi-a-tion of score dur-ing cross-val-i-da-tion:
 []


LaTeX Warning: No positions in optional float specifier.
               Default added (so using `tbp') on input line 51.

<./FigNSclass/CM_RecCross.png, id=44, 367.1316pt x 250.7769pt>
File: ./FigNSclass/CM_RecCross.png Graphic file (type png)
<use ./FigNSclass/CM_RecCross.png>
Package pdftex.def Info: ./FigNSclass/CM_RecCross.png  used on input line 52.
(pdftex.def)             Requested size: 163.20374pt x 111.47865pt.
<./FigNSclass/rocCurve_RecCross.png, id=45, 387.3672pt x 282.93706pt>
File: ./FigNSclass/rocCurve_RecCross.png Graphic file (type png)
<use ./FigNSclass/rocCurve_RecCross.png>
Package pdftex.def Info: ./FigNSclass/rocCurve_RecCross.png  used on input line
 53.
(pdftex.def)             Requested size: 163.20374pt x 119.20403pt.
<./FigNSclass/scatterplot_RecCross.png, id=46, 375.0813pt x 274.98735pt>
File: ./FigNSclass/scatterplot_RecCross.png Graphic file (type png)
<use ./FigNSclass/scatterplot_RecCross.png>
Package pdftex.def Info: ./FigNSclass/scatterplot_RecCross.png  used on input l
ine 54.
(pdftex.def)             Requested size: 163.20374pt x 119.6479pt.

Underfull \hbox (badness 10000) in paragraph at lines 59--61
[]\OT1/cmr/m/n/10 No cross-val-i-dated Score on test-ing:
 []


LaTeX Warning: No positions in optional float specifier.
               Default added (so using `tbp') on input line 62.

<./FigNSclass/CM_inj.png, id=47, 367.1316pt x 250.7769pt>
File: ./FigNSclass/CM_inj.png Graphic file (type png)
<use ./FigNSclass/CM_inj.png>
Package pdftex.def Info: ./FigNSclass/CM_inj.png  used on input line 63.
(pdftex.def)             Requested size: 163.20374pt x 111.47865pt.
<./FigNSclass/rocCurve_inj.png, id=48, 387.3672pt x 282.93706pt>
File: ./FigNSclass/rocCurve_inj.png Graphic file (type png)
<use ./FigNSclass/rocCurve_inj.png>
Package pdftex.def Info: ./FigNSclass/rocCurve_inj.png  used on input line 64.
(pdftex.def)             Requested size: 163.20374pt x 119.20403pt.
<./FigNSclass/scatterplot_inj.png, id=49, 375.0813pt x 274.98735pt>
File: ./FigNSclass/scatterplot_inj.png Graphic file (type png)
<use ./FigNSclass/scatterplot_inj.png>
Package pdftex.def Info: ./FigNSclass/scatterplot_inj.png  used on input line 6
5.
(pdftex.def)             Requested size: 163.20374pt x 119.6479pt.

LaTeX Warning: No positions in optional float specifier.
               Default added (so using `tbp') on input line 72.

<./FigNSclass/CM_ind_inj.png, id=50, 367.1316pt x 250.7769pt>
File: ./FigNSclass/CM_ind_inj.png Graphic file (type png)
<use ./FigNSclass/CM_ind_inj.png>
Package pdftex.def Info: ./FigNSclass/CM_ind_inj.png  used on input line 73.
(pdftex.def)             Requested size: 163.20374pt x 111.47865pt.
<./FigNSclass/rocCurve_ind_inj.png, id=51, 387.3672pt x 282.93706pt>
File: ./FigNSclass/rocCurve_ind_inj.png Graphic file (type png)
<use ./FigNSclass/rocCurve_ind_inj.png>
Package pdftex.def Info: ./FigNSclass/rocCurve_ind_inj.png  used on input line 
74.
(pdftex.def)             Requested size: 163.20374pt x 119.20403pt.
<./FigNSclass/scatterplot_ind_inj.png, id=52, 375.0813pt x 274.98735pt>
File: ./FigNSclass/scatterplot_ind_inj.png Graphic file (type png)
<use ./FigNSclass/scatterplot_ind_inj.png>
Package pdftex.def Info: ./FigNSclass/scatterplot_ind_inj.png  used on input li
ne 75.
(pdftex.def)             Requested size: 163.20374pt x 119.6479pt.
[1{/usr/local/texlive/2019/texmf-var/fonts/map/pdftex/updmap/pdftex.map} <./Fig
NSclass/CM_indRecCross.png> <./FigNSclass/rocCurve_indRecCross.png> <./FigNScla
ss/scatterplot_indRecCross.png> <./FigNSclass/CM_RecCross.png> <./FigNSclass/ro
cCurve_RecCross.png> <./FigNSclass/scatterplot_RecCross.png>]

LaTeX Warning: A float is stuck (cannot be placed); try class option [floatfix]
 on input line 78.

[2 <./FigNSclass/CM_inj.png> <./FigNSclass/rocCurve_inj.png> <./FigNSclass/scat
terplot_inj.png> <./FigNSclass/CM_ind_inj.png> <./FigNSclass/rocCurve_ind_inj.p
ng> <./FigNSclass/scatterplot_ind_inj.png>]

LaTeX Warning: No positions in optional float specifier.
               Default added (so using `tbp') on input line 103.

</Users/miquelmiravet/Projects/IPAM_LA/ML_group/KNN_miq/ipam_NS_set/plots_chatt
/conf_matrix.pdf, id=89, 722.7pt x 505.89pt>
File: /Users/miquelmiravet/Projects/IPAM_LA/ML_group/KNN_miq/ipam_NS_set/plots_
chatt/conf_matrix.pdf Graphic file (type pdf)
<use /Users/miquelmiravet/Projects/IPAM_LA/ML_group/KNN_miq/ipam_NS_set/plots_c
hatt/conf_matrix.pdf>
Package pdftex.def Info: /Users/miquelmiravet/Projects/IPAM_LA/ML_group/KNN_miq
/ipam_NS_set/plots_chatt/conf_matrix.pdf  used on input line 104.
(pdftex.def)             Requested size: 229.49844pt x 160.6453pt.
</Users/miquelmiravet/Projects/IPAM_LA/ML_group/KNN_miq/ipam_NS_set/plots_chatt
/m1m2prob.pdf, id=90, 505.89pt x 433.62pt>
File: /Users/miquelmiravet/Projects/IPAM_LA/ML_group/KNN_miq/ipam_NS_set/plots_
chatt/m1m2prob.pdf Graphic file (type pdf)
<use /Users/miquelmiravet/Projects/IPAM_LA/ML_group/KNN_miq/ipam_NS_set/plots_c
hatt/m1m2prob.pdf>
Package pdftex.def Info: /Users/miquelmiravet/Projects/IPAM_LA/ML_group/KNN_miq
/ipam_NS_set/plots_chatt/m1m2prob.pdf  used on input line 107.
(pdftex.def)             Requested size: 203.99689pt x 174.85423pt.

LaTeX Warning: No positions in optional float specifier.
               Default added (so using `tbp') on input line 111.

</Users/miquelmiravet/Projects/IPAM_LA/ML_group/KNN_miq/ipam_NS_set/plots_chatt
/m1qprob.pdf, id=91, 505.89pt x 433.62pt>
File: /Users/miquelmiravet/Projects/IPAM_LA/ML_group/KNN_miq/ipam_NS_set/plots_
chatt/m1qprob.pdf Graphic file (type pdf)
<use /Users/miquelmiravet/Projects/IPAM_LA/ML_group/KNN_miq/ipam_NS_set/plots_c
hatt/m1qprob.pdf>
Package pdftex.def Info: /Users/miquelmiravet/Projects/IPAM_LA/ML_group/KNN_miq
/ipam_NS_set/plots_chatt/m1qprob.pdf  used on input line 112.
(pdftex.def)             Requested size: 203.99689pt x 174.85423pt.
</Users/miquelmiravet/Projects/IPAM_LA/ML_group/KNN_miq/ipam_NS_set/plots_chatt
/ROCplot.pdf, id=92, 462.52798pt x 346.89601pt>
File: /Users/miquelmiravet/Projects/IPAM_LA/ML_group/KNN_miq/ipam_NS_set/plots_
chatt/ROCplot.pdf Graphic file (type pdf)
<use /Users/miquelmiravet/Projects/IPAM_LA/ML_group/KNN_miq/ipam_NS_set/plots_c
hatt/ROCplot.pdf>
Package pdftex.def Info: /Users/miquelmiravet/Projects/IPAM_LA/ML_group/KNN_miq
/ipam_NS_set/plots_chatt/ROCplot.pdf  used on input line 115.
(pdftex.def)             Requested size: 203.99689pt x 152.99994pt.

LaTeX Warning: No positions in optional float specifier.
               Default added (so using `tbp') on input line 132.

</Users/miquelmiravet/Projects/IPAM_LA/ML_group/KNN_miq/ipam_NS_set/plots_miq/C
rossValK.pdf, id=93, 462.52798pt x 346.89601pt>
File: /Users/miquelmiravet/Projects/IPAM_LA/ML_group/KNN_miq/ipam_NS_set/plots_
miq/CrossValK.pdf Graphic file (type pdf)
<use /Users/miquelmiravet/Projects/IPAM_LA/ML_group/KNN_miq/ipam_NS_set/plots_m
iq/CrossValK.pdf>
Package pdftex.def Info: /Users/miquelmiravet/Projects/IPAM_LA/ML_group/KNN_miq
/ipam_NS_set/plots_miq/CrossValK.pdf  used on input line 133.
(pdftex.def)             Requested size: 203.99689pt x 152.99994pt.

LaTeX Warning: No positions in optional float specifier.
               Default added (so using `tbp') on input line 140.

</Users/miquelmiravet/Projects/IPAM_LA/ML_group/KNN_miq/ipam_NS_set/plots_miq/c
onf_matrix.pdf, id=99, 722.7pt x 505.89pt>
File: /Users/miquelmiravet/Projects/IPAM_LA/ML_group/KNN_miq/ipam_NS_set/plots_
miq/conf_matrix.pdf Graphic file (type pdf)
<use /Users/miquelmiravet/Projects/IPAM_LA/ML_group/KNN_miq/ipam_NS_set/plots_m
iq/conf_matrix.pdf>
Package pdftex.def Info: /Users/miquelmiravet/Projects/IPAM_LA/ML_group/KNN_miq
/ipam_NS_set/plots_miq/conf_matrix.pdf  used on input line 141.
(pdftex.def)             Requested size: 229.49844pt x 160.6453pt.
</Users/miquelmiravet/Projects/IPAM_LA/ML_group/KNN_miq/ipam_NS_set/plots_miq/m
1m2prob.pdf, id=100, 505.89pt x 433.62pt>
File: /Users/miquelmiravet/Projects/IPAM_LA/ML_group/KNN_miq/ipam_NS_set/plots_
miq/m1m2prob.pdf Graphic file (type pdf)
<use /Users/miquelmiravet/Projects/IPAM_LA/ML_group/KNN_miq/ipam_NS_set/plots_m
iq/m1m2prob.pdf>
Package pdftex.def Info: /Users/miquelmiravet/Projects/IPAM_LA/ML_group/KNN_miq
/ipam_NS_set/plots_miq/m1m2prob.pdf  used on input line 144.
(pdftex.def)             Requested size: 203.99689pt x 174.85423pt.

LaTeX Warning: No positions in optional float specifier.
               Default added (so using `tbp') on input line 148.

</Users/miquelmiravet/Projects/IPAM_LA/ML_group/KNN_miq/ipam_NS_set/plots_miq/m
1qprob.pdf, id=101, 505.89pt x 433.62pt>
File: /Users/miquelmiravet/Projects/IPAM_LA/ML_group/KNN_miq/ipam_NS_set/plots_
miq/m1qprob.pdf Graphic file (type pdf)
<use /Users/miquelmiravet/Projects/IPAM_LA/ML_group/KNN_miq/ipam_NS_set/plots_m
iq/m1qprob.pdf>
Package pdftex.def Info: /Users/miquelmiravet/Projects/IPAM_LA/ML_group/KNN_miq
/ipam_NS_set/plots_miq/m1qprob.pdf  used on input line 149.
(pdftex.def)             Requested size: 203.99689pt x 174.85423pt.
</Users/miquelmiravet/Projects/IPAM_LA/ML_group/KNN_miq/ipam_NS_set/plots_miq/R
OCplot.pdf, id=102, 462.52798pt x 346.89601pt>
File: /Users/miquelmiravet/Projects/IPAM_LA/ML_group/KNN_miq/ipam_NS_set/plots_
miq/ROCplot.pdf Graphic file (type pdf)
<use /Users/miquelmiravet/Projects/IPAM_LA/ML_group/KNN_miq/ipam_NS_set/plots_m
iq/ROCplot.pdf>
Package pdftex.def Info: /Users/miquelmiravet/Projects/IPAM_LA/ML_group/KNN_miq
/ipam_NS_set/plots_miq/ROCplot.pdf  used on input line 152.
(pdftex.def)             Requested size: 203.99689pt x 152.99994pt.
No file notesNSclassification.bbl.
[3 </Users/miquelmiravet/Projects/IPAM_LA/ML_group/KNN_miq/ipam_NS_set/plots_ch
att/conf_matrix.pdf> </Users/miquelmiravet/Projects/IPAM_LA/ML_group/KNN_miq/ip
am_NS_set/plots_chatt/m1m2prob.pdf> </Users/miquelmiravet/Projects/IPAM_LA/ML_g
roup/KNN_miq/ipam_NS_set/plots_chatt/m1qprob.pdf> </Users/miquelmiravet/Project
s/IPAM_LA/ML_group/KNN_miq/ipam_NS_set/plots_chatt/ROCplot.pdf>] [4 </Users/miq
uelmiravet/Projects/IPAM_LA/ML_group/KNN_miq/ipam_NS_set/plots_miq/CrossValK.pd
f> </Users/miquelmiravet/Projects/IPAM_LA/ML_group/KNN_miq/ipam_NS_set/plots_mi
q/conf_matrix.pdf> </Users/miquelmiravet/Projects/IPAM_LA/ML_group/KNN_miq/ipam
_NS_set/plots_miq/m1m2prob.pdf>] [5 </Users/miquelmiravet/Projects/IPAM_LA/ML_g
roup/KNN_miq/ipam_NS_set/plots_miq/m1qprob.pdf> </Users/miquelmiravet/Projects/
IPAM_LA/ML_group/KNN_miq/ipam_NS_set/plots_miq/ROCplot.pdf>]
Package atveryend Info: Empty hook `AfterLastShipout' on input line 158.

(./notesNSclassification.aux)
Package atveryend Info: Executing hook `AtVeryEndDocument' on input line 158.
Package atveryend Info: Executing hook `AtEndAfterFileList' on input line 158.
Package rerunfilecheck Info: File `notesNSclassification.out' has not changed.
(rerunfilecheck)             Checksum: 0FD1170E473111BEB6A9A5765C948960;628.


LaTeX Warning: There were multiply-defined labels.

 ) 
Here is how much of TeX's memory you used:
 7928 strings out of 492616
 115887 string characters out of 6129481
 226196 words of memory out of 5000000
 11731 multiletter control sequences out of 15000+600000
 10045 words of font info for 39 fonts, out of 8000000 for 9000
 1141 hyphenation exceptions out of 8191
 28i,6n,28p,576b,371s stack positions out of 5000i,500n,10000p,200000b,80000s
</usr/local/texlive/2019/texmf-dist/fonts/type1/public/amsfonts/cm/cmbx12.pfb
></usr/local/texlive/2019/texmf-dist/fonts/type1/public/amsfonts/cm/cmbx9.pfb><
/usr/local/texlive/2019/texmf-dist/fonts/type1/public/amsfonts/cm/cmex10.pfb></
usr/local/texlive/2019/texmf-dist/fonts/type1/public/amsfonts/cm/cmmi10.pfb></u
sr/local/texlive/2019/texmf-dist/fonts/type1/public/amsfonts/cm/cmmi7.pfb></usr
/local/texlive/2019/texmf-dist/fonts/type1/public/amsfonts/cm/cmmi9.pfb></usr/l
ocal/texlive/2019/texmf-dist/fonts/type1/public/amsfonts/cm/cmr10.pfb></usr/loc
al/texlive/2019/texmf-dist/fonts/type1/public/amsfonts/cm/cmr12.pfb></usr/local
/texlive/2019/texmf-dist/fonts/type1/public/amsfonts/cm/cmr17.pfb></usr/local/t
exlive/2019/texmf-dist/fonts/type1/public/amsfonts/cm/cmr6.pfb></usr/local/texl
ive/2019/texmf-dist/fonts/type1/public/amsfonts/cm/cmr7.pfb></usr/local/texlive
/2019/texmf-dist/fonts/type1/public/amsfonts/cm/cmr9.pfb></usr/local/texlive/20
19/texmf-dist/fonts/type1/public/amsfonts/cm/cmti10.pfb>
Output written on notesNSclassification.pdf (5 pages, 5197925 bytes).
PDF statistics:
 277 PDF objects out of 1000 (max. 8388607)
 207 compressed objects within 3 object streams
 27 named destinations out of 1000 (max. 500000)
 178 words of extra memory for PDF output out of 10000 (max. 10000000)

