This is pdfTeX, Version 3.141592653-2.6-1.40.22 (MiKTeX 21.3) (preloaded format=pdflatex 2023.1.16)  18 JAN 2023 11:54
entering extended mode
**./classification_paper.tex
(classification_paper.tex
LaTeX2e <2020-10-01> patch level 4
L3 programming layer <2021-02-18>
(/home/miquelmiravet/.miktex/texmfs/install/tex/latex/revtex/revtex4-2.cls
Document Class: revtex4-2 2020/10/03 4.2e (https://journals.aps.org/revtex/ for
 documentation)
 Copyright (c) 2019 American Physical Society.
 mailto:revtex@aps.org
 Licensed under the LPPL:
http://www.ctan.org/tex-archive/macros/latex/base/lppl.txt
 Arthur Ogawa <arthur_ogawa at sbcglobal dot net>
 Based on work by David Carlisle <david at dcarlisle.demon.co.uk>
 Version (4.2d,4.2e): Modified by Mark Doyle and Phelype Oleinik
 .
ltxutil[2020/10/03 4.2e utilities package (portions licensed from W. E. Baxter 
web at superscript.com)]
LaTeX Info: Redefining \@centercr on input line 356.
Class revtex4-2 Info: Repairing broken LaTeX eqnarray on input line 406.
\eqncolsep=\skip47
Class revtex4-2 Info: Repairing hyperref-unfriendly LaTeX definition of \mpfoot
note on input line 481.
Class revtex4-2 Info: Repairing broken LateX \@sect on input line 803.
\intertabularlinepenalty=\count179
\@tbpen=\count180
\@arstrutbox@hline=\box47
Class revtex4-2 Info: Repairing broken LaTeX \@xbitor on input line 1834.
Class revtex4-2 Info: Making \typeout \long on input line 2099.
ltxfront[2020/10/03 4.2e frontmatter package (AO,DPC,MD)]
\c@affil=\count181
\c@collab=\count182
\absbox=\box48
ltxgrid[2020/10/03 4.2e page grid package (portions licensed from W. E. Baxter 
web at superscript.com)]
\c@linecount=\count183
\output@latex=\toks15
\box@size@1=\box49
\box@size@2=\box50
\@protection@box=\box51
\@topmark@saved=\toks16
\footins@saved=\box52
\footins@recovered=\box53
\column@recovered=\box54
\pagesofar=\box55
\footsofar=\box56
\pagegrid@col=\count184
Class revtex4-2 Info: Overriding \@vspace, \@vspacer, \@no@pgbk, \@newline, and
 \\  on input line 5665.
\c@part=\count185
\c@section=\count186
\c@subsection=\count187
\c@subsubsection=\count188
\c@paragraph=\count189
\c@subparagraph=\count190
\abovecaptionskip=\skip48
\belowcaptionskip=\skip49
\c@figure=\count191
\fbox@1=\box57
\c@table=\count192
\fbox@2=\box58
\c@video=\count193
\fbox@4=\box59
\@bibdataout=\write3
\widetext@top=\box60
\widetext@bot=\box61
Class revtex4-2 Info: Selecting society aps on input line 7658.
(/home/miquelmiravet/.miktex/texmfs/install/tex/latex/revtex/aps4-2.rtx
File: aps4-2 2020/10/03 4.2e (https://journals.aps.org/revtex/ for documentatio
n)
Class revtex4-2 Info: RevTeX society APS selected on input line 40.
)
Class revtex4-2 Info: Selecting journal prd on input line 7660.
Class revtex4-2 Info: APS journal PRD selected on input line 7661.


Class revtex4-2 Warning: No type size specified, using default 10.

(/home/miquelmiravet/.miktex/texmfs/install/tex/latex/revtex/aps10pt4-2.rtx
File: aps10pt4-2 2020/10/03 4.2e (https://journals.aps.org/revtex/ for document
ation)
Class revtex4-2 Info: RevTeX pointsize 10pt selected on input line 39.
)
(/home/miquelmiravet/.miktex/texmfs/install/tex/latex/textcase/textcase.sty
Package: textcase 2022/07/10 v1.03 Text only upper/lower case changing (DPC)
)
(/home/miquelmiravet/.miktex/texmfs/install/tex/latex/url/url.sty
\Urlmuskip=\muskip16
Package: url 2013/09/16  ver 3.4  Verb mode for urls, etc.
)
(/home/miquelmiravet/.miktex/texmfs/install/tex/latex/natbib/natbib.sty
Package: natbib 2010/09/13 8.31b (PWD, AO)
\bibhang=\skip50
\bibsep=\skip51
LaTeX Info: Redefining \cite on input line 694.
\c@NAT@ctr=\count194
)
Class revtex4-2 Info: Repairing natbib's \BibitemShut on input line 7665.

(/home/miquelmiravet/.miktex/texmfs/install/tex/latex/revtex/revsymb4-2.sty
Package: revsymb4-2 2020/10/03 4.2e (https://journals.aps.org/revtex/ for docum
entation)
LaTeX Info: Redefining \REV@mathfrak on input line 128.
))
(/home/miquelmiravet/.miktex/texmfs/install/tex/latex/graphics/graphicx.sty
Package: graphicx 2020/09/09 v1.2b Enhanced LaTeX Graphics (DPC,SPQR)

(/home/miquelmiravet/.miktex/texmfs/install/tex/latex/graphics/keyval.sty
Package: keyval 2014/10/28 v1.15 key=value parser (DPC)
\KV@toks@=\toks17
)
(/home/miquelmiravet/.miktex/texmfs/install/tex/latex/graphics/graphics.sty
Package: graphics 2020/08/30 v1.4c Standard LaTeX Graphics (DPC,SPQR)

(/home/miquelmiravet/.miktex/texmfs/install/tex/latex/graphics/trig.sty
Package: trig 2016/01/03 v1.10 sin cos tan (DPC)
)
(/home/miquelmiravet/.miktex/texmfs/install/tex/latex/graphics-cfg/graphics.cfg
File: graphics.cfg 2016/06/04 v1.11 sample graphics configuration
)
Package graphics Info: Driver file: pdftex.def on input line 105.
 (/home/miquelmiravet/.miktex/texmfs/install/tex/latex/graphics-def/pdftex.def
File: pdftex.def 2020/10/05 v1.2a Graphics/color driver for pdftex
))
\Gin@req@height=\dimen138
\Gin@req@width=\dimen139
) (/home/miquelmiravet/.miktex/texmfs/install/tex/latex/amsmath/amsmath.sty
Package: amsmath 2021/10/15 v2.17l AMS math features
\@mathmargin=\skip52

For additional information on amsmath, use the `?' option.
(/home/miquelmiravet/.miktex/texmfs/install/tex/latex/amsmath/amstext.sty
Package: amstext 2021/08/26 v2.01 AMS text

(/home/miquelmiravet/.miktex/texmfs/install/tex/latex/amsmath/amsgen.sty
File: amsgen.sty 1999/11/30 v2.0 generic functions
\@emptytoks=\toks18
\ex@=\dimen140
)
LaTeX Info: Redefining \text on input line 28.
)
(/home/miquelmiravet/.miktex/texmfs/install/tex/latex/amsmath/amsbsy.sty
Package: amsbsy 1999/11/29 v1.2d Bold Symbols
\pmbraise@=\dimen141
)
(/home/miquelmiravet/.miktex/texmfs/install/tex/latex/amsmath/amsopn.sty
Package: amsopn 2021/08/26 v2.02 operator names
)
\inf@bad=\count195
LaTeX Info: Redefining \frac on input line 234.
\uproot@=\count196
\leftroot@=\count197
LaTeX Info: Redefining \overline on input line 399.
\classnum@=\count198
\DOTSCASE@=\count199
LaTeX Info: Redefining \ldots on input line 496.
LaTeX Info: Redefining \dots on input line 499.
LaTeX Info: Redefining \cdots on input line 620.
\Mathstrutbox@=\box62
\strutbox@=\box63
\big@size=\dimen142
LaTeX Font Info:    Redeclaring font encoding OML on input line 743.
LaTeX Font Info:    Redeclaring font encoding OMS on input line 744.
\macc@depth=\count266
\c@MaxMatrixCols=\count267
\dotsspace@=\muskip17
\c@parentequation=\count268
\dspbrk@lvl=\count269
\tag@help=\toks19
\row@=\count270
\column@=\count271
\maxfields@=\count272
\andhelp@=\toks20
\eqnshift@=\dimen143
\alignsep@=\dimen144
\tagshift@=\dimen145
\tagwidth@=\dimen146
\totwidth@=\dimen147
\lineht@=\dimen148
\@envbody=\toks21
\multlinegap=\skip53
\multlinetaggap=\skip54
\mathdisplay@stack=\toks22
LaTeX Info: Redefining \[ on input line 2938.
LaTeX Info: Redefining \] on input line 2939.
)
(/home/miquelmiravet/.miktex/texmfs/install/tex/latex/graphics/color.sty
Package: color 2020/02/24 v1.2b Standard LaTeX Color (DPC)

(/home/miquelmiravet/.miktex/texmfs/install/tex/latex/graphics-cfg/color.cfg
File: color.cfg 2016/01/02 v1.6 sample color configuration
)
Package color Info: Driver file: pdftex.def on input line 147.
)
(/home/miquelmiravet/.miktex/texmfs/install/tex/latex/tools/dcolumn.sty
Package: dcolumn 2014/10/28 v1.06 decimal alignment package (DPC)

(/home/miquelmiravet/.miktex/texmfs/install/tex/latex/tools/array.sty
Package: array 2022/03/10 v2.5f Tabular extension package (FMi)
\col@sep=\dimen149
\ar@mcellbox=\box64
\extrarowheight=\dimen150
\NC@list=\toks23
\extratabsurround=\skip55
\backup@length=\skip56
\ar@cellbox=\box65
))
(/home/miquelmiravet/.miktex/texmfs/install/tex/latex/tensor/tensor.sty
Package: tensor 2004/12/20 v2.1 tensor indices package (PGR)
LaTeX Info: Redefining \tensor on input line 24.
\tnsr@Sps=\toks24
\tnsr@Sbs=\toks25
\tnsr@Spe=\toks26
\tnsr@Sbe=\toks27
\ncld@Mno=\toks28
)
(/home/miquelmiravet/.miktex/texmfs/install/tex/latex/tools/bm.sty
Package: bm 2022/01/05 v1.2f Bold Symbol Support (DPC/FMi)
\symboldoperators=\mathgroup4
\symboldletters=\mathgroup5
\symboldsymbols=\mathgroup6
Package bm Info: No bold for \OMX/cmex/m/n, using \pmb.
LaTeX Font Info:    Redeclaring math alphabet \mathbf on input line 149.
LaTeX Info: Redefining \bm on input line 219.
)
(/home/miquelmiravet/.miktex/texmfs/install/tex/latex/makecell/makecell.sty
Package: makecell 2009/08/03 V0.1e Managing of Tab Column Heads and Cells
\rotheadsize=\dimen151
\c@nlinenum=\count273
\TeXr@lab=\toks29
)
(/home/miquelmiravet/.miktex/texmfs/install/tex/latex/base/fontenc.sty
Package: fontenc 2020/08/10 v2.0s Standard LaTeX package
)
(/home/miquelmiravet/.miktex/texmfs/install/tex/latex/base/inputenc.sty
Package: inputenc 2020/08/01 v1.3d Input encoding file
\inpenc@prehook=\toks30
\inpenc@posthook=\toks31
)
(/home/miquelmiravet/.miktex/texmfs/install/tex/latex/microtype/microtype.sty
Package: microtype 2022/06/23 v3.0f Micro-typographical refinements (RS)

(/home/miquelmiravet/.miktex/texmfs/install/tex/latex/etoolbox/etoolbox.sty
Package: etoolbox 2020/10/05 v2.5k e-TeX tools for LaTeX (JAW)
\etb@tempcnta=\count274
)
\MT@toks=\toks32
\MT@tempbox=\box66
\MT@count=\count275
LaTeX Info: Redefining \noprotrusionifhmode on input line 1045.
LaTeX Info: Redefining \leftprotrusion on input line 1046.
LaTeX Info: Redefining \rightprotrusion on input line 1056.
LaTeX Info: Redefining \textls on input line 1234.
\MT@outer@kern=\dimen152
LaTeX Info: Redefining \textmicrotypecontext on input line 1858.
\MT@listname@count=\count276

(/home/miquelmiravet/.miktex/texmfs/install/tex/latex/microtype/microtype-pdfte
x.def
File: microtype-pdftex.def 2022/06/23 v3.0f Definitions specific to pdftex (RS)

LaTeX Info: Redefining \lsstyle on input line 900.
LaTeX Info: Redefining \lslig on input line 900.
\MT@outer@space=\skip57
)
Package microtype Info: Loading configuration file microtype.cfg.

(/home/miquelmiravet/.miktex/texmfs/install/tex/latex/microtype/microtype.cfg
File: microtype.cfg 2022/06/23 v3.0f microtype main configuration file (RS)
)) (/home/miquelmiravet/.miktex/texmfs/install/tex/latex/amsfonts/amssymb.sty
Package: amssymb 2013/01/14 v3.01 AMS font symbols

(/home/miquelmiravet/.miktex/texmfs/install/tex/latex/amsfonts/amsfonts.sty
Package: amsfonts 2013/01/14 v3.01 Basic AMSFonts support
\symAMSa=\mathgroup7
\symAMSb=\mathgroup8
LaTeX Font Info:    Redeclaring math symbol \hbar on input line 98.
LaTeX Font Info:    Overwriting math alphabet `\mathfrak' in version `bold'
(Font)                  U/euf/m/n --> U/euf/b/n on input line 106.
LaTeX Info: Redefining \frak on input line 111.
LaTeX Info: Redefining \Bbb on input line 113.
))
(/home/miquelmiravet/.miktex/texmfs/install/tex/latex/jknappen/mathrsfs.sty
Package: mathrsfs 1996/01/01 Math RSFS package v1.0 (jk)
\symrsfs=\mathgroup9
)
(/home/miquelmiravet/.miktex/texmfs/install/tex/latex/accents/accents.sty
Package: accents 2006/05/12 v1.4 Math Accent Tools
\cc@skew=\dimen153
\cc@wd=\dimen154
\cc@code=\count277
\cc@group=\count278
\cc@skewchar=\count279
)
(/home/miquelmiravet/.miktex/texmfs/install/tex/latex/ulem/ulem.sty
\UL@box=\box67
\UL@hyphenbox=\box68
\UL@skip=\skip58
\UL@hook=\toks33
\UL@height=\dimen155
\UL@pe=\count280
\UL@pixel=\dimen156
\ULC@box=\box69
Package: ulem 2019/11/18
\ULdepth=\dimen157
)
(/home/miquelmiravet/.miktex/texmfs/install/tex/latex/xcolor/xcolor.sty
Package: xcolor 2022/06/12 v2.14 LaTeX color extensions (UK)

(/home/miquelmiravet/.miktex/texmfs/install/tex/latex/graphics-cfg/color.cfg
File: color.cfg 2016/01/02 v1.6 sample color configuration
)
Package xcolor Info: Driver file: pdftex.def on input line 227.

(/home/miquelmiravet/.miktex/texmfs/install/tex/latex/colortbl/colortbl.sty
Package: colortbl 2022/06/20 v1.0f Color table columns (DPC)
\everycr=\toks34
\minrowclearance=\skip59
\rownum=\count281
)
LaTeX Info: Redefining \color on input line 711.
Package xcolor Info: Model `cmy' substituted by `cmy0' on input line 1353.
Package xcolor Info: Model `hsb' substituted by `rgb' on input line 1357.
Package xcolor Info: Model `RGB' extended on input line 1369.
Package xcolor Info: Model `HTML' substituted by `rgb' on input line 1371.
Package xcolor Info: Model `Hsb' substituted by `hsb' on input line 1372.
Package xcolor Info: Model `tHsb' substituted by `hsb' on input line 1373.
Package xcolor Info: Model `HSB' substituted by `hsb' on input line 1374.
Package xcolor Info: Model `Gray' substituted by `gray' on input line 1375.
Package xcolor Info: Model `wave' substituted by `hsb' on input line 1376.

(/home/miquelmiravet/.miktex/texmfs/install/tex/latex/graphics/dvipsnam.def
File: dvipsnam.def 2016/06/17 v3.0m Driver-dependent file (DPC,SPQR)
))
(/home/miquelmiravet/.miktex/texmfs/install/tex/latex/hyperref/hyperref.sty
Package: hyperref 2021-06-07 v7.00m Hypertext links for LaTeX

(/home/miquelmiravet/.miktex/texmfs/install/tex/generic/ltxcmds/ltxcmds.sty
Package: ltxcmds 2020-05-10 v1.25 LaTeX kernel commands for general use (HO)
)
(/home/miquelmiravet/.miktex/texmfs/install/tex/generic/iftex/iftex.sty
Package: iftex 2020/03/06 v1.0d TeX engine tests
)
(/home/miquelmiravet/.miktex/texmfs/install/tex/generic/pdftexcmds/pdftexcmds.s
ty
Package: pdftexcmds 2020-06-27 v0.33 Utility functions of pdfTeX for LuaTeX (HO
)

(/home/miquelmiravet/.miktex/texmfs/install/tex/generic/infwarerr/infwarerr.sty
Package: infwarerr 2019/12/03 v1.5 Providing info/warning/error messages (HO)
)
Package pdftexcmds Info: \pdf@primitive is available.
Package pdftexcmds Info: \pdf@ifprimitive is available.
Package pdftexcmds Info: \pdfdraftmode found.
)
(/home/miquelmiravet/.miktex/texmfs/install/tex/generic/kvsetkeys/kvsetkeys.sty
Package: kvsetkeys 2019/12/15 v1.18 Key value parser (HO)
)
(/home/miquelmiravet/.miktex/texmfs/install/tex/generic/kvdefinekeys/kvdefineke
ys.sty
Package: kvdefinekeys 2019-12-19 v1.6 Define keys (HO)
)
(/home/miquelmiravet/.miktex/texmfs/install/tex/generic/pdfescape/pdfescape.sty
Package: pdfescape 2019/12/09 v1.15 Implements pdfTeX's escape features (HO)
) (/home/miquelmiravet/.miktex/texmfs/install/tex/latex/hycolor/hycolor.sty
Package: hycolor 2020-01-27 v1.10 Color options for hyperref/bookmark (HO)
)
(/home/miquelmiravet/.miktex/texmfs/install/tex/latex/letltxmacro/letltxmacro.s
ty
Package: letltxmacro 2019/12/03 v1.6 Let assignment for LaTeX macros (HO)
) (/home/miquelmiravet/.miktex/texmfs/install/tex/latex/auxhook/auxhook.sty
Package: auxhook 2019-12-17 v1.6 Hooks for auxiliary files (HO)
)
(/home/miquelmiravet/.miktex/texmfs/install/tex/latex/kvoptions/kvoptions.sty
Package: kvoptions 2020-10-07 v3.14 Key value format for package options (HO)
)
\@linkdim=\dimen158
\Hy@linkcounter=\count282
\Hy@pagecounter=\count283

(/home/miquelmiravet/.miktex/texmfs/install/tex/latex/hyperref/pd1enc.def
File: pd1enc.def 2021-06-07 v7.00m Hyperref: PDFDocEncoding definition (HO)
Now handling font encoding PD1 ...
... no UTF-8 mapping file for font encoding PD1
)
(/home/miquelmiravet/.miktex/texmfs/install/tex/latex/hyperref/hyperref-langpat
ches.def
File: hyperref-langpatches.def 2021-06-07 v7.00m Hyperref: patches for babel la
nguages
)
(/home/miquelmiravet/.miktex/texmfs/install/tex/generic/intcalc/intcalc.sty
Package: intcalc 2019/12/15 v1.3 Expandable calculations with integers (HO)
)
(/home/miquelmiravet/.miktex/texmfs/install/tex/generic/etexcmds/etexcmds.sty
Package: etexcmds 2019/12/15 v1.7 Avoid name clashes with e-TeX commands (HO)
)
\Hy@SavedSpaceFactor=\count284

(/home/miquelmiravet/.miktex/texmfs/install/tex/latex/hyperref/puenc.def
File: puenc.def 2021-06-07 v7.00m Hyperref: PDF Unicode definition (HO)
Now handling font encoding PU ...
... no UTF-8 mapping file for font encoding PU
)
Package hyperref Info: Option `colorlinks' set `true' on input line 4073.
Package hyperref Info: Option `pdfusetitle' set `true' on input line 4073.
Package hyperref Info: Hyper figures OFF on input line 4192.
Package hyperref Info: Link nesting OFF on input line 4197.
Package hyperref Info: Hyper index ON on input line 4200.
Package hyperref Info: Plain pages OFF on input line 4207.
Package hyperref Info: Backreferencing OFF on input line 4212.
Package hyperref Info: Implicit mode ON; LaTeX internals redefined.
Package hyperref Info: Bookmarks ON on input line 4445.
LaTeX Info: Redefining \href on input line 4715.
\c@Hy@tempcnt=\count285
LaTeX Info: Redefining \url on input line 4804.
\XeTeXLinkMargin=\dimen159

(/home/miquelmiravet/.miktex/texmfs/install/tex/generic/bitset/bitset.sty
Package: bitset 2019/12/09 v1.3 Handle bit-vector datatype (HO)

(/home/miquelmiravet/.miktex/texmfs/install/tex/generic/bigintcalc/bigintcalc.s
ty
Package: bigintcalc 2019/12/15 v1.5 Expandable calculations on big integers (HO
)
))
\Fld@menulength=\count286
\Field@Width=\dimen160
\Fld@charsize=\dimen161
Package hyperref Info: Hyper figures OFF on input line 6076.
Package hyperref Info: Link nesting OFF on input line 6081.
Package hyperref Info: Hyper index ON on input line 6084.
Package hyperref Info: backreferencing OFF on input line 6091.
Package hyperref Info: Link coloring ON on input line 6094.
Package hyperref Info: Link coloring with OCG OFF on input line 6101.
Package hyperref Info: PDF/A mode OFF on input line 6106.
LaTeX Info: Redefining \ref on input line 6146.
LaTeX Info: Redefining \pageref on input line 6150.

(/home/miquelmiravet/.miktex/texmfs/install/tex/latex/base/atbegshi-ltx.sty
Package: atbegshi-ltx 2020/08/17 v1.0a Emulation of the original atbegshi packa
ge
with kernel methods
)
\Hy@abspage=\count287
\c@Item=\count288
\c@Hfootnote=\count289
)
Package hyperref Info: Driver (autodetected): hpdftex.

(/home/miquelmiravet/.miktex/texmfs/install/tex/latex/hyperref/hpdftex.def
File: hpdftex.def 2021-06-07 v7.00m Hyperref driver for pdfTeX

(/home/miquelmiravet/.miktex/texmfs/install/tex/latex/base/atveryend-ltx.sty
Package: atveryend-ltx 2020/08/19 v1.0a Emulation of the original atvery packag
e
with kernel methods
)
\Fld@listcount=\count290
\c@bookmark@seq@number=\count291

(/home/miquelmiravet/.miktex/texmfs/install/tex/latex/rerunfilecheck/rerunfilec
heck.sty
Package: rerunfilecheck 2019/12/05 v1.9 Rerun checks for auxiliary files (HO)

(/home/miquelmiravet/.miktex/texmfs/install/tex/generic/uniquecounter/uniquecou
nter.sty
Package: uniquecounter 2019/12/15 v1.4 Provide unlimited unique counter (HO)
)
Package uniquecounter Info: New unique counter `rerunfilecheck' on input line 2
86.
)
\Hy@SectionHShift=\skip60
)
(/home/miquelmiravet/.miktex/texmfs/install/tex/latex/oberdiek/hypcap.sty
Package: hypcap 2016/05/16 v1.12 Adjusting the anchors of captions (HO)
)
(/home/miquelmiravet/.miktex/texmfs/install/tex/latex/enumitem/enumitem.sty
Package: enumitem 2019/06/20 v3.9 Customized lists
\labelindent=\skip61
\enit@outerparindent=\dimen162
\enit@toks=\toks35
\enit@inbox=\box70
\enit@count@id=\count292
\enitdp@description=\count293
)
(/home/miquelmiravet/.miktex/texmfs/install/tex/latex/braket/braket.sty)
(/home/miquelmiravet/.miktex/texmfs/install/tex/latex/booktabs/booktabs.sty
Package: booktabs 2020/01/12 v1.61803398 Publication quality tables
\heavyrulewidth=\dimen163
\lightrulewidth=\dimen164
\cmidrulewidth=\dimen165
\belowrulesep=\dimen166
\belowbottomsep=\dimen167
\aboverulesep=\dimen168
\abovetopsep=\dimen169
\cmidrulesep=\dimen170
\cmidrulekern=\dimen171
\defaultaddspace=\dimen172
\@cmidla=\count294
\@cmidlb=\count295
\@aboverulesep=\dimen173
\@belowrulesep=\dimen174
\@thisruleclass=\count296
\@lastruleclass=\count297
\@thisrulewidth=\dimen175
)
(/home/miquelmiravet/.miktex/texmfs/install/tex/latex/diagbox/diagbox.sty
Package: diagbox 2020/02/09 v2.3 Making table heads with diagonal lines

(/home/miquelmiravet/.miktex/texmfs/install/tex/latex/pict2e/pict2e.sty
Package: pict2e 2020/09/30 v0.4b Improved picture commands (HjG,RN,JT)

(/home/miquelmiravet/.miktex/texmfs/install/tex/latex/pict2e/pict2e.cfg
File: pict2e.cfg 2016/02/05 v0.1u pict2e configuration for teTeX/TeXLive
)
Package pict2e Info: Driver file: pdftex.def on input line 112.
Package pict2e Info: Driver file for pict2e: p2e-pdftex.def on input line 114.

(/home/miquelmiravet/.miktex/texmfs/install/tex/latex/pict2e/p2e-pdftex.def
File: p2e-pdftex.def 2016/02/05 v0.1u Driver-dependant file (RN,HjG,JT)
)
\pIIe@GRAPH=\toks36
\@arclen=\dimen176
\@arcrad=\dimen177
\pIIe@tempdima=\dimen178
\pIIe@tempdimb=\dimen179
\pIIe@tempdimc=\dimen180
\pIIe@tempdimd=\dimen181
\pIIe@tempdime=\dimen182
\pIIe@tempdimf=\dimen183
)
(/home/miquelmiravet/.miktex/texmfs/install/tex/latex/tools/calc.sty
Package: calc 2017/05/25 v4.3 Infix arithmetic (KKT,FJ)
\calc@Acount=\count298
\calc@Bcount=\count299
\calc@Adimen=\dimen184
\calc@Bdimen=\dimen185
\calc@Askip=\skip62
\calc@Bskip=\skip63
LaTeX Info: Redefining \setlength on input line 80.
LaTeX Info: Redefining \addtolength on input line 81.
\calc@Ccount=\count300
\calc@Cskip=\skip64
)
\diagbox@boxa=\box71
\diagbox@boxb=\box72
\diagbox@boxm=\box73
\diagbox@wd=\dimen186
\diagbox@ht=\dimen187
\diagbox@insepl=\dimen188
\diagbox@insepr=\dimen189
\diagbox@outsepl=\dimen190
\diagbox@outsepr=\dimen191
)
(/home/miquelmiravet/.miktex/texmfs/install/tex/latex/tools/hhline.sty
Package: hhline 2020/01/04 v2.04 Table rule package (DPC)
)
(/home/miquelmiravet/.miktex/texmfs/install/tex/latex/multirow/multirow.sty
Package: multirow 2021/03/15 v2.8 Span multiple rows of a table
\multirow@colwidth=\skip65
\multirow@cntb=\count301
\multirow@dima=\skip66
\bigstrutjot=\dimen192
)
Class revtex4-2 Info: colortbl package is loaded. (Proceeding with fingers cros
sed.) on input line 67.
Class revtex4-2 Info: cite was not loaded (OK!) on input line 67.
Class revtex4-2 Info: mcite was not loaded (OK!) on input line 67.
Class revtex4-2 Info: multicol was not loaded (OK!) on input line 67.

(/home/miquelmiravet/.miktex/texmfs/install/tex/latex/l3backend/l3backend-pdfte
x.def
File: l3backend-pdftex.def 2021-03-18 L3 backend support: PDF output (pdfTeX)
\l__color_backend_stack_int=\count302
\l__pdf_internal_box=\box74
)
No file classification_paper.aux.
\openout1 = `classification_paper.aux'.

LaTeX Font Info:    Checking defaults for OML/cmm/m/it on input line 67.
LaTeX Font Info:    ... okay on input line 67.
LaTeX Font Info:    Checking defaults for OMS/cmsy/m/n on input line 67.
LaTeX Font Info:    ... okay on input line 67.
LaTeX Font Info:    Checking defaults for OT1/cmr/m/n on input line 67.
LaTeX Font Info:    ... okay on input line 67.
LaTeX Font Info:    Checking defaults for T1/cmr/m/n on input line 67.
LaTeX Font Info:    ... okay on input line 67.
LaTeX Font Info:    Checking defaults for TS1/cmr/m/n on input line 67.
LaTeX Font Info:    ... okay on input line 67.
LaTeX Font Info:    Checking defaults for OMX/cmex/m/n on input line 67.
LaTeX Font Info:    ... okay on input line 67.
LaTeX Font Info:    Checking defaults for U/cmr/m/n on input line 67.
LaTeX Font Info:    ... okay on input line 67.
LaTeX Font Info:    Checking defaults for PD1/pdf/m/n on input line 67.
LaTeX Font Info:    ... okay on input line 67.
LaTeX Font Info:    Checking defaults for PU/pdf/m/n on input line 67.
LaTeX Font Info:    ... okay on input line 67.

(/home/miquelmiravet/.miktex/texmfs/install/tex/context/base/mkii/supp-pdf.mkii
[Loading MPS to PDF converter (version 2006.09.02).]
\scratchcounter=\count303
\scratchdimen=\dimen193
\scratchbox=\box75
\nofMPsegments=\count304
\nofMParguments=\count305
\everyMPshowfont=\toks37
\MPscratchCnt=\count306
\MPscratchDim=\dimen194
\MPnumerator=\count307
\makeMPintoPDFobject=\count308
\everyMPtoPDFconversion=\toks38
)
(/home/miquelmiravet/.miktex/texmfs/install/tex/latex/epstopdf-pkg/epstopdf-bas
e.sty
Package: epstopdf-base 2020-01-24 v2.11 Base part for package epstopdf
Package epstopdf-base Info: Redefining graphics rule for `.eps' on input line 4
85.

(/home/miquelmiravet/.miktex/texmfs/install/tex/latex/00miktex/epstopdf-sys.cfg
File: epstopdf-sys.cfg 2021/03/18 v2.0 Configuration of epstopdf for MiKTeX
))
LaTeX Info: Redefining \microtypecontext on input line 67.
Package microtype Info: Applying patch `item' on input line 67.
Package microtype Info: Applying patch `toc' on input line 67.
Package microtype Info: Applying patch `eqnum' on input line 67.
Package microtype Info: Applying patch `footnote' on input line 67.
Package microtype Info: Generating PDF output.
Package microtype Info: Character protrusion enabled (level 2).
Package microtype Info: Using default protrusion set `alltext'.
Package microtype Info: Automatic font expansion enabled (level 2),
(microtype)             stretch: 20, shrink: 20, step: 1, non-selected.
Package microtype Info: Using default expansion set `alltext-nott'.
LaTeX Info: Redefining \showhyphens on input line 67.
Package microtype Info: No adjustment of tracking.
Package microtype Info: No adjustment of interword spacing.
Package microtype Info: No adjustment of character kerning.
 (/home/miquelmiravet/.miktex/texmfs/install/tex/latex/microtype/mt-cmr.cfg
File: mt-cmr.cfg 2013/05/19 v2.2 microtype config. file: Computer Modern Roman 
(RS)
)
Package hyperref Info: Link coloring ON on input line 67.

(/home/miquelmiravet/.miktex/texmfs/install/tex/latex/hyperref/nameref.sty
Package: nameref 2021-04-02 v2.47 Cross-referencing by name of section

(/home/miquelmiravet/.miktex/texmfs/install/tex/latex/refcount/refcount.sty
Package: refcount 2019/12/15 v3.6 Data extraction from label references (HO)
)
(/home/miquelmiravet/.miktex/texmfs/install/tex/generic/gettitlestring/gettitle
string.sty
Package: gettitlestring 2019/12/15 v1.6 Cleanup title references (HO)
)
\c@section@level=\count309
)
LaTeX Info: Redefining \ref on input line 67.
LaTeX Info: Redefining \pageref on input line 67.
LaTeX Info: Redefining \nameref on input line 67.
\@outlinefile=\write4
\openout4 = `classification_paper.out'.

Class revtex4-2 Info: Taking \maketitle back from hyperref on input line 67.
\openout3 = `classification_paperNotes.bib'.

 (Classification_Abstract.tex)
LaTeX Font Info:    Trying to load font information for U+msa on input line 113
.

(/home/miquelmiravet/.miktex/texmfs/install/tex/latex/amsfonts/umsa.fd
File: umsa.fd 2013/01/14 v3.01 AMS symbols A
)
(/home/miquelmiravet/.miktex/texmfs/install/tex/latex/microtype/mt-msa.cfg
File: mt-msa.cfg 2006/02/04 v1.1 microtype config. file: AMS symbols (a) (RS)
)
LaTeX Font Info:    Trying to load font information for U+msb on input line 113
.

(/home/miquelmiravet/.miktex/texmfs/install/tex/latex/amsfonts/umsb.fd
File: umsb.fd 2013/01/14 v3.01 AMS symbols B
)
(/home/miquelmiravet/.miktex/texmfs/install/tex/latex/microtype/mt-msb.cfg
File: mt-msb.cfg 2005/06/01 v1.0 microtype config. file: AMS symbols (b) (RS)
)
LaTeX Font Info:    Trying to load font information for U+rsfs on input line 11
3.

(/home/miquelmiravet/.miktex/texmfs/install/tex/latex/jknappen/ursfs.fd
File: ursfs.fd 1998/03/24 rsfs font definition file (jk)
)
(Classification_Introduction.tex

Package natbib Warning: Citation `Chatterjee:2019avs' on page 1 undefined on in
put line 5.


Package natbib Warning: Citation `Sachdev:2020lfd' on page 1 undefined on input
 line 5.


Package natbib Warning: Citation `LIGOScientific:2017ync' on page 1 undefined o
n input line 8.

) (Classification_Data_Conditioning.tex
Underfull \hbox (badness 1917) in paragraph at lines 5--6
[]\T1/cmr/m/n/10 (+20) HasREM Focault remnant mass >0. Requires
 []

)
Underfull \hbox (badness 6236) in paragraph at lines 28--127
[]\T1/cmr/m/n/10 (+20) 135538 training samples. 58088 for testing.
 []

(Improving_Classification.tex) (KNN.tex
LaTeX Font Info:    Trying to load font information for T1+cmtt on input line 3
.

(/home/miquelmiravet/.miktex/texmfs/install/tex/latex/base/t1cmtt.fd
File: t1cmtt.fd 2019/12/16 v2.5j Standard LaTeX font definitions
)
Package microtype Info: Loading generic protrusion settings for font family
(microtype)             `cmtt' (encoding: T1).
(microtype)             For optimal results, create family-specific settings.
(microtype)             See the microtype manual for details.
 [1{/home/miquelmiravet/.miktex/texmfs/data/pdftex/config/pdftex.map}]) (RF.tex

Overfull \hbox (199.7075pt too wide) in paragraph at lines 30--51
 []$[]$ 
 []


Overfull \hbox (186.60788pt too wide) in paragraph at lines 60--82
 []$[]$ 
 []

) (KNN_Results.tex [2]

LaTeX Warning: A float is stuck (cannot be placed) on input line 11.


LaTeX Warning: A float is stuck (cannot be placed) on input line 11.


Class revtex4-2 Warning: Deferred float stuck during \clearpage processing.


LaTeX Warning: Reference `tab:KNN_CV' on page 3 undefined on input line 12.


LaTeX Warning: Reference `tab:KNN_CV' on page 3 undefined on input line 12.


LaTeX Warning: Reference `fig:KNN_confmat_SLY' on page 3 undefined on input lin
e 52.


LaTeX Warning: Reference `fig:KNN_paramsweep_NS_SLY' on page 3 undefined on inp
ut line 52.


LaTeX Warning: Reference `fig:KNN_paramsweep_REM_SLY' on page 3 undefined on in
put line 52.

<././//figs/KNN_confmat_SLy.png, id=57, 545.6385pt x 419.8887pt>
File: ././//figs/KNN_confmat_SLy.png Graphic file (type png)
<use ././//figs/KNN_confmat_SLy.png>
Package pdftex.def Info: ././//figs/KNN_confmat_SLy.png  used on input line 56.

(pdftex.def)             Requested size: 229.49844pt x 176.60832pt.
<././//figs/KNN_param_sweep_spin_NS_SLy.png, id=59, 729.2043pt x 875.1897pt>
File: ././//figs/KNN_param_sweep_spin_NS_SLy.png Graphic file (type png)
<use ././//figs/KNN_param_sweep_spin_NS_SLy.png>
Package pdftex.def Info: ././//figs/KNN_param_sweep_spin_NS_SLy.png  used on in
put line 62.
(pdftex.def)             Requested size: 229.49844pt x 275.44583pt.
<././//figs/KNN_param_sweep_spin_REM_SLy.png, id=60, 729.2043pt x 875.1897pt>
File: ././//figs/KNN_param_sweep_spin_REM_SLy.png Graphic file (type png)
<use ././//figs/KNN_param_sweep_spin_REM_SLy.png>
Package pdftex.def Info: ././//figs/KNN_param_sweep_spin_REM_SLy.png  used on i
nput line 68.
(pdftex.def)             Requested size: 229.49844pt x 275.44583pt.

LaTeX Warning: Reference `fig:KNN_hist_BHFBBB2' on page 3 undefined on input li
ne 72.


LaTeX Warning: Reference `fig:KNN_hist_SLY' on page 3 undefined on input line 7
2.


LaTeX Warning: Reference `fig:KNN_hist_MS1PP' on page 3 undefined on input line
 72.

<././//figs/KNN_BHF_BBB2_NShist.png, id=61, 398.2077pt x 336.0555pt>
File: ././//figs/KNN_BHF_BBB2_NShist.png Graphic file (type png)
<use ././//figs/KNN_BHF_BBB2_NShist.png>
Package pdftex.def Info: ././//figs/KNN_BHF_BBB2_NShist.png  used on input line
 76.
(pdftex.def)             Requested size: 229.49844pt x 193.67651pt.
<././//figs/KNN_BHF_BBB2_REMhist.png, id=62, 398.2077pt x 336.0555pt>
File: ././//figs/KNN_BHF_BBB2_REMhist.png Graphic file (type png)
<use ././//figs/KNN_BHF_BBB2_REMhist.png>
Package pdftex.def Info: ././//figs/KNN_BHF_BBB2_REMhist.png  used on input lin
e 77.
(pdftex.def)             Requested size: 229.49844pt x 193.67651pt.
<././//figs/KNN_SLy_NShist.png, id=63, 398.2077pt x 336.0555pt>
File: ././//figs/KNN_SLy_NShist.png Graphic file (type png)
<use ././//figs/KNN_SLy_NShist.png>
Package pdftex.def Info: ././//figs/KNN_SLy_NShist.png  used on input line 83.
(pdftex.def)             Requested size: 229.49844pt x 193.67651pt.
<././//figs/KNN_SLy_REMhist.png, id=64, 398.2077pt x 336.0555pt>
File: ././//figs/KNN_SLy_REMhist.png Graphic file (type png)
<use ././//figs/KNN_SLy_REMhist.png>
Package pdftex.def Info: ././//figs/KNN_SLy_REMhist.png  used on input line 84.

(pdftex.def)             Requested size: 229.49844pt x 193.67651pt.
<././//figs/KNN_MS1_PP_NShist.png, id=65, 398.2077pt x 336.0555pt>
File: ././//figs/KNN_MS1_PP_NShist.png Graphic file (type png)
<use ././//figs/KNN_MS1_PP_NShist.png>
Package pdftex.def Info: ././//figs/KNN_MS1_PP_NShist.png  used on input line 9
0.
(pdftex.def)             Requested size: 229.49844pt x 193.67651pt.
<././//figs/KNN_MS1_PP_REMhist.png, id=66, 398.2077pt x 336.0555pt>
File: ././//figs/KNN_MS1_PP_REMhist.png Graphic file (type png)
<use ././//figs/KNN_MS1_PP_REMhist.png>
Package pdftex.def Info: ././//figs/KNN_MS1_PP_REMhist.png  used on input line 
91.
(pdftex.def)             Requested size: 229.49844pt x 193.67651pt.

LaTeX Warning: Reference `fig:KNN_roc' on page 3 undefined on input line 95.

<././//figs/ROC_KNN_NS.png, id=67, 501.5538pt x 321.96284pt>
File: ././//figs/ROC_KNN_NS.png Graphic file (type png)
<use ././//figs/ROC_KNN_NS.png>
Package pdftex.def Info: ././//figs/ROC_KNN_NS.png  used on input line 99.
(pdftex.def)             Requested size: 229.49844pt x 147.32356pt.
<././//figs/ROC_KNN_REM.png, id=68, 496.85625pt x 321.96284pt>
File: ././//figs/ROC_KNN_REM.png Graphic file (type png)
<use ././//figs/ROC_KNN_REM.png>
Package pdftex.def Info: ././//figs/ROC_KNN_REM.png  used on input line 100.
(pdftex.def)             Requested size: 229.49844pt x 148.71388pt.
) (RF_Results.tex
<././//figs/BHF_BBB2_NShist.png, id=69, 404.35065pt x 338.2236pt>
File: ././//figs/BHF_BBB2_NShist.png Graphic file (type png)
<use ././//figs/BHF_BBB2_NShist.png>
Package pdftex.def Info: ././//figs/BHF_BBB2_NShist.png  used on input line 5.
(pdftex.def)             Requested size: 229.49844pt x 191.96887pt.
<././//figs/BHF_BBB2_REMhist.png, id=70, 404.35065pt x 338.2236pt>
File: ././//figs/BHF_BBB2_REMhist.png Graphic file (type png)
<use ././//figs/BHF_BBB2_REMhist.png>
Package pdftex.def Info: ././//figs/BHF_BBB2_REMhist.png  used on input line 6.

(pdftex.def)             Requested size: 229.49844pt x 191.96887pt.
 [3 <././//figs/KNN_confmat_SLy.png>]

LaTeX Warning: A float is stuck (cannot be placed) on input line 9.


LaTeX Warning: A float is stuck (cannot be placed) on input line 9.


Class revtex4-2 Warning: Deferred float stuck during \clearpage processing.

<././//figs/SLy_NShist.png, id=85, 404.35065pt x 338.58495pt>
File: ././//figs/SLy_NShist.png Graphic file (type png)
<use ././//figs/SLy_NShist.png>
Package pdftex.def Info: ././//figs/SLy_NShist.png  used on input line 12.
(pdftex.def)             Requested size: 229.49844pt x 192.17397pt.
<././//figs/SLy_REMhist.png, id=86, 404.35065pt x 338.58495pt>
File: ././//figs/SLy_REMhist.png Graphic file (type png)
<use ././//figs/SLy_REMhist.png>
Package pdftex.def Info: ././//figs/SLy_REMhist.png  used on input line 13.
(pdftex.def)             Requested size: 229.49844pt x 192.17397pt.
<././//figs/MS1_PP_NShist.png, id=87, 404.35065pt x 338.2236pt>
File: ././//figs/MS1_PP_NShist.png Graphic file (type png)
<use ././//figs/MS1_PP_NShist.png>
Package pdftex.def Info: ././//figs/MS1_PP_NShist.png  used on input line 19.
(pdftex.def)             Requested size: 229.49844pt x 191.96887pt.
<././//figs/MS1_PP_REMhist.png, id=88, 404.35065pt x 338.2236pt>
File: ././//figs/MS1_PP_REMhist.png Graphic file (type png)
<use ././//figs/MS1_PP_REMhist.png>
Package pdftex.def Info: ././//figs/MS1_PP_REMhist.png  used on input line 20.
(pdftex.def)             Requested size: 229.49844pt x 191.96887pt.
<././//figs/HasNS_roc.png, id=89, 516.0078pt x 328.1058pt>
File: ././//figs/HasNS_roc.png Graphic file (type png)
<use ././//figs/HasNS_roc.png>
Package pdftex.def Info: ././//figs/HasNS_roc.png  used on input line 26.
(pdftex.def)             Requested size: 229.49844pt x 145.92902pt.
<././//figs/HasREM_roc.png, id=90, 516.0078pt x 328.1058pt>
File: ././//figs/HasREM_roc.png Graphic file (type png)
<use ././//figs/HasREM_roc.png>
Package pdftex.def Info: ././//figs/HasREM_roc.png  used on input line 27.
(pdftex.def)             Requested size: 229.49844pt x 145.92902pt.
) (Classification_Results.tex) (Classification_Conclusions.tex)
(Classification_Acknowledgements.tex

Package natbib Warning: Citation `Chatterjee:2019avs' on page 4 undefined on in
put line 3.

[4 <././//figs/KNN_param_sweep_spin_NS_SLy.png> <././//figs/KNN_param_sweep_spi
n_REM_SLy.png> <././//figs/KNN_BHF_BBB2_NShist.png> <././//figs/KNN_BHF_BBB2_RE
Mhist.png>]

LaTeX Warning: A float is stuck (cannot be placed) on input line 11.


LaTeX Warning: A float is stuck (cannot be placed) on input line 11.


Class revtex4-2 Warning: Deferred float stuck during \clearpage processing.

[5 <././//figs/KNN_SLy_NShist.png> <././//figs/KNN_SLy_REMhist.png> <././//figs
/KNN_MS1_PP_NShist.png> <././//figs/KNN_MS1_PP_REMhist.png>]

LaTeX Warning: A float is stuck (cannot be placed) on input line 26.


LaTeX Warning: A float is stuck (cannot be placed) on input line 26.


Class revtex4-2 Warning: Deferred float stuck during \clearpage processing.


Package natbib Warning: Citation `Hunter:2007ouj' on page 6 undefined on input 
line 29.


Underfull \hbox (badness 1810) in paragraph at lines 29--30
[]\T1/cmr/m/n/10 (+20) All plots were made using the python package
 []

)
No file classification_paper.bbl.

Package natbib Warning: There were undefined citations.

[6 <././//figs/ROC_KNN_NS.png> <././//figs/ROC_KNN_REM.png>] [7 <././//figs/BHF
_BBB2_NShist.png> <././//figs/BHF_BBB2_REMhist.png>] [8 <././//figs/SLy_NShist.
png> <././//figs/SLy_REMhist.png>] [9 <././//figs/MS1_PP_NShist.png> <././//fig
s/MS1_PP_REMhist.png>] [10 <././//figs/HasNS_roc.png> <././//figs/HasREM_roc.pn
g>] (classification_paper.aux)

LaTeX Warning: There were undefined references.


LaTeX Warning: Label(s) may have changed. Rerun to get cross-references right.


Package rerunfilecheck Warning: File `classification_paper.out' has changed.
(rerunfilecheck)                Rerun to get outlines right
(rerunfilecheck)                or use package `bookmark'.

Package rerunfilecheck Info: Checksums for `classification_paper.out':
(rerunfilecheck)             Before: <no file>
(rerunfilecheck)             After:  7CACA8CE146A52EC5966AC10E5A3F18E;1675.
 ) 
Here is how much of TeX's memory you used:
 15407 strings out of 481257
 229129 string characters out of 2907743
 618664 words of memory out of 3000000
 32100 multiletter control sequences out of 15000+200000
 429661 words of font info for 163 fonts, out of 3000000 for 9000
 0 hyphenation exceptions out of 8191
 71i,10n,74p,1019b,415s stack positions out of 5000i,500n,10000p,200000b,50000s
{/home/miquelmiravet/.miktex/texmfs/install/fonts/enc/dvips/cm-super/cm-super
-t1.enc}</home/miquelmiravet/.miktex/texmfs/install/fonts/type1/public/amsfonts
/cm/cmmi10.pfb></home/miquelmiravet/.miktex/texmfs/install/fonts/type1/public/a
msfonts/cm/cmmi9.pfb></home/miquelmiravet/.miktex/texmfs/install/fonts/type1/pu
blic/amsfonts/cm/cmr10.pfb></home/miquelmiravet/.miktex/texmfs/install/fonts/ty
pe1/public/amsfonts/cm/cmr6.pfb></home/miquelmiravet/.miktex/texmfs/install/fon
ts/type1/public/amsfonts/cm/cmr7.pfb></home/miquelmiravet/.miktex/texmfs/instal
l/fonts/type1/public/amsfonts/cm/cmr9.pfb></home/miquelmiravet/.miktex/texmfs/i
nstall/fonts/type1/public/amsfonts/cm/cmsy10.pfb></home/miquelmiravet/.miktex/t
exmfs/install/fonts/type1/public/amsfonts/cm/cmsy6.pfb></home/miquelmiravet/.mi
ktex/texmfs/install/fonts/type1/public/amsfonts/cm/cmsy7.pfb></home/miquelmirav
et/.miktex/texmfs/install/fonts/type1/public/cm-super/sfbx0900.pfb></home/mique
lmiravet/.miktex/texmfs/install/fonts/type1/public/cm-super/sfbx1000.pfb></home
/miquelmiravet/.miktex/texmfs/install/fonts/type1/public/cm-super/sfbx1200.pfb>
</home/miquelmiravet/.miktex/texmfs/install/fonts/type1/public/cm-super/sfrm060
0.pfb></home/miquelmiravet/.miktex/texmfs/install/fonts/type1/public/cm-super/s
frm0700.pfb></home/miquelmiravet/.miktex/texmfs/install/fonts/type1/public/cm-s
uper/sfrm0800.pfb></home/miquelmiravet/.miktex/texmfs/install/fonts/type1/publi
c/cm-super/sfrm0900.pfb></home/miquelmiravet/.miktex/texmfs/install/fonts/type1
/public/cm-super/sfrm1000.pfb></home/miquelmiravet/.miktex/texmfs/install/fonts
/type1/public/cm-super/sfti0900.pfb></home/miquelmiravet/.miktex/texmfs/install
/fonts/type1/public/cm-super/sfti1000.pfb></home/miquelmiravet/.miktex/texmfs/i
nstall/fonts/type1/public/cm-super/sftt1000.pfb>
Output written on classification_paper.pdf (10 pages, 1628480 bytes).
PDF statistics:
 229 PDF objects out of 1000 (max. 8388607)
 47 named destinations out of 1000 (max. 500000)
 47712 words of extra memory for PDF output out of 51595 (max. 10000000)

